Log file open, 07/12/20 14:46:15
LogInit: Display: Running engine for game: OutOfControl
LogPlatformFile: Not using cached read wrapper
LogTaskGraph: Started task graph with 5 named threads and 14 total threads with 3 sets of task threads.
LogStats: Stats thread started at 2.183590
LogD3D11RHI: Loaded GFSDK_Aftermath_Lib.x64.dll
LogICUInternationalization: ICU TimeZone Detection - Raw Offset: +2:00, Platform Override: ''
LogPluginManager: Mounting plugin Paper2D
LogPluginManager: Mounting plugin AISupport
LogPluginManager: Mounting plugin LightPropagationVolume
LogPluginManager: Mounting plugin CameraShakePreviewer
LogPluginManager: Mounting plugin ActorLayerUtilities
LogPluginManager: Mounting plugin AnimationSharing
LogPluginManager: Mounting plugin CLionSourceCodeAccess
LogPluginManager: Mounting plugin CodeLiteSourceCodeAccess
LogPluginManager: Mounting plugin GitSourceControl
LogPluginManager: Mounting plugin KDevelopSourceCodeAccess
LogPluginManager: Mounting plugin NullSourceCodeAccess
LogPluginManager: Mounting plugin PerforceSourceControl
LogPluginManager: Mounting plugin PlasticSourceControl
LogPluginManager: Mounting plugin RiderSourceCodeAccess
LogPluginManager: Mounting plugin SubversionSourceControl
LogPluginManager: Mounting plugin UObjectPlugin
LogPluginManager: Mounting plugin VisualStudioCodeSourceCodeAccess
LogPluginManager: Mounting plugin VisualStudioSourceCodeAccess
LogPluginManager: Mounting plugin XCodeSourceCodeAccess
LogPluginManager: Mounting plugin AssetManagerEditor
LogPluginManager: Mounting plugin CryptoKeys
LogPluginManager: Mounting plugin CurveEditorTools
LogPluginManager: Mounting plugin DataValidation
LogPluginManager: Mounting plugin EditorScriptingUtilities
LogPluginManager: Mounting plugin FacialAnimation
LogPluginManager: Mounting plugin GameplayTagsEditor
LogPluginManager: Mounting plugin GeometryMode
LogPluginManager: Mounting plugin MacGraphicsSwitching
LogPluginManager: Mounting plugin MaterialAnalyzer
LogPluginManager: Mounting plugin MobileLauncherProfileWizard
LogPluginManager: Mounting plugin PluginBrowser
LogPluginManager: Mounting plugin SpeedTreeImporter
LogPluginManager: Mounting plugin DatasmithContent
LogPluginManager: Mounting plugin VariantManagerContent
LogPluginManager: Mounting plugin AlembicImporter
LogPluginManager: Mounting plugin AutomationUtils
LogPluginManager: Mounting plugin BackChannel
LogPluginManager: Mounting plugin ChaosCloth
LogPluginManager: Mounting plugin ChaosClothEditor
LogPluginManager: Mounting plugin ChaosEditor
LogPluginManager: Mounting plugin ChaosNiagara
LogPluginManager: Mounting plugin ChaosSolverPlugin
LogPluginManager: Mounting plugin CharacterAI
LogPluginManager: Mounting plugin GeometryCache
LogPluginManager: Mounting plugin GeometryCollectionPlugin
LogPluginManager: Mounting plugin GeometryProcessing
LogPluginManager: Mounting plugin PlanarCut
LogPluginManager: Mounting plugin PlatformCrypto
LogPluginManager: Mounting plugin ProxyLODPlugin
LogPluginManager: Mounting plugin SkeletalReduction
LogPluginManager: Mounting plugin Niagara
LogPluginManager: Mounting plugin MagicLeap
LogPluginManager: Mounting plugin MagicLeapLightEstimation
LogPluginManager: Mounting plugin MagicLeapMedia
LogPluginManager: Mounting plugin MagicLeapPassableWorld
LogPluginManager: Mounting plugin MLSDK
LogPluginManager: Mounting plugin AndroidMedia
LogPluginManager: Mounting plugin AvfMedia
LogPluginManager: Mounting plugin ImgMedia
LogPluginManager: Mounting plugin MediaCompositing
LogPluginManager: Mounting plugin MediaPlayerEditor
LogPluginManager: Mounting plugin WebMMedia
LogPluginManager: Mounting plugin WmfMedia
LogPluginManager: Mounting plugin MeshPainting
LogPluginManager: Mounting plugin TcpMessaging
LogPluginManager: Mounting plugin UdpMessaging
LogPluginManager: Mounting plugin ActorSequence
LogPluginManager: Mounting plugin LevelSequenceEditor
LogPluginManager: Mounting plugin MatineeToLevelSequence
LogPluginManager: Mounting plugin MovieRenderPipeline
LogPluginManager: Mounting plugin TemplateSequence
LogPluginManager: Mounting plugin NetcodeUnitTest
LogPluginManager: Mounting plugin NUTUnrealEngine4
LogPluginManager: Mounting plugin OnlineSubsystemGooglePlay
LogPluginManager: Mounting plugin OnlineSubsystemIOS
LogPluginManager: Mounting plugin OnlineSubsystem
LogPluginManager: Mounting plugin OnlineSubsystemNull
LogPluginManager: Mounting plugin OnlineSubsystemUtils
LogPluginManager: Mounting plugin LauncherChunkInstaller
LogPluginManager: Mounting plugin AndroidDeviceProfileSelector
LogPluginManager: Mounting plugin AndroidMoviePlayer
LogPluginManager: Mounting plugin AndroidPermission
LogPluginManager: Mounting plugin AppleImageUtils
LogPluginManager: Mounting plugin AppleMoviePlayer
LogPluginManager: Mounting plugin ArchVisCharacter
LogPluginManager: Mounting plugin AssetTags
LogPluginManager: Mounting plugin AudioCapture
LogPluginManager: Mounting plugin CableComponent
LogPluginManager: Mounting plugin CustomMeshComponent
LogPluginManager: Mounting plugin EditableMesh
LogPluginManager: Mounting plugin ExampleDeviceProfileSelector
LogPluginManager: Mounting plugin GoogleCloudMessaging
LogPluginManager: Mounting plugin GooglePAD
LogPluginManager: Mounting plugin IOSDeviceProfileSelector
LogPluginManager: Mounting plugin LinuxDeviceProfileSelector
LogPluginManager: Mounting plugin LocationServicesBPLibrary
LogPluginManager: Mounting plugin MobilePatchingUtils
LogPluginManager: Mounting plugin OculusVR
LogPluginManager: Mounting plugin PhysXVehicles
LogPluginManager: Mounting plugin PostSplashScreen
LogPluginManager: Mounting plugin ProceduralMeshComponent
LogPluginManager: Mounting plugin RuntimePhysXCooking
LogPluginManager: Mounting plugin SignificanceManager
LogPluginManager: Mounting plugin SoundFields
LogPluginManager: Mounting plugin SteamVR
LogPluginManager: Mounting plugin Synthesis
LogPluginManager: Mounting plugin WebMMoviePlayer
LogPluginManager: Mounting plugin WindowsMoviePlayer
LogPluginManager: Mounting plugin ScreenshotTools
LogInit: Using libcurl 7.55.1-DEV
LogInit:  - built for x86_64-pc-win32
LogInit:  - supports SSL with OpenSSL/1.1.1
LogInit:  - supports HTTP deflate (compression) using libz 1.2.8
LogInit:  - other features:
LogInit:      CURL_VERSION_SSL
LogInit:      CURL_VERSION_LIBZ
LogInit:      CURL_VERSION_IPV6
LogInit:      CURL_VERSION_ASYNCHDNS
LogInit:      CURL_VERSION_LARGEFILE
LogInit:      CURL_VERSION_IDN
LogInit:  CurlRequestOptions (configurable via config and command line):
LogInit:  - bVerifyPeer = true  - Libcurl will verify peer certificate
LogInit:  - bUseHttpProxy = false  - Libcurl will NOT use HTTP proxy
LogInit:  - bDontReuseConnections = false  - Libcurl will reuse connections
LogInit:  - MaxHostConnections = 16  - Libcurl will limit the number of connections to a host
LogInit:  - LocalHostAddr = Default
LogInit:  - BufferSize = 65536
LogOnline: OSS: Creating online subsystem instance for: NULL
LogInit: WinSock: version 1.1 (2.2), MaxSocks=32767, MaxUdp=65467
LogOnline: OSS: TryLoadSubsystemAndSetDefault: Loaded subsystem for module [NULL]
LogInit: Build: ++UE4+Release-4.25-CL-13594126
LogInit: Engine Version: 4.25.1-13594126+++UE4+Release-4.25
LogInit: Compatible Engine Version: 4.25.0-13144385+++UE4+Release-4.25
LogInit: Net CL: 13144385
LogInit: OS: Windows 10 (Release 1909) (), CPU: Intel(R) Core(TM) i5-7600K CPU @ 3.80GHz, GPU: NVIDIA GeForce GTX 1050 Ti
LogInit: Compiled (64-bit): Jun  2 2020 02:10:36
LogInit: Compiled with Visual C++: 19.24.28315.00
LogInit: Build Configuration: Development
LogInit: Branch Name: ++UE4+Release-4.25
LogInit: Command Line:  /Game/Maps/Level_04 -game -PIEVIACONSOLE -Multiprocess GameUserSettingsINI=C:/Users/juana/Documents/GitHub/hello/hello/pokemon-fan/pokemon-fan/outacontrolv1/OutOfControl/Saved/Config/Windows/PIEGameUserSettings0.ini -MultiprocessSaveConfig -MultiprocessOSS -messaging -SessionName="Play in Standalone Game" -windowed -ResX=1280 -ResY=720
LogInit: Base Directory: C:/Program Files/Epic Games/UE_4.25/Engine/Binaries/Win64/
LogInit: Allocator: TBB
LogInit: Installed Engine Build: 1
LogDevObjectVersion: Number of dev versions registered: 26
LogDevObjectVersion:   Dev-Blueprints (B0D832E4-1F89-4F0D-ACCF-7EB736FD4AA2): 10
LogDevObjectVersion:   Dev-Build (E1C64328-A22C-4D53-A36C-8E866417BD8C): 0
LogDevObjectVersion:   Dev-Core (375EC13C-06E4-48FB-B500-84F0262A717E): 4
LogDevObjectVersion:   Dev-Editor (E4B068ED-F494-42E9-A231-DA0B2E46BB41): 38
LogDevObjectVersion:   Dev-Framework (CFFC743F-43B0-4480-9391-14DF171D2073): 37
LogDevObjectVersion:   Dev-Mobile (B02B49B5-BB20-44E9-A304-32B752E40360): 2
LogDevObjectVersion:   Dev-Networking (A4E4105C-59A1-49B5-A7C5-40C4547EDFEE): 0
LogDevObjectVersion:   Dev-Online (39C831C9-5AE6-47DC-9A44-9C173E1C8E7C): 0
LogDevObjectVersion:   Dev-Physics (78F01B33-EBEA-4F98-B9B4-84EACCB95AA2): 4
LogDevObjectVersion:   Dev-Platform (6631380F-2D4D-43E0-8009-CF276956A95A): 0
LogDevObjectVersion:   Dev-Rendering (12F88B9F-8875-4AFC-A67C-D90C383ABD29): 43
LogDevObjectVersion:   Dev-Sequencer (7B5AE74C-D270-4C10-A958-57980B212A5A): 12
LogDevObjectVersion:   Dev-VR (D7296918-1DD6-4BDD-9DE2-64A83CC13884): 3
LogDevObjectVersion:   Dev-LoadTimes (C2A15278-BFE7-4AFE-6C17-90FF531DF755): 1
LogDevObjectVersion:   Private-Geometry (6EACA3D4-40EC-4CC1-B786-8BED09428FC5): 3
LogDevObjectVersion:   Dev-AnimPhys (29E575DD-E0A3-4627-9D10-D276232CDCEA): 17
LogDevObjectVersion:   Dev-Anim (AF43A65D-7FD3-4947-9873-3E8ED9C1BB05): 7
LogDevObjectVersion:   Dev-ReflectionCapture (6B266CEC-1EC7-4B8F-A30B-E4D90942FC07): 1
LogDevObjectVersion:   Dev-Automation (0DF73D61-A23F-47EA-B727-89E90C41499A): 1
LogDevObjectVersion:   FortniteMain (601D1886-AC64-4F84-AA16-D3DE0DEAC7D6): 31
LogDevObjectVersion:   Dev-Enterprise (9DFFBCD6-494F-0158-E221-12823C92A888): 10
LogDevObjectVersion:   Dev-Niagara (F2AED0AC-9AFE-416F-8664-AA7FFA26D6FC): 1
LogDevObjectVersion:   Dev-Destruction (174F1F0B-B4C6-45A5-B13F-2EE8D0FB917D): 10
LogDevObjectVersion:   Dev-Physics-Ext (35F94A83-E258-406C-A318-09F59610247C): 37
LogDevObjectVersion:   Dev-PhysicsMaterial-Chaos (B68FC16E-8B1B-42E2-B453-215C058844FE): 1
LogDevObjectVersion:   Dev-CineCamera (B2E18506-4273-CFC2-A54E-F4BB758BBA07): 1
LogInit: Presizing for max 25165824 objects, including 0 objects not considered by GC, pre-allocating 0 bytes for permanent pool.
LogConfig: Applying CVar settings from Section [/Script/Engine.StreamingSettings] File [C:/Users/juana/Documents/GitHub/hello/hello/pokemon-fan/pokemon-fan/outacontrolv1/OutOfControl/Saved/Config/Windows/Engine.ini]
LogConfig: Setting CVar [[s.MinBulkDataSizeForAsyncLoading:131072]]
LogConfig: Setting CVar [[s.AsyncLoadingThreadEnabled:0]]
LogConfig: Setting CVar [[s.EventDrivenLoaderEnabled:1]]
LogConfig: Setting CVar [[s.WarnIfTimeLimitExceeded:0]]
LogConfig: Setting CVar [[s.TimeLimitExceededMultiplier:1.5]]
LogConfig: Setting CVar [[s.TimeLimitExceededMinTime:0.005]]
LogConfig: Setting CVar [[s.UseBackgroundLevelStreaming:1]]
LogConfig: Setting CVar [[s.PriorityAsyncLoadingExtraTime:15.0]]
LogConfig: Setting CVar [[s.LevelStreamingActorsUpdateTimeLimit:5.0]]
LogConfig: Setting CVar [[s.PriorityLevelStreamingActorsUpdateExtraTime:5.0]]
LogConfig: Setting CVar [[s.LevelStreamingComponentsRegistrationGranularity:10]]
LogConfig: Setting CVar [[s.UnregisterComponentsTimeLimit:1.0]]
LogConfig: Setting CVar [[s.LevelStreamingComponentsUnregistrationGranularity:5]]
LogConfig: Setting CVar [[s.FlushStreamingOnExit:1]]
LogInit: Object subsystem initialized
LogConfig: Setting CVar [[con.DebugEarlyDefault:1]]
LogConfig: Setting CVar [[r.setres:1280x720]]
[2020.07.12-12.46.15:965][  0]LogConfig: Setting CVar [[con.DebugEarlyDefault:1]]
[2020.07.12-12.46.15:965][  0]LogConfig: Setting CVar [[r.setres:1280x720]]
[2020.07.12-12.46.15:965][  0]LogConfig: Applying CVar settings from Section [/Script/Engine.RendererSettings] File [C:/Users/juana/Documents/GitHub/hello/hello/pokemon-fan/pokemon-fan/outacontrolv1/OutOfControl/Saved/Config/Windows/Engine.ini]
[2020.07.12-12.46.15:965][  0]LogConfig: Setting CVar [[r.GPUCrashDebugging:0]]
[2020.07.12-12.46.15:965][  0]LogConfig: Applying CVar settings from Section [/Script/Engine.RendererOverrideSettings] File [C:/Users/juana/Documents/GitHub/hello/hello/pokemon-fan/pokemon-fan/outacontrolv1/OutOfControl/Saved/Config/Windows/Engine.ini]
[2020.07.12-12.46.15:967][  0]LogConfig: Applying CVar settings from Section [/Script/Engine.StreamingSettings] File [C:/Users/juana/Documents/GitHub/hello/hello/pokemon-fan/pokemon-fan/outacontrolv1/OutOfControl/Saved/Config/Windows/Engine.ini]
[2020.07.12-12.46.15:967][  0]LogConfig: Setting CVar [[s.MinBulkDataSizeForAsyncLoading:131072]]
[2020.07.12-12.46.15:967][  0]LogConfig: Setting CVar [[s.AsyncLoadingThreadEnabled:0]]
[2020.07.12-12.46.15:967][  0]LogConfig: Setting CVar [[s.EventDrivenLoaderEnabled:1]]
[2020.07.12-12.46.15:967][  0]LogConfig: Setting CVar [[s.WarnIfTimeLimitExceeded:0]]
[2020.07.12-12.46.15:967][  0]LogConfig: Setting CVar [[s.TimeLimitExceededMultiplier:1.5]]
[2020.07.12-12.46.15:967][  0]LogConfig: Setting CVar [[s.TimeLimitExceededMinTime:0.005]]
[2020.07.12-12.46.15:967][  0]LogConfig: Setting CVar [[s.UseBackgroundLevelStreaming:1]]
[2020.07.12-12.46.15:967][  0]LogConfig: Setting CVar [[s.PriorityAsyncLoadingExtraTime:15.0]]
[2020.07.12-12.46.15:967][  0]LogConfig: Setting CVar [[s.LevelStreamingActorsUpdateTimeLimit:5.0]]
[2020.07.12-12.46.15:967][  0]LogConfig: Setting CVar [[s.PriorityLevelStreamingActorsUpdateExtraTime:5.0]]
[2020.07.12-12.46.15:967][  0]LogConfig: Setting CVar [[s.LevelStreamingComponentsRegistrationGranularity:10]]
[2020.07.12-12.46.15:967][  0]LogConfig: Setting CVar [[s.UnregisterComponentsTimeLimit:1.0]]
[2020.07.12-12.46.15:967][  0]LogConfig: Setting CVar [[s.LevelStreamingComponentsUnregistrationGranularity:5]]
[2020.07.12-12.46.15:967][  0]LogConfig: Setting CVar [[s.FlushStreamingOnExit:1]]
[2020.07.12-12.46.15:967][  0]LogConfig: Applying CVar settings from Section [/Script/Engine.GarbageCollectionSettings] File [C:/Users/juana/Documents/GitHub/hello/hello/pokemon-fan/pokemon-fan/outacontrolv1/OutOfControl/Saved/Config/Windows/Engine.ini]
[2020.07.12-12.46.15:967][  0]LogConfig: Setting CVar [[gc.MaxObjectsNotConsideredByGC:1]]
[2020.07.12-12.46.15:967][  0]LogConfig: Setting CVar [[gc.SizeOfPermanentObjectPool:0]]
[2020.07.12-12.46.15:967][  0]LogConfig: Setting CVar [[gc.FlushStreamingOnGC:0]]
[2020.07.12-12.46.15:967][  0]LogConfig: Setting CVar [[gc.NumRetriesBeforeForcingGC:10]]
[2020.07.12-12.46.15:967][  0]LogConfig: Setting CVar [[gc.AllowParallelGC:1]]
[2020.07.12-12.46.15:967][  0]LogConfig: Setting CVar [[gc.TimeBetweenPurgingPendingKillObjects:61.1]]
[2020.07.12-12.46.15:967][  0]LogConfig: Setting CVar [[gc.MaxObjectsInEditor:25165824]]
[2020.07.12-12.46.15:967][  0]LogConfig: Setting CVar [[gc.IncrementalBeginDestroyEnabled:1]]
[2020.07.12-12.46.15:967][  0]LogConfig: Setting CVar [[gc.CreateGCClusters:1]]
[2020.07.12-12.46.15:967][  0]LogConfig: Setting CVar [[gc.MinGCClusterSize:5]]
[2020.07.12-12.46.15:967][  0]LogConfig: Setting CVar [[gc.ActorClusteringEnabled:0]]
[2020.07.12-12.46.15:967][  0]LogConfig: Setting CVar [[gc.BlueprintClusteringEnabled:0]]
[2020.07.12-12.46.15:967][  0]LogConfig: Setting CVar [[gc.UseDisregardForGCOnDedicatedServers:0]]
[2020.07.12-12.46.15:967][  0]LogConfig: Applying CVar settings from Section [/Script/Engine.NetworkSettings] File [C:/Users/juana/Documents/GitHub/hello/hello/pokemon-fan/pokemon-fan/outacontrolv1/OutOfControl/Saved/Config/Windows/Engine.ini]
[2020.07.12-12.46.15:967][  0]LogConfig: Applying CVar settings from Section [/Script/UnrealEd.CookerSettings] File [C:/Users/juana/Documents/GitHub/hello/hello/pokemon-fan/pokemon-fan/outacontrolv1/OutOfControl/Saved/Config/Windows/Engine.ini]
[2020.07.12-12.46.15:968][  0]LogConfig: Applying CVar settings from Section [ViewDistanceQuality@3] File [C:/Users/juana/Documents/GitHub/hello/hello/pokemon-fan/pokemon-fan/outacontrolv1/OutOfControl/Saved/Config/Windows/Scalability.ini]
[2020.07.12-12.46.15:968][  0]LogConfig: Setting CVar [[r.SkeletalMeshLODBias:0]]
[2020.07.12-12.46.15:968][  0]LogConfig: Setting CVar [[r.ViewDistanceScale:1.0]]
[2020.07.12-12.46.15:969][  0]LogConfig: Applying CVar settings from Section [AntiAliasingQuality@3] File [C:/Users/juana/Documents/GitHub/hello/hello/pokemon-fan/pokemon-fan/outacontrolv1/OutOfControl/Saved/Config/Windows/Scalability.ini]
[2020.07.12-12.46.15:969][  0]LogConfig: Setting CVar [[r.PostProcessAAQuality:4]]
[2020.07.12-12.46.15:969][  0]LogConfig: Applying CVar settings from Section [ShadowQuality@3] File [C:/Users/juana/Documents/GitHub/hello/hello/pokemon-fan/pokemon-fan/outacontrolv1/OutOfControl/Saved/Config/Windows/Scalability.ini]
[2020.07.12-12.46.15:969][  0]LogConfig: Setting CVar [[r.LightFunctionQuality:1]]
[2020.07.12-12.46.15:969][  0]LogConfig: Setting CVar [[r.ShadowQuality:5]]
[2020.07.12-12.46.15:969][  0]LogConfig: Setting CVar [[r.Shadow.CSM.MaxCascades:10]]
[2020.07.12-12.46.15:969][  0]LogConfig: Setting CVar [[r.Shadow.MaxResolution:2048]]
[2020.07.12-12.46.15:969][  0]LogConfig: Setting CVar [[r.Shadow.MaxCSMResolution:2048]]
[2020.07.12-12.46.15:969][  0]LogConfig: Setting CVar [[r.Shadow.RadiusThreshold:0.01]]
[2020.07.12-12.46.15:969][  0]LogConfig: Setting CVar [[r.Shadow.DistanceScale:1.0]]
[2020.07.12-12.46.15:969][  0]LogConfig: Setting CVar [[r.Shadow.CSM.TransitionScale:1.0]]
[2020.07.12-12.46.15:969][  0]LogConfig: Setting CVar [[r.Shadow.PreShadowResolutionFactor:1.0]]
[2020.07.12-12.46.15:969][  0]LogConfig: Setting CVar [[r.DistanceFieldShadowing:1]]
[2020.07.12-12.46.15:969][  0]LogConfig: Setting CVar [[r.DistanceFieldAO:1]]
[2020.07.12-12.46.15:969][  0]LogConfig: Setting CVar [[r.AOQuality:2]]
[2020.07.12-12.46.15:969][  0]LogConfig: Setting CVar [[r.VolumetricFog:1]]
[2020.07.12-12.46.15:969][  0]LogConfig: Setting CVar [[r.VolumetricFog.GridPixelSize:8]]
[2020.07.12-12.46.15:969][  0]LogConfig: Setting CVar [[r.VolumetricFog.GridSizeZ:128]]
[2020.07.12-12.46.15:969][  0]LogConfig: Setting CVar [[r.VolumetricFog.HistoryMissSupersampleCount:4]]
[2020.07.12-12.46.15:969][  0]LogConfig: Setting CVar [[r.LightMaxDrawDistanceScale:1]]
[2020.07.12-12.46.15:969][  0]LogConfig: Setting CVar [[r.CapsuleShadows:1]]
[2020.07.12-12.46.15:969][  0]LogConfig: Applying CVar settings from Section [PostProcessQuality@3] File [C:/Users/juana/Documents/GitHub/hello/hello/pokemon-fan/pokemon-fan/outacontrolv1/OutOfControl/Saved/Config/Windows/Scalability.ini]
[2020.07.12-12.46.15:969][  0]LogConfig: Setting CVar [[r.MotionBlurQuality:4]]
[2020.07.12-12.46.15:969][  0]LogConfig: Setting CVar [[r.AmbientOcclusionMipLevelFactor:0.4]]
[2020.07.12-12.46.15:969][  0]LogConfig: Setting CVar [[r.AmbientOcclusionMaxQuality:100]]
[2020.07.12-12.46.15:969][  0]LogConfig: Setting CVar [[r.AmbientOcclusionLevels:-1]]
[2020.07.12-12.46.15:969][  0]LogConfig: Setting CVar [[r.AmbientOcclusionRadiusScale:1.0]]
[2020.07.12-12.46.15:969][  0]LogConfig: Setting CVar [[r.DepthOfFieldQuality:2]]
[2020.07.12-12.46.15:969][  0]LogConfig: Setting CVar [[r.RenderTargetPoolMin:400]]
[2020.07.12-12.46.15:969][  0]LogConfig: Setting CVar [[r.LensFlareQuality:2]]
[2020.07.12-12.46.15:969][  0]LogConfig: Setting CVar [[r.SceneColorFringeQuality:1]]
[2020.07.12-12.46.15:969][  0]LogConfig: Setting CVar [[r.EyeAdaptationQuality:2]]
[2020.07.12-12.46.15:969][  0]LogConfig: Setting CVar [[r.BloomQuality:5]]
[2020.07.12-12.46.15:969][  0]LogConfig: Setting CVar [[r.FastBlurThreshold:100]]
[2020.07.12-12.46.15:969][  0]LogConfig: Setting CVar [[r.Upscale.Quality:3]]
[2020.07.12-12.46.15:969][  0]LogConfig: Setting CVar [[r.Tonemapper.GrainQuantization:1]]
[2020.07.12-12.46.15:969][  0]LogConfig: Setting CVar [[r.LightShaftQuality:1]]
[2020.07.12-12.46.15:969][  0]LogConfig: Setting CVar [[r.Filter.SizeScale:1]]
[2020.07.12-12.46.15:969][  0]LogConfig: Setting CVar [[r.Tonemapper.Quality:5]]
[2020.07.12-12.46.15:969][  0]LogConfig: Setting CVar [[r.DOF.Gather.AccumulatorQuality:1        ; higher gathering accumulator quality]]
[2020.07.12-12.46.15:969][  0]LogConfig: Setting CVar [[r.DOF.Gather.PostfilterMethod:1          ; Median3x3 postfilering method]]
[2020.07.12-12.46.15:969][  0]LogConfig: Setting CVar [[r.DOF.Gather.EnableBokehSettings:0       ; no bokeh simulation when gathering]]
[2020.07.12-12.46.15:969][  0]LogConfig: Setting CVar [[r.DOF.Gather.RingCount:4                 ; medium number of samples when gathering]]
[2020.07.12-12.46.15:969][  0]LogConfig: Setting CVar [[r.DOF.Scatter.ForegroundCompositing:1    ; additive foreground scattering]]
[2020.07.12-12.46.15:969][  0]LogConfig: Setting CVar [[r.DOF.Scatter.BackgroundCompositing:2    ; additive background scattering]]
[2020.07.12-12.46.15:969][  0]LogConfig: Setting CVar [[r.DOF.Scatter.EnableBokehSettings:1      ; bokeh simulation when scattering]]
[2020.07.12-12.46.15:969][  0]LogConfig: Setting CVar [[r.DOF.Scatter.MaxSpriteRatio:0.1         ; only a maximum of 10% of scattered bokeh]]
[2020.07.12-12.46.15:969][  0]LogConfig: Setting CVar [[r.DOF.Recombine.Quality:1                ; cheap slight out of focus]]
[2020.07.12-12.46.15:969][  0]LogConfig: Setting CVar [[r.DOF.Recombine.EnableBokehSettings:0    ; no bokeh simulation on slight out of focus]]
[2020.07.12-12.46.15:969][  0]LogConfig: Setting CVar [[r.DOF.TemporalAAQuality:1                ; more stable temporal accumulation]]
[2020.07.12-12.46.15:969][  0]LogConfig: Setting CVar [[r.DOF.Kernel.MaxForegroundRadius:0.025]]
[2020.07.12-12.46.15:969][  0]LogConfig: Setting CVar [[r.DOF.Kernel.MaxBackgroundRadius:0.025]]
[2020.07.12-12.46.15:969][  0]LogConfig: Applying CVar settings from Section [TextureQuality@3] File [C:/Users/juana/Documents/GitHub/hello/hello/pokemon-fan/pokemon-fan/outacontrolv1/OutOfControl/Saved/Config/Windows/Scalability.ini]
[2020.07.12-12.46.15:969][  0]LogConfig: Setting CVar [[r.Streaming.MipBias:0]]
[2020.07.12-12.46.15:969][  0]LogConfig: Setting CVar [[r.Streaming.AmortizeCPUToGPUCopy:0]]
[2020.07.12-12.46.15:969][  0]LogConfig: Setting CVar [[r.Streaming.MaxNumTexturesToStreamPerFrame:0]]
[2020.07.12-12.46.15:969][  0]LogConfig: Setting CVar [[r.Streaming.Boost:1]]
[2020.07.12-12.46.15:969][  0]LogConfig: Setting CVar [[r.MaxAnisotropy:8]]
[2020.07.12-12.46.15:969][  0]LogConfig: Setting CVar [[r.VT.MaxAnisotropy:8]]
[2020.07.12-12.46.15:969][  0]LogConfig: Setting CVar [[r.Streaming.LimitPoolSizeToVRAM:0]]
[2020.07.12-12.46.15:969][  0]LogConfig: Setting CVar [[r.Streaming.PoolSize:1000]]
[2020.07.12-12.46.15:969][  0]LogConfig: Setting CVar [[r.Streaming.MaxEffectiveScreenSize:0]]
[2020.07.12-12.46.15:969][  0]LogConfig: Applying CVar settings from Section [EffectsQuality@3] File [C:/Users/juana/Documents/GitHub/hello/hello/pokemon-fan/pokemon-fan/outacontrolv1/OutOfControl/Saved/Config/Windows/Scalability.ini]
[2020.07.12-12.46.15:969][  0]LogConfig: Setting CVar [[r.TranslucencyLightingVolumeDim:64]]
[2020.07.12-12.46.15:969][  0]LogConfig: Setting CVar [[r.RefractionQuality:2]]
[2020.07.12-12.46.15:969][  0]LogConfig: Setting CVar [[r.SSR.Quality:3]]
[2020.07.12-12.46.15:969][  0]LogConfig: Setting CVar [[r.SSR.HalfResSceneColor:0]]
[2020.07.12-12.46.15:969][  0]LogConfig: Setting CVar [[r.SceneColorFormat:4]]
[2020.07.12-12.46.15:969][  0]LogConfig: Setting CVar [[r.DetailMode:2]]
[2020.07.12-12.46.15:969][  0]LogConfig: Setting CVar [[r.TranslucencyVolumeBlur:1]]
[2020.07.12-12.46.15:969][  0]LogConfig: Setting CVar [[r.MaterialQualityLevel:1 ; High quality]]
[2020.07.12-12.46.15:969][  0]LogConfig: Setting CVar [[r.SSS.Scale:1]]
[2020.07.12-12.46.15:969][  0]LogConfig: Setting CVar [[r.SSS.SampleSet:2]]
[2020.07.12-12.46.15:969][  0]LogConfig: Setting CVar [[r.SSS.Quality:1]]
[2020.07.12-12.46.15:969][  0]LogConfig: Setting CVar [[r.SSS.HalfRes:0]]
[2020.07.12-12.46.15:969][  0]LogConfig: Setting CVar [[r.SSGI.Quality:3]]
[2020.07.12-12.46.15:969][  0]LogConfig: Setting CVar [[r.EmitterSpawnRateScale:1.0]]
[2020.07.12-12.46.15:969][  0]LogConfig: Setting CVar [[r.ParticleLightQuality:2]]
[2020.07.12-12.46.15:969][  0]LogConfig: Setting CVar [[r.SkyAtmosphere.AerialPerspectiveLUT.FastApplyOnOpaque:1 ; Always have FastSkyLUT 1 in this case to avoid wrong sky]]
[2020.07.12-12.46.15:969][  0]LogConfig: Setting CVar [[r.SkyAtmosphere.AerialPerspectiveLUT.SampleCountPerSlice:1]]
[2020.07.12-12.46.15:969][  0]LogConfig: Setting CVar [[r.SkyAtmosphere.AerialPerspectiveLUT.DepthResolution:16.0]]
[2020.07.12-12.46.15:969][  0]LogConfig: Setting CVar [[r.SkyAtmosphere.FastSkyLUT:1]]
[2020.07.12-12.46.15:969][  0]LogConfig: Setting CVar [[r.SkyAtmosphere.FastSkyLUT.SampleCountMin:4.0]]
[2020.07.12-12.46.15:969][  0]LogConfig: Setting CVar [[r.SkyAtmosphere.FastSkyLUT.SampleCountMax:32.0]]
[2020.07.12-12.46.15:969][  0]LogConfig: Setting CVar [[r.SkyAtmosphere.SampleCountMin:4.0]]
[2020.07.12-12.46.15:969][  0]LogConfig: Setting CVar [[r.SkyAtmosphere.SampleCountMax:32.0]]
[2020.07.12-12.46.15:969][  0]LogConfig: Setting CVar [[r.SkyAtmosphere.TransmittanceLUT.UseSmallFormat:0]]
[2020.07.12-12.46.15:969][  0]LogConfig: Setting CVar [[r.SkyAtmosphere.TransmittanceLUT.SampleCount:10.0]]
[2020.07.12-12.46.15:969][  0]LogConfig: Setting CVar [[r.SkyAtmosphere.MultiScatteringLUT.SampleCount:15.0]]
[2020.07.12-12.46.15:969][  0]LogConfig: Applying CVar settings from Section [FoliageQuality@3] File [C:/Users/juana/Documents/GitHub/hello/hello/pokemon-fan/pokemon-fan/outacontrolv1/OutOfControl/Saved/Config/Windows/Scalability.ini]
[2020.07.12-12.46.15:969][  0]LogConfig: Setting CVar [[foliage.DensityScale:1.0]]
[2020.07.12-12.46.15:969][  0]LogConfig: Setting CVar [[grass.DensityScale:1.0]]
[2020.07.12-12.46.15:969][  0]LogConfig: Applying CVar settings from Section [ShadingQuality@3] File [C:/Users/juana/Documents/GitHub/hello/hello/pokemon-fan/pokemon-fan/outacontrolv1/OutOfControl/Saved/Config/Windows/Scalability.ini]
[2020.07.12-12.46.15:969][  0]LogConfig: Setting CVar [[r.HairStrands.SkyLighting.SampleCount:16]]
[2020.07.12-12.46.15:969][  0]LogConfig: Setting CVar [[r.HairStrands.SkyLighting.JitterIntegration:0]]
[2020.07.12-12.46.15:969][  0]LogConfig: Setting CVar [[r.HairStrands.SkyAO.SampleCount:16]]
[2020.07.12-12.46.15:969][  0]LogConfig: Setting CVar [[r.HairStrands.DeepShadow.SuperSampling:0]]
[2020.07.12-12.46.15:969][  0]LogConfig: Setting CVar [[r.HairStrands.VisibilityPPLL:0]]
[2020.07.12-12.46.15:969][  0]LogConfig: Setting CVar [[r.HairStrands.RasterizationScale:0.5]]
[2020.07.12-12.46.15:969][  0]LogConfig: Setting CVar [[r.HairStrands.VelocityRasterizationScale:1]]
[2020.07.12-12.46.15:969][  0]LogInit: Selected Device Profile: [Windows]
[2020.07.12-12.46.15:969][  0]LogInit: Applying CVar settings loaded from the selected device profile: [Windows]
[2020.07.12-12.46.15:969][  0]LogHAL: Display: Platform has ~ 8 GB [8546631680 / 8589934592 / 8], which maps to Default [LargestMinGB=32, LargerMinGB=12, DefaultMinGB=8, SmallerMinGB=6, SmallestMinGB=0)
[2020.07.12-12.46.15:969][  0]LogInit: Going up to parent DeviceProfile []
[2020.07.12-12.46.15:969][  0]LogConfig: Applying CVar settings from Section [ViewDistanceQuality@3] File [C:/Users/juana/Documents/GitHub/hello/hello/pokemon-fan/pokemon-fan/outacontrolv1/OutOfControl/Saved/Config/Windows/Scalability.ini]
[2020.07.12-12.46.15:969][  0]LogConfig: Setting CVar [[r.SkeletalMeshLODBias:0]]
[2020.07.12-12.46.15:969][  0]LogConfig: Setting CVar [[r.ViewDistanceScale:1.0]]
[2020.07.12-12.46.15:969][  0]LogConfig: Applying CVar settings from Section [AntiAliasingQuality@3] File [C:/Users/juana/Documents/GitHub/hello/hello/pokemon-fan/pokemon-fan/outacontrolv1/OutOfControl/Saved/Config/Windows/Scalability.ini]
[2020.07.12-12.46.15:969][  0]LogConfig: Setting CVar [[r.PostProcessAAQuality:4]]
[2020.07.12-12.46.15:969][  0]LogConfig: Applying CVar settings from Section [ShadowQuality@3] File [C:/Users/juana/Documents/GitHub/hello/hello/pokemon-fan/pokemon-fan/outacontrolv1/OutOfControl/Saved/Config/Windows/Scalability.ini]
[2020.07.12-12.46.15:969][  0]LogConfig: Setting CVar [[r.LightFunctionQuality:1]]
[2020.07.12-12.46.15:969][  0]LogConfig: Setting CVar [[r.ShadowQuality:5]]
[2020.07.12-12.46.15:969][  0]LogConfig: Setting CVar [[r.Shadow.CSM.MaxCascades:10]]
[2020.07.12-12.46.15:969][  0]LogConfig: Setting CVar [[r.Shadow.MaxResolution:2048]]
[2020.07.12-12.46.15:969][  0]LogConfig: Setting CVar [[r.Shadow.MaxCSMResolution:2048]]
[2020.07.12-12.46.15:969][  0]LogConfig: Setting CVar [[r.Shadow.RadiusThreshold:0.01]]
[2020.07.12-12.46.15:969][  0]LogConfig: Setting CVar [[r.Shadow.DistanceScale:1.0]]
[2020.07.12-12.46.15:969][  0]LogConfig: Setting CVar [[r.Shadow.CSM.TransitionScale:1.0]]
[2020.07.12-12.46.15:969][  0]LogConfig: Setting CVar [[r.Shadow.PreShadowResolutionFactor:1.0]]
[2020.07.12-12.46.15:969][  0]LogConfig: Setting CVar [[r.DistanceFieldShadowing:1]]
[2020.07.12-12.46.15:969][  0]LogConfig: Setting CVar [[r.DistanceFieldAO:1]]
[2020.07.12-12.46.15:969][  0]LogConfig: Setting CVar [[r.AOQuality:2]]
[2020.07.12-12.46.15:969][  0]LogConfig: Setting CVar [[r.VolumetricFog:1]]
[2020.07.12-12.46.15:969][  0]LogConfig: Setting CVar [[r.VolumetricFog.GridPixelSize:8]]
[2020.07.12-12.46.15:969][  0]LogConfig: Setting CVar [[r.VolumetricFog.GridSizeZ:128]]
[2020.07.12-12.46.15:969][  0]LogConfig: Setting CVar [[r.VolumetricFog.HistoryMissSupersampleCount:4]]
[2020.07.12-12.46.15:969][  0]LogConfig: Setting CVar [[r.LightMaxDrawDistanceScale:1]]
[2020.07.12-12.46.15:969][  0]LogConfig: Setting CVar [[r.CapsuleShadows:1]]
[2020.07.12-12.46.15:969][  0]LogConfig: Applying CVar settings from Section [PostProcessQuality@3] File [C:/Users/juana/Documents/GitHub/hello/hello/pokemon-fan/pokemon-fan/outacontrolv1/OutOfControl/Saved/Config/Windows/Scalability.ini]
[2020.07.12-12.46.15:969][  0]LogConfig: Setting CVar [[r.MotionBlurQuality:4]]
[2020.07.12-12.46.15:969][  0]LogConfig: Setting CVar [[r.AmbientOcclusionMipLevelFactor:0.4]]
[2020.07.12-12.46.15:969][  0]LogConfig: Setting CVar [[r.AmbientOcclusionMaxQuality:100]]
[2020.07.12-12.46.15:969][  0]LogConfig: Setting CVar [[r.AmbientOcclusionLevels:-1]]
[2020.07.12-12.46.15:969][  0]LogConfig: Setting CVar [[r.AmbientOcclusionRadiusScale:1.0]]
[2020.07.12-12.46.15:969][  0]LogConfig: Setting CVar [[r.DepthOfFieldQuality:2]]
[2020.07.12-12.46.15:969][  0]LogConfig: Setting CVar [[r.RenderTargetPoolMin:400]]
[2020.07.12-12.46.15:969][  0]LogConfig: Setting CVar [[r.LensFlareQuality:2]]
[2020.07.12-12.46.15:969][  0]LogConfig: Setting CVar [[r.SceneColorFringeQuality:1]]
[2020.07.12-12.46.15:969][  0]LogConfig: Setting CVar [[r.EyeAdaptationQuality:2]]
[2020.07.12-12.46.15:969][  0]LogConfig: Setting CVar [[r.BloomQuality:5]]
[2020.07.12-12.46.15:969][  0]LogConfig: Setting CVar [[r.FastBlurThreshold:100]]
[2020.07.12-12.46.15:969][  0]LogConfig: Setting CVar [[r.Upscale.Quality:3]]
[2020.07.12-12.46.15:969][  0]LogConfig: Setting CVar [[r.Tonemapper.GrainQuantization:1]]
[2020.07.12-12.46.15:969][  0]LogConfig: Setting CVar [[r.LightShaftQuality:1]]
[2020.07.12-12.46.15:969][  0]LogConfig: Setting CVar [[r.Filter.SizeScale:1]]
[2020.07.12-12.46.15:969][  0]LogConfig: Setting CVar [[r.Tonemapper.Quality:5]]
[2020.07.12-12.46.15:969][  0]LogConfig: Setting CVar [[r.DOF.Gather.AccumulatorQuality:1        ; higher gathering accumulator quality]]
[2020.07.12-12.46.15:969][  0]LogConfig: Setting CVar [[r.DOF.Gather.PostfilterMethod:1          ; Median3x3 postfilering method]]
[2020.07.12-12.46.15:969][  0]LogConfig: Setting CVar [[r.DOF.Gather.EnableBokehSettings:0       ; no bokeh simulation when gathering]]
[2020.07.12-12.46.15:969][  0]LogConfig: Setting CVar [[r.DOF.Gather.RingCount:4                 ; medium number of samples when gathering]]
[2020.07.12-12.46.15:969][  0]LogConfig: Setting CVar [[r.DOF.Scatter.ForegroundCompositing:1    ; additive foreground scattering]]
[2020.07.12-12.46.15:969][  0]LogConfig: Setting CVar [[r.DOF.Scatter.BackgroundCompositing:2    ; additive background scattering]]
[2020.07.12-12.46.15:969][  0]LogConfig: Setting CVar [[r.DOF.Scatter.EnableBokehSettings:1      ; bokeh simulation when scattering]]
[2020.07.12-12.46.15:969][  0]LogConfig: Setting CVar [[r.DOF.Scatter.MaxSpriteRatio:0.1         ; only a maximum of 10% of scattered bokeh]]
[2020.07.12-12.46.15:969][  0]LogConfig: Setting CVar [[r.DOF.Recombine.Quality:1                ; cheap slight out of focus]]
[2020.07.12-12.46.15:969][  0]LogConfig: Setting CVar [[r.DOF.Recombine.EnableBokehSettings:0    ; no bokeh simulation on slight out of focus]]
[2020.07.12-12.46.15:969][  0]LogConfig: Setting CVar [[r.DOF.TemporalAAQuality:1                ; more stable temporal accumulation]]
[2020.07.12-12.46.15:969][  0]LogConfig: Setting CVar [[r.DOF.Kernel.MaxForegroundRadius:0.025]]
[2020.07.12-12.46.15:969][  0]LogConfig: Setting CVar [[r.DOF.Kernel.MaxBackgroundRadius:0.025]]
[2020.07.12-12.46.15:969][  0]LogConfig: Applying CVar settings from Section [TextureQuality@3] File [C:/Users/juana/Documents/GitHub/hello/hello/pokemon-fan/pokemon-fan/outacontrolv1/OutOfControl/Saved/Config/Windows/Scalability.ini]
[2020.07.12-12.46.15:969][  0]LogConfig: Setting CVar [[r.Streaming.MipBias:0]]
[2020.07.12-12.46.15:970][  0]LogConfig: Setting CVar [[r.Streaming.AmortizeCPUToGPUCopy:0]]
[2020.07.12-12.46.15:970][  0]LogConfig: Setting CVar [[r.Streaming.MaxNumTexturesToStreamPerFrame:0]]
[2020.07.12-12.46.15:970][  0]LogConfig: Setting CVar [[r.Streaming.Boost:1]]
[2020.07.12-12.46.15:970][  0]LogConfig: Setting CVar [[r.MaxAnisotropy:8]]
[2020.07.12-12.46.15:970][  0]LogConfig: Setting CVar [[r.VT.MaxAnisotropy:8]]
[2020.07.12-12.46.15:970][  0]LogConfig: Setting CVar [[r.Streaming.LimitPoolSizeToVRAM:0]]
[2020.07.12-12.46.15:970][  0]LogConfig: Setting CVar [[r.Streaming.PoolSize:1000]]
[2020.07.12-12.46.15:970][  0]LogConfig: Setting CVar [[r.Streaming.MaxEffectiveScreenSize:0]]
[2020.07.12-12.46.15:970][  0]LogConfig: Applying CVar settings from Section [EffectsQuality@3] File [C:/Users/juana/Documents/GitHub/hello/hello/pokemon-fan/pokemon-fan/outacontrolv1/OutOfControl/Saved/Config/Windows/Scalability.ini]
[2020.07.12-12.46.15:970][  0]LogConfig: Setting CVar [[r.TranslucencyLightingVolumeDim:64]]
[2020.07.12-12.46.15:970][  0]LogConfig: Setting CVar [[r.RefractionQuality:2]]
[2020.07.12-12.46.15:970][  0]LogConfig: Setting CVar [[r.SSR.Quality:3]]
[2020.07.12-12.46.15:970][  0]LogConfig: Setting CVar [[r.SSR.HalfResSceneColor:0]]
[2020.07.12-12.46.15:970][  0]LogConfig: Setting CVar [[r.SceneColorFormat:4]]
[2020.07.12-12.46.15:970][  0]LogConfig: Setting CVar [[r.DetailMode:2]]
[2020.07.12-12.46.15:970][  0]LogConfig: Setting CVar [[r.TranslucencyVolumeBlur:1]]
[2020.07.12-12.46.15:970][  0]LogConfig: Setting CVar [[r.MaterialQualityLevel:1 ; High quality]]
[2020.07.12-12.46.15:970][  0]LogConfig: Setting CVar [[r.SSS.Scale:1]]
[2020.07.12-12.46.15:970][  0]LogConfig: Setting CVar [[r.SSS.SampleSet:2]]
[2020.07.12-12.46.15:970][  0]LogConfig: Setting CVar [[r.SSS.Quality:1]]
[2020.07.12-12.46.15:970][  0]LogConfig: Setting CVar [[r.SSS.HalfRes:0]]
[2020.07.12-12.46.15:970][  0]LogConfig: Setting CVar [[r.SSGI.Quality:3]]
[2020.07.12-12.46.15:970][  0]LogConfig: Setting CVar [[r.EmitterSpawnRateScale:1.0]]
[2020.07.12-12.46.15:970][  0]LogConfig: Setting CVar [[r.ParticleLightQuality:2]]
[2020.07.12-12.46.15:970][  0]LogConfig: Setting CVar [[r.SkyAtmosphere.AerialPerspectiveLUT.FastApplyOnOpaque:1 ; Always have FastSkyLUT 1 in this case to avoid wrong sky]]
[2020.07.12-12.46.15:970][  0]LogConfig: Setting CVar [[r.SkyAtmosphere.AerialPerspectiveLUT.SampleCountPerSlice:1]]
[2020.07.12-12.46.15:970][  0]LogConfig: Setting CVar [[r.SkyAtmosphere.AerialPerspectiveLUT.DepthResolution:16.0]]
[2020.07.12-12.46.15:970][  0]LogConfig: Setting CVar [[r.SkyAtmosphere.FastSkyLUT:1]]
[2020.07.12-12.46.15:970][  0]LogConfig: Setting CVar [[r.SkyAtmosphere.FastSkyLUT.SampleCountMin:4.0]]
[2020.07.12-12.46.15:970][  0]LogConfig: Setting CVar [[r.SkyAtmosphere.FastSkyLUT.SampleCountMax:32.0]]
[2020.07.12-12.46.15:970][  0]LogConfig: Setting CVar [[r.SkyAtmosphere.SampleCountMin:4.0]]
[2020.07.12-12.46.15:970][  0]LogConfig: Setting CVar [[r.SkyAtmosphere.SampleCountMax:32.0]]
[2020.07.12-12.46.15:970][  0]LogConfig: Setting CVar [[r.SkyAtmosphere.TransmittanceLUT.UseSmallFormat:0]]
[2020.07.12-12.46.15:970][  0]LogConfig: Setting CVar [[r.SkyAtmosphere.TransmittanceLUT.SampleCount:10.0]]
[2020.07.12-12.46.15:970][  0]LogConfig: Setting CVar [[r.SkyAtmosphere.MultiScatteringLUT.SampleCount:15.0]]
[2020.07.12-12.46.15:970][  0]LogConfig: Applying CVar settings from Section [FoliageQuality@3] File [C:/Users/juana/Documents/GitHub/hello/hello/pokemon-fan/pokemon-fan/outacontrolv1/OutOfControl/Saved/Config/Windows/Scalability.ini]
[2020.07.12-12.46.15:970][  0]LogConfig: Setting CVar [[foliage.DensityScale:1.0]]
[2020.07.12-12.46.15:970][  0]LogConfig: Setting CVar [[grass.DensityScale:1.0]]
[2020.07.12-12.46.15:970][  0]LogConfig: Applying CVar settings from Section [ShadingQuality@3] File [C:/Users/juana/Documents/GitHub/hello/hello/pokemon-fan/pokemon-fan/outacontrolv1/OutOfControl/Saved/Config/Windows/Scalability.ini]
[2020.07.12-12.46.15:970][  0]LogConfig: Setting CVar [[r.HairStrands.SkyLighting.SampleCount:16]]
[2020.07.12-12.46.15:970][  0]LogConfig: Setting CVar [[r.HairStrands.SkyLighting.JitterIntegration:0]]
[2020.07.12-12.46.15:970][  0]LogConfig: Setting CVar [[r.HairStrands.SkyAO.SampleCount:16]]
[2020.07.12-12.46.15:970][  0]LogConfig: Setting CVar [[r.HairStrands.DeepShadow.SuperSampling:0]]
[2020.07.12-12.46.15:970][  0]LogConfig: Setting CVar [[r.HairStrands.VisibilityPPLL:0]]
[2020.07.12-12.46.15:970][  0]LogConfig: Setting CVar [[r.HairStrands.RasterizationScale:0.5]]
[2020.07.12-12.46.15:970][  0]LogConfig: Setting CVar [[r.HairStrands.VelocityRasterizationScale:1]]
[2020.07.12-12.46.15:970][  0]LogConfig: Applying CVar settings from Section [Startup] File [../../../Engine/Config/ConsoleVariables.ini]
[2020.07.12-12.46.15:970][  0]LogConfig: Setting CVar [[net.UseAdaptiveNetUpdateFrequency:0]]
[2020.07.12-12.46.15:970][  0]LogConfig: Setting CVar [[p.chaos.AllowCreatePhysxBodies:1]]
[2020.07.12-12.46.15:970][  0]LogConfig: Setting CVar [[fx.SkipVectorVMBackendOptimizations:1]]
[2020.07.12-12.46.15:970][  0]LogConfig: Applying CVar settings from Section [ConsoleVariables] File [C:/Users/juana/Documents/GitHub/hello/hello/pokemon-fan/pokemon-fan/outacontrolv1/OutOfControl/Saved/Config/Windows/Engine.ini]
[2020.07.12-12.46.15:970][  0]LogInit: Computer: DESKTOP-PLNC30A
[2020.07.12-12.46.15:970][  0]LogInit: User: juana
[2020.07.12-12.46.15:970][  0]LogInit: CPU Page size=4096, Cores=4
[2020.07.12-12.46.15:970][  0]LogInit: High frequency timer resolution =10.000000 MHz
[2020.07.12-12.46.15:970][  0]LogMemory: Memory total: Physical=8.0GB (8GB approx)
[2020.07.12-12.46.15:971][  0]LogMemory: Platform Memory Stats for Windows
[2020.07.12-12.46.15:971][  0]LogMemory: Process Physical Memory: 114.26 MB used, 114.26 MB peak
[2020.07.12-12.46.15:971][  0]LogMemory: Process Virtual Memory: 103.76 MB used, 103.76 MB peak
[2020.07.12-12.46.15:971][  0]LogMemory: Physical Memory: 5359.77 MB used,  2790.93 MB free, 8150.70 MB total
[2020.07.12-12.46.15:971][  0]LogMemory: Virtual Memory: 5136.04 MB used,  134212592.00 MB free, 134217728.00 MB total
[2020.07.12-12.46.15:975][  0]LogWindows: WindowsPlatformFeatures enabled
[2020.07.12-12.46.16:003][  0]LogInit: Physics initialised using underlying interface: PhysX
[2020.07.12-12.46.16:003][  0]LogInit: Using OS detected language (en-US).
[2020.07.12-12.46.16:003][  0]LogInit: Using OS detected locale (en-ZA).
[2020.07.12-12.46.16:004][  0]LogTextLocalizationManager: No specific localization for 'en-US' exists, so the 'en' localization will be used.
[2020.07.12-12.46.16:184][  0]LogSlate: New Slate User Created.  User Index 0, Is Virtual User: 0
[2020.07.12-12.46.16:184][  0]LogSlate: Slate User Registered.  User Index 0, Is Virtual User: 0
[2020.07.12-12.46.16:196][  0]LogHMD: Failed to initialize OpenVR with code 110
[2020.07.12-12.46.16:196][  0]LogD3D11RHI: D3D11 min allowed feature level: 11_0
[2020.07.12-12.46.16:196][  0]LogD3D11RHI: D3D11 max allowed feature level: 11_0
[2020.07.12-12.46.16:196][  0]LogD3D11RHI: D3D11 adapters:
[2020.07.12-12.46.16:254][  0]LogD3D11RHI:    0. 'NVIDIA GeForce GTX 1050 Ti' (Feature Level 11_0)
[2020.07.12-12.46.16:254][  0]LogD3D11RHI:       4018/0/4075 MB DedicatedVideo/DedicatedSystem/SharedSystem, Outputs:1, VendorId:0x10de
[2020.07.12-12.46.16:256][  0]LogD3D11RHI:    1. 'Microsoft Basic Render Driver' (Feature Level 11_0)
[2020.07.12-12.46.16:256][  0]LogD3D11RHI:       0/0/4075 MB DedicatedVideo/DedicatedSystem/SharedSystem, Outputs:0, VendorId:0x1414
[2020.07.12-12.46.16:256][  0]LogD3D11RHI: Chosen D3D11 Adapter: 0
[2020.07.12-12.46.16:262][  0]LogD3D11RHI: Creating new Direct3DDevice
[2020.07.12-12.46.16:262][  0]LogD3D11RHI:     GPU DeviceId: 0x1c82 (for the marketing name, search the web for "GPU Device Id")
[2020.07.12-12.46.16:262][  0]LogWindows: EnumDisplayDevices:
[2020.07.12-12.46.16:263][  0]LogWindows:    0. 'NVIDIA GeForce GTX 1050 Ti' (P:1 D:1)
[2020.07.12-12.46.16:263][  0]LogWindows:    1. 'NVIDIA GeForce GTX 1050 Ti' (P:0 D:0)
[2020.07.12-12.46.16:263][  0]LogWindows:    2. 'NVIDIA GeForce GTX 1050 Ti' (P:0 D:0)
[2020.07.12-12.46.16:263][  0]LogWindows:    3. 'NVIDIA GeForce GTX 1050 Ti' (P:0 D:0)
[2020.07.12-12.46.16:263][  0]LogWindows: DebugString: FoundDriverCount:4 
[2020.07.12-12.46.16:263][  0]LogD3D11RHI:     Adapter Name: NVIDIA GeForce GTX 1050 Ti
[2020.07.12-12.46.16:263][  0]LogD3D11RHI:   Driver Version: 442.59 (internal:26.21.14.4259, unified:442.59)
[2020.07.12-12.46.16:263][  0]LogD3D11RHI:      Driver Date: 3-4-2020
[2020.07.12-12.46.16:263][  0]LogRHI: Texture pool is 2812 MB (70% of 4018 MB)
[2020.07.12-12.46.16:303][  0]LogD3D11RHI: RHI has support for 64 bit atomics
[2020.07.12-12.46.16:303][  0]LogD3D11RHI: Async texture creation enabled
[2020.07.12-12.46.16:303][  0]LogD3D11RHI: Array index from any shader is supported
[2020.07.12-12.46.16:328][  0]LogD3D11RHI: GPU Timing Frequency: 1000.000000 (Debug: 2 1)
[2020.07.12-12.46.16:737][  0]LogTargetPlatformManager: Display: Loaded TargetPlatform 'WindowsNoEditor'
[2020.07.12-12.46.16:741][  0]LogTargetPlatformManager: Display: Loaded TargetPlatform 'Windows'
[2020.07.12-12.46.16:748][  0]LogTargetPlatformManager: Display: Loaded TargetPlatform 'WindowsClient'
[2020.07.12-12.46.16:756][  0]LogTargetPlatformManager: Display: Loaded TargetPlatform 'WindowsServer'
[2020.07.12-12.46.16:756][  0]LogTargetPlatformManager: Display: Building Assets For Windows
[2020.07.12-12.46.16:762][  0]LogAudioDebug: Display: Lib vorbis DLL was dynamically loaded.
[2020.07.12-12.46.16:810][  0]LogShaderCompilers: Guid format shader working directory is -61 characters bigger than the processId version (../../../../../../Users/juana/Documents/GitHub/hello/hello/pokemon-fan/pokemon-fan/outacontrolv1/OutOfControl/Intermediate/Shaders/WorkingDirectory/80/).
[2020.07.12-12.46.16:810][  0]LogShaderCompilers: Cleaned the shader compiler working directory 'C:/Users/juana/AppData/Local/Temp/UnrealShaderWorkingDir/BCD5DAB54A5C9E2289BACABA69BE9149/'.
[2020.07.12-12.46.16:810][  0]LogXGEController: Cannot use XGE Controller as Incredibuild is not installed on this machine.
[2020.07.12-12.46.16:810][  0]LogShaderCompilers: Cannot use XGE Shader Compiler as Incredibuild is not installed on this machine.
[2020.07.12-12.46.16:810][  0]LogShaderCompilers: Display: Using Local Shader Compiler.
[2020.07.12-12.46.17:479][  0]LogDerivedDataCache: Display: Max Cache Size: 512 MB
[2020.07.12-12.46.17:534][  0]LogDerivedDataCache: Loaded boot cache 0.06s 76MB C:/Users/juana/AppData/Local/UnrealEngine/4.25/DerivedDataCache/Boot.ddc.
[2020.07.12-12.46.17:534][  0]LogDerivedDataCache: Display: Loaded Boot cache: C:/Users/juana/AppData/Local/UnrealEngine/4.25/DerivedDataCache/Boot.ddc
[2020.07.12-12.46.17:535][  0]LogDerivedDataCache: FDerivedDataBackendGraph:  Pak pak cache file ../../../../../../Users/juana/Documents/GitHub/hello/hello/pokemon-fan/pokemon-fan/outacontrolv1/OutOfControl/DerivedDataCache/DDC.ddp not found, will not use a pak cache.
[2020.07.12-12.46.17:535][  0]LogDerivedDataCache: Unable to find inner node Pak for hierarchical cache Hierarchy.
[2020.07.12-12.46.17:535][  0]LogDerivedDataCache: FDerivedDataBackendGraph:  CompressedPak pak cache file ../../../../../../Users/juana/Documents/GitHub/hello/hello/pokemon-fan/pokemon-fan/outacontrolv1/OutOfControl/DerivedDataCache/Compressed.ddp not found, will not use a pak cache.
[2020.07.12-12.46.17:535][  0]LogDerivedDataCache: Unable to find inner node CompressedPak for hierarchical cache Hierarchy.
[2020.07.12-12.46.17:544][  0]LogDerivedDataCache: Display: Pak cache opened for reading ../../../Engine/DerivedDataCache/Compressed.ddp.
[2020.07.12-12.46.17:544][  0]LogDerivedDataCache: FDerivedDataBackendGraph:  EnterprisePak pak cache file ../../../Enterprise/DerivedDataCache/Compressed.ddp not found, will not use a pak cache.
[2020.07.12-12.46.17:544][  0]LogDerivedDataCache: Unable to find inner node EnterprisePak for hierarchical cache Hierarchy.
[2020.07.12-12.46.17:546][  0]LogDerivedDataCache: Using Local data cache path C:/Users/juana/AppData/Local/UnrealEngine/Common/DerivedDataCache: Writable
[2020.07.12-12.46.17:546][  0]LogDerivedDataCache: Shared data cache path not found in *engine.ini, will not use an Shared cache.
[2020.07.12-12.46.17:546][  0]LogDerivedDataCache: Unable to find inner node Shared for hierarchical cache Hierarchy.
[2020.07.12-12.46.17:582][  0]LogSlate: Using FreeType 2.10.0
[2020.07.12-12.46.17:583][  0]LogSlate: SlateFontServices - WITH_FREETYPE: 1, WITH_HARFBUZZ: 1
[2020.07.12-12.46.17:671][  0]LogInit: Using OS detected language (en-US).
[2020.07.12-12.46.17:671][  0]LogInit: Using OS detected locale (en-ZA).
[2020.07.12-12.46.17:671][  0]LogTextLocalizationManager: No localization for 'en-US' exists, so 'en' will be used for the language.
[2020.07.12-12.46.17:671][  0]LogTextLocalizationManager: No localization for 'en-ZA' exists, so 'en' will be used for the locale.
[2020.07.12-12.46.17:671][  0]LogSlate: FontCache flush requested. Reason: Culture for localization was changed
[2020.07.12-12.46.17:671][  0]LogSlate: FontCache flush requested. Reason: Culture for localization was changed
[2020.07.12-12.46.17:672][  0]LogTextLocalizationManager: Compacting localization data took   0.00ms
[2020.07.12-12.46.17:674][  0]LogAssetRegistry: FAssetRegistry took 0.0014 seconds to start up
[2020.07.12-12.46.17:828][  0]LogPackageLocalizationCache: Processed 19 localized package path(s) for 1 prioritized culture(s) in 0.000746 seconds
[2020.07.12-12.46.17:872][  0]LogInit: Selected Device Profile: [Windows]
[2020.07.12-12.46.17:962][  0]LogMeshReduction: Using QuadricMeshReduction for automatic static mesh reduction
[2020.07.12-12.46.17:962][  0]LogMeshReduction: Using SimplygonMeshReduction for automatic skeletal mesh reduction
[2020.07.12-12.46.17:962][  0]LogMeshReduction: Using ProxyLODMeshReduction for automatic mesh merging
[2020.07.12-12.46.17:962][  0]LogMeshReduction: No distributed automatic mesh merging module available
[2020.07.12-12.46.17:962][  0]LogMeshMerging: No distributed automatic mesh merging module available
[2020.07.12-12.46.17:974][  0]LogNetVersion: OutOfControl 1.0.0, NetCL: 13144385, EngineNetVer: 14, GameNetVer: 0 (Checksum: 557548167)
[2020.07.12-12.46.18:188][  0]LogAISub: UAISubsystem::UAISubsystem AISubsystem (000001E76643FA40), frame # 0
[2020.07.12-12.46.18:188][  0]LogAISub: UAISubsystem::UAISubsystem AIPerceptionSystem (000001E76647C180), frame # 0
[2020.07.12-12.46.18:189][  0]LogAISub: UAISubsystem::UAISubsystem EnvQueryManager (000001E7664A1A00), frame # 0
[2020.07.12-12.46.18:306][  0]LogMoviePlayer: Initializing movie player
[2020.07.12-12.46.18:451][  0]LogTcpMessaging: Initializing TcpMessaging bridge
[2020.07.12-12.46.18:455][  0]LogUdpMessaging: Initializing bridge on interface 0.0.0.0:0 to multicast group 230.0.0.1:6666.
[2020.07.12-12.46.18:489][  0]SourceControl: Source control is disabled
[2020.07.12-12.46.18:489][  0]SourceControl: Source control is disabled
[2020.07.12-12.46.18:496][  0]SourceControl: Source control is disabled
[2020.07.12-12.46.18:595][  0]LogAndroidPermission: UAndroidPermissionCallbackProxy::GetInstance
[2020.07.12-12.46.18:609][  0]LogAudioCaptureCore: Display: No Audio Capture implementations found. Audio input will be silent.
[2020.07.12-12.46.18:609][  0]LogAudioCaptureCore: Display: No Audio Capture implementations found. Audio input will be silent.
[2020.07.12-12.46.18:643][  0]LogOcInput: OculusInput pre-init called
[2020.07.12-12.46.18:655][  0]LogUObjectArray: 19064 objects as part of root set at end of initial load.
[2020.07.12-12.46.18:655][  0]LogUObjectAllocator: 5015424 out of 0 bytes used by permanent object pool.
[2020.07.12-12.46.18:655][  0]LogUObjectArray: CloseDisregardForGC: 0/0 objects in disregard for GC pool
[2020.07.12-12.46.18:690][  0]LogEngine: Initializing Engine...
[2020.07.12-12.46.18:691][  0]LogHMD: Failed to initialize OpenVR with code 110
[2020.07.12-12.46.18:691][  0]LogMagicLeap: Warning: VR disabled because ZI is not enabled.  To enable, in the editor, Edit -> Project Settings -> Plugins -> Magic Leap Plugin -> Enable Zero Iteration
[2020.07.12-12.46.18:692][  0]LogStats: UGameplayTagsManager::InitializeManager -  0.000 s
[2020.07.12-12.46.18:774][  0]LogInit: Initializing FReadOnlyCVARCache
[2020.07.12-12.46.18:778][  0]LogAudioMixer: Display: Audio Mixer Platform Settings:
[2020.07.12-12.46.18:778][  0]LogAudioMixer: Display: 	Sample Rate:						  48000
[2020.07.12-12.46.18:778][  0]LogAudioMixer: Display: 	Callback Buffer Frame Size Requested: 1024
[2020.07.12-12.46.18:778][  0]LogAudioMixer: Display: 	Callback Buffer Frame Size To Use:	  1024
[2020.07.12-12.46.18:778][  0]LogAudioMixer: Display: 	Number of buffers to queue:			  2
[2020.07.12-12.46.18:778][  0]LogAudioMixer: Display: 	Max Channels (voices):				  32
[2020.07.12-12.46.18:778][  0]LogAudioMixer: Display: 	Number of Async Source Workers:		  0
[2020.07.12-12.46.18:778][  0]LogAudio: Display: AudioDevice MaxSources: 32
[2020.07.12-12.46.18:778][  0]LogAudio: Display: Using built-in audio occlusion.
[2020.07.12-12.46.18:778][  0]LogAudioMixer: Display: Initializing audio mixer.
[2020.07.12-12.46.18:789][  0]LogAudioMixer: Display: 0: FrontLeft
[2020.07.12-12.46.18:789][  0]LogAudioMixer: Display: 1: FrontRight
[2020.07.12-12.46.18:827][  0]LogAudioMixer: Display: Using Audio Device charlies headphones (2- Realtek(R) Audio)
[2020.07.12-12.46.18:832][  0]LogAudioMixer: Display: Initializing Sound Submixes...
[2020.07.12-12.46.18:833][  0]LogAudioMixer: Display: Creating Master Submix 'MasterSubmixDefault'
[2020.07.12-12.46.18:833][  0]LogAudioMixer: Display: Creating Master Submix 'MasterReverbSubmixDefault'
[2020.07.12-12.46.18:834][  0]LogAudioMixer: Display: Creating Master Submix 'MasterEQSubmixDefault'
[2020.07.12-12.46.18:835][  0]LogInit: FAudioDevice initialized.
[2020.07.12-12.46.18:836][  0]LogNetVersion: Set ProjectVersion to 1.0.0.0. Version Checksum will be recalculated on next use.
[2020.07.12-12.46.18:838][  0]LogInit: Texture streaming: Enabled
[2020.07.12-12.46.18:884][  0]LogSlate: Updating window title bar state: overlay mode, drag disabled, window buttons hidden, title bar hidden
[2020.07.12-12.46.18:884][  0]LogInit: Display: Game Engine Initialized.
[2020.07.12-12.46.18:885][  0]LogNiagaraEditor: Warning: GEditor isn't valid! Particle reset commands will not work for Niagara components!
[2020.07.12-12.46.18:905][  0]LogInit: Display: Starting Game.
[2020.07.12-12.46.18:905][  0]LogNet: Browse: /Game/Maps/Level_04?Name=Player
[2020.07.12-12.46.18:905][  0]LogLoad: LoadMap: /Game/Maps/Level_04?Name=Player
[2020.07.12-12.46.18:905][  0]LogWorld: BeginTearingDown for /Temp/Untitled_0
[2020.07.12-12.46.18:906][  0]LogWorld: UWorld::CleanupWorld for Untitled, bSessionEnded=true, bCleanupResources=true
[2020.07.12-12.46.18:907][  0]LogSlate: InvalidateAllWidgets triggered.  All widgets were invalidated
[2020.07.12-12.46.18:914][  0]LogUObjectHash: Compacting FUObjectHashTables data took   0.50ms
[2020.07.12-12.46.19:215][  0]LogAIModule: Creating AISystem for world Level_04
[2020.07.12-12.46.19:216][  0]LogAISub: UAISubsystem::UAISubsystem EnvQueryManager (000001E75A095C00), frame # 0
[2020.07.12-12.46.19:216][  0]LogAISub: UAISubsystem::UAISubsystem AIPerceptionSystem (000001E7695879C0), frame # 0
[2020.07.12-12.46.19:216][  0]LogLoad: Game class is 'ooc_gm_C'
[2020.07.12-12.46.19:226][  0]LogWorld: Bringing World /Game/Maps/Level_04.Level_04 up for play (max tick rate 0) at 2020.07.12-14.46.19
[2020.07.12-12.46.19:227][  0]LogWorld: Bringing up level for play took: 0.010008
[2020.07.12-12.46.19:228][  0]LogGameMode: Display: Match State Changed from EnteringMap to WaitingToStart
[2020.07.12-12.46.19:228][  0]LogGameState: Match State Changed from EnteringMap to WaitingToStart
[2020.07.12-12.46.19:228][  0]LogGameMode: Display: Match State Changed from WaitingToStart to InProgress
[2020.07.12-12.46.19:231][  0]LogGameState: Match State Changed from WaitingToStart to InProgress
[2020.07.12-12.46.19:231][  0]LogLoad: Took 0.325823 seconds to LoadMap(/Game/Maps/Level_04)
[2020.07.12-12.46.19:254][  0]LogRenderer: Reallocating scene render targets to support 1280x720 Format 10 NumSamples 1 (Frame:1).
[2020.07.12-12.46.19:254][  0]LogLoad: (Engine Initialization) Total time: 6.75 seconds
[2020.07.12-12.46.19:254][  0]LogLoad: (Engine Initialization) Total Blueprint compile time: 0.00 seconds
[2020.07.12-12.46.19:277][  0]LogContentStreaming: Texture pool size now 1000 MB
[2020.07.12-12.46.19:280][  0]LogSlate: InvalidateAllWidgets triggered.  All widgets were invalidated
[2020.07.12-12.46.32:450][713]LogPackageName: SearchForPackageOnDisk took   0.165s to resolve MainMenu.umap.
[2020.07.12-12.46.32:451][714]LogGameMode: Display: Match State Changed from InProgress to LeavingMap
[2020.07.12-12.46.32:452][714]LogGameState: Match State Changed from InProgress to LeavingMap
[2020.07.12-12.46.32:556][714]LogPackageName: SearchForPackageOnDisk took   0.104s to resolve MainMenu.umap.
[2020.07.12-12.46.32:556][714]LogNet: Browse: /Game/MainMenu
[2020.07.12-12.46.32:556][714]LogLoad: LoadMap: /Game/MainMenu
[2020.07.12-12.46.32:556][714]LogWorld: BeginTearingDown for /Game/Maps/Level_04
[2020.07.12-12.46.32:557][714]LogWorld: UWorld::CleanupWorld for Level_04, bSessionEnded=true, bCleanupResources=true
[2020.07.12-12.46.32:557][714]LogSlate: InvalidateAllWidgets triggered.  All widgets were invalidated
[2020.07.12-12.46.32:599][714]LogAISub: UAISubsystem::~UAISubsystem EnvQueryManager (000001E75A095C00), frame # 714
[2020.07.12-12.46.32:599][714]LogAISub: UAISubsystem::~UAISubsystem AIPerceptionSystem (000001E7695879C0), frame # 714
[2020.07.12-12.46.32:599][714]LogUObjectHash: Compacting FUObjectHashTables data took   0.59ms
[2020.07.12-12.46.32:658][714]LogAIModule: Creating AISystem for world MainMenu
[2020.07.12-12.46.32:658][714]LogAISub: UAISubsystem::UAISubsystem EnvQueryManager (000001E750F69000), frame # 714
[2020.07.12-12.46.32:658][714]LogAISub: UAISubsystem::UAISubsystem AIPerceptionSystem (000001E769673600), frame # 714
[2020.07.12-12.46.32:658][714]LogLoad: Game class is 'GameModeBase'
[2020.07.12-12.46.32:659][714]LogWorld: Bringing World /Game/MainMenu.MainMenu up for play (max tick rate 0) at 2020.07.12-14.46.32
[2020.07.12-12.46.32:660][714]LogWorld: Bringing up level for play took: 0.000376
[2020.07.12-12.46.32:660][714]LogGameMode: FindPlayerStart: PATHS NOT DEFINED or NO PLAYERSTART with positive rating
[2020.07.12-12.46.32:661][714]LogLoad: Took 0.105357 seconds to LoadMap(/Game/MainMenu)
[2020.07.12-12.46.34:924][834]LogSlate: Window 'OutOfControl (64-bit Development PCD3D_SM5) ' being destroyed
[2020.07.12-12.46.34:925][834]LogWindowsTextInputMethodSystem: Display: IME system now deactivated.
[2020.07.12-12.46.34:927][834]LogWindowsTextInputMethodSystem: Display: IME system now deactivated.
[2020.07.12-12.46.34:928][834]LogSlate: Updating window title bar state: overlay mode, drag disabled, window buttons hidden, title bar hidden
[2020.07.12-12.46.34:928][834]LogEngine: All Windows Closed
[2020.07.12-12.46.34:928][834]LogWindows: FPlatformMisc::RequestExit(0)
[2020.07.12-12.46.34:928][834]LogCore: Engine exit requested (reason: Win RequestExit)
[2020.07.12-12.46.34:928][835]LogCore: Engine exit requested (reason: EngineExit() was called; note: exit was already requested)
[2020.07.12-12.46.34:929][835]LogAudio: Display: Shutting down audio device while 2 references to it are still alive. For more information, compile with INSTRUMENT_AUDIODEVICE_HANDLES.
[2020.07.12-12.46.34:967][835]LogInit: Display: PreExit Game.
[2020.07.12-12.46.35:011][835]LogWorld: BeginTearingDown for /Game/MainMenu
[2020.07.12-12.46.35:011][835]LogWorld: UWorld::CleanupWorld for MainMenu, bSessionEnded=true, bCleanupResources=true
[2020.07.12-12.46.35:011][835]LogSlate: InvalidateAllWidgets triggered.  All widgets were invalidated
[2020.07.12-12.46.35:721][835]LogExit: Preparing to exit.
[2020.07.12-12.46.36:467][835]LogMoviePlayer: Shutting down movie player
[2020.07.12-12.46.36:581][835]LogSlate: Updating window title bar state: overlay mode, drag disabled, window buttons hidden, title bar hidden
[2020.07.12-12.46.36:581][835]LogDemo: Cleaned up 0 splitscreen connections with owner deletion
[2020.07.12-12.46.36:584][835]LogExit: Game engine shut down
[2020.07.12-12.46.36:591][835]LogAISub: UAISubsystem::~UAISubsystem AISubsystem (000001E76643FA40), frame # 835
[2020.07.12-12.46.36:591][835]LogAISub: UAISubsystem::~UAISubsystem AIPerceptionSystem (000001E76647C180), frame # 835
[2020.07.12-12.46.36:591][835]LogAISub: UAISubsystem::~UAISubsystem EnvQueryManager (000001E7664A1A00), frame # 835
[2020.07.12-12.46.36:599][835]LogAISub: UAISubsystem::~UAISubsystem AIPerceptionSystem (000001E769673600), frame # 835
[2020.07.12-12.46.36:599][835]LogAISub: UAISubsystem::~UAISubsystem EnvQueryManager (000001E750F69000), frame # 835
[2020.07.12-12.46.36:618][835]LogExit: Object subsystem successfully closed.
[2020.07.12-12.46.36:633][835]LogShaderCompilers: Display: Shaders left to compile 0
[2020.07.12-12.46.36:650][835]LogModuleManager: Shutting down and abandoning module SequenceRecorderSections (498)
[2020.07.12-12.46.36:650][835]LogModuleManager: Shutting down and abandoning module SequenceRecorder (496)
[2020.07.12-12.46.36:650][835]LogModuleManager: Shutting down and abandoning module AutomationController (494)
[2020.07.12-12.46.36:650][835]LogModuleManager: Shutting down and abandoning module AutomationWorker (492)
[2020.07.12-12.46.36:650][835]LogModuleManager: Shutting down and abandoning module Voice (490)
[2020.07.12-12.46.36:650][835]LogModuleManager: Shutting down and abandoning module AIModule (488)
[2020.07.12-12.46.36:650][835]LogModuleManager: Shutting down and abandoning module GameplayDebugger (487)
[2020.07.12-12.46.36:650][835]LogModuleManager: Shutting down and abandoning module AITestSuite (485)
[2020.07.12-12.46.36:650][835]LogModuleManager: Shutting down and abandoning module NavigationSystem (483)
[2020.07.12-12.46.36:650][835]LogModuleManager: Shutting down and abandoning module OculusMR (480)
[2020.07.12-12.46.36:650][835]LogModuleManager: Shutting down and abandoning module WmfMediaFactory (478)
[2020.07.12-12.46.36:650][835]LogModuleManager: Shutting down and abandoning module WebMMediaFactory (476)
[2020.07.12-12.46.36:650][835]LogModuleManager: Shutting down and abandoning module WebMMedia (474)
[2020.07.12-12.46.36:650][835]LogModuleManager: Shutting down and abandoning module OpenExrWrapper (472)
[2020.07.12-12.46.36:650][835]LogModuleManager: Shutting down and abandoning module ImgMediaFactory (470)
[2020.07.12-12.46.36:650][835]LogModuleManager: Shutting down and abandoning module AvfMediaFactory (468)
[2020.07.12-12.46.36:650][835]LogModuleManager: Shutting down and abandoning module MagicLeapMediaCodecFactory (466)
[2020.07.12-12.46.36:650][835]LogModuleManager: Shutting down and abandoning module MagicLeapMediaFactory (464)
[2020.07.12-12.46.36:650][835]LogModuleManager: Shutting down and abandoning module PlanarCut (462)
[2020.07.12-12.46.36:650][835]LogModuleManager: Shutting down and abandoning module CharacterAI (460)
[2020.07.12-12.46.36:650][835]LogModuleManager: Shutting down and abandoning module SessionServices (458)
[2020.07.12-12.46.36:650][835]LogModuleManager: Shutting down and abandoning module MovieSceneCapture (456)
[2020.07.12-12.46.36:650][835]LogModuleManager: Shutting down and abandoning module LiveCoding (454)
[2020.07.12-12.46.36:650][835]LogModuleManager: Shutting down and abandoning module LevelSequence (452)
[2020.07.12-12.46.36:650][835]LogModuleManager: Shutting down and abandoning module MovieSceneTracks (450)
[2020.07.12-12.46.36:650][835]LogModuleManager: Shutting down and abandoning module MovieScene (448)
[2020.07.12-12.46.36:650][835]LogModuleManager: Shutting down and abandoning module StreamingPauseRendering (446)
[2020.07.12-12.46.36:650][835]LogModuleManager: Shutting down and abandoning module PortalServices (444)
[2020.07.12-12.46.36:650][835]LogModuleManager: Shutting down and abandoning module PortalRpc (442)
[2020.07.12-12.46.36:650][835]LogModuleManager: Shutting down and abandoning module MessagingRpc (440)
[2020.07.12-12.46.36:650][835]LogModuleManager: Shutting down and abandoning module AudioMixerXAudio2 (438)
[2020.07.12-12.46.36:650][835]LogModuleManager: Shutting down and abandoning module AudioMixerCore (437)
[2020.07.12-12.46.36:650][835]LogModuleManager: Shutting down and abandoning module ProfilerService (434)
[2020.07.12-12.46.36:697][835]LogModuleManager: Shutting down and abandoning module TaskGraph (432)
[2020.07.12-12.46.36:697][835]LogModuleManager: Shutting down and abandoning module Synthesis (430)
[2020.07.12-12.46.36:697][835]LogModuleManager: Shutting down and abandoning module ProceduralMeshComponent (428)
[2020.07.12-12.46.36:697][835]LogModuleManager: Shutting down and abandoning module OculusInput (426)
[2020.07.12-12.46.36:697][835]LogModuleManager: Shutting down and abandoning module MobilePatchingUtils (424)
[2020.07.12-12.46.36:697][835]LogModuleManager: Shutting down and abandoning module GooglePAD (422)
[2020.07.12-12.46.36:697][835]LogModuleManager: Shutting down and abandoning module EditableMesh (420)
[2020.07.12-12.46.36:697][835]LogModuleManager: Shutting down and abandoning module CustomMeshComponent (418)
[2020.07.12-12.46.36:697][835]LogModuleManager: Shutting down and abandoning module CableComponent (416)
[2020.07.12-12.46.36:697][835]LogModuleManager: Shutting down and abandoning module AudioCapture (414)
[2020.07.12-12.46.36:697][835]LogModuleManager: Shutting down and abandoning module AudioCaptureRtAudio (413)
[2020.07.12-12.46.36:697][835]LogModuleManager: Shutting down and abandoning module AssetTags (410)
[2020.07.12-12.46.36:697][835]LogModuleManager: Shutting down and abandoning module ArchVisCharacter (408)
[2020.07.12-12.46.36:697][835]LogModuleManager: Shutting down and abandoning module AppleImageUtilsBlueprintSupport (406)
[2020.07.12-12.46.36:697][835]LogModuleManager: Shutting down and abandoning module AppleImageUtils (404)
[2020.07.12-12.46.36:697][835]LogModuleManager: Shutting down and abandoning module AndroidPermission (402)
[2020.07.12-12.46.36:697][835]LogModuleManager: Shutting down and abandoning module NUTUnrealEngine4 (400)
[2020.07.12-12.46.36:697][835]LogModuleManager: Shutting down and abandoning module NetcodeUnitTest (398)
[2020.07.12-12.46.36:697][835]LogModuleManager: Shutting down and abandoning module TemplateSequence (396)
[2020.07.12-12.46.36:697][835]LogModuleManager: Shutting down and abandoning module MovieRenderPipelineRenderPasses (394)
[2020.07.12-12.46.36:697][835]LogModuleManager: Shutting down and abandoning module MovieRenderPipelineSettings (392)
[2020.07.12-12.46.36:697][835]LogModuleManager: Shutting down and abandoning module MovieRenderPipelineCore (390)
[2020.07.12-12.46.36:697][835]LogModuleManager: Shutting down and abandoning module ImageWriteQueue (389)
[2020.07.12-12.46.36:697][835]LogModuleManager: Shutting down and abandoning module MediaCompositing (386)
[2020.07.12-12.46.36:697][835]LogModuleManager: Shutting down and abandoning module ImgMedia (384)
[2020.07.12-12.46.36:697][835]LogModuleManager: Shutting down and abandoning module MagicLeapSharedWorld (382)
[2020.07.12-12.46.36:697][835]LogModuleManager: Shutting down and abandoning module MagicLeapLightEstimation (380)
[2020.07.12-12.46.36:697][835]LogModuleManager: Shutting down and abandoning module MagicLeapHelperVulkan (378)
[2020.07.12-12.46.36:697][835]LogModuleManager: Shutting down and abandoning module MagicLeapHelperOpenGL (376)
[2020.07.12-12.46.36:697][835]LogModuleManager: Shutting down and abandoning module MagicLeapAudio (374)
[2020.07.12-12.46.36:697][835]LogModuleManager: Shutting down and abandoning module MeshSolverUtilities (372)
[2020.07.12-12.46.36:697][835]LogModuleManager: Shutting down and abandoning module MeshConversion (370)
[2020.07.12-12.46.36:697][835]LogModuleManager: Shutting down and abandoning module DynamicMesh (368)
[2020.07.12-12.46.36:697][835]LogModuleManager: Shutting down and abandoning module GeometryAlgorithms (366)
[2020.07.12-12.46.36:697][835]LogModuleManager: Shutting down and abandoning module GeometricObjects (364)
[2020.07.12-12.46.36:697][835]LogModuleManager: Shutting down and abandoning module GeometryCollectionTracks (362)
[2020.07.12-12.46.36:697][835]LogModuleManager: Shutting down and abandoning module GeometryCollectionSequencer (361)
[2020.07.12-12.46.36:697][835]LogModuleManager: Shutting down and abandoning module GeometryCacheTracks (358)
[2020.07.12-12.46.36:697][835]LogModuleManager: Shutting down and abandoning module GeometryCacheSequencer (357)
[2020.07.12-12.46.36:697][835]LogModuleManager: Shutting down and abandoning module GeometryCache (354)
[2020.07.12-12.46.36:697][835]LogModuleManager: Shutting down and abandoning module GeometryCacheEd (353)
[2020.07.12-12.46.36:697][835]LogModuleManager: Shutting down and abandoning module ChaosNiagara (350)
[2020.07.12-12.46.36:697][835]LogModuleManager: Shutting down and abandoning module ChaosCloth (348)
[2020.07.12-12.46.36:697][835]LogModuleManager: Shutting down and abandoning module BackChannel (346)
[2020.07.12-12.46.36:697][835]LogModuleManager: Shutting down and abandoning module AutomationUtils (344)
[2020.07.12-12.46.36:697][835]LogModuleManager: Shutting down and abandoning module VisualStudioSourceCodeAccess (342)
[2020.07.12-12.46.36:697][835]LogModuleManager: Shutting down and abandoning module HotReload (341)
[2020.07.12-12.46.36:697][835]LogModuleManager: Shutting down and abandoning module DirectoryWatcher (340)
[2020.07.12-12.46.36:698][835]LogModuleManager: Shutting down and abandoning module VisualStudioCodeSourceCodeAccess (336)
[2020.07.12-12.46.36:698][835]LogModuleManager: Shutting down and abandoning module UObjectPlugin (334)
[2020.07.12-12.46.36:698][835]LogModuleManager: Shutting down and abandoning module SubversionSourceControl (332)
[2020.07.12-12.46.36:698][835]LogModuleManager: Shutting down and abandoning module RiderSourceCodeAccess (330)
[2020.07.12-12.46.36:698][835]LogModuleManager: Shutting down and abandoning module PerforceSourceControl (328)
[2020.07.12-12.46.36:698][835]LogModuleManager: Shutting down and abandoning module SourceControl (327)
[2020.07.12-12.46.36:698][835]LogModuleManager: Shutting down and abandoning module CLionSourceCodeAccess (324)
[2020.07.12-12.46.36:698][835]LogModuleManager: Shutting down and abandoning module ActorLayerUtilities (322)
[2020.07.12-12.46.36:698][835]LogModuleManager: Shutting down and abandoning module SoundFields (320)
[2020.07.12-12.46.36:698][835]LogModuleManager: Shutting down and abandoning module SignificanceManager (318)
[2020.07.12-12.46.36:698][835]LogModuleManager: Shutting down and abandoning module RuntimePhysXCooking (316)
[2020.07.12-12.46.36:698][835]LogModuleManager: Shutting down and abandoning module PhysXVehiclesEditor (314)
[2020.07.12-12.46.36:698][835]LogModuleManager: Shutting down and abandoning module LocationServicesBPLibrary (310)
[2020.07.12-12.46.36:698][835]LogModuleManager: Shutting down and abandoning module ActorSequence (308)
[2020.07.12-12.46.36:698][835]LogModuleManager: Shutting down and abandoning module UdpMessaging (306)
[2020.07.12-12.46.36:799][835]LogModuleManager: Shutting down and abandoning module TcpMessaging (304)
