Log file open, 07/11/20 23:46:44
LogInit: Display: Running engine for game: OutOfControl
LogPlatformFile: Not using cached read wrapper
LogTaskGraph: Started task graph with 5 named threads and 14 total threads with 3 sets of task threads.
LogStats: Stats thread started at 6.609051
LogD3D11RHI: Loaded GFSDK_Aftermath_Lib.x64.dll
LogICUInternationalization: ICU TimeZone Detection - Raw Offset: +2:00, Platform Override: ''
LogPluginManager: Mounting plugin Paper2D
LogPluginManager: Mounting plugin AISupport
LogPluginManager: Mounting plugin LightPropagationVolume
LogPluginManager: Mounting plugin CameraShakePreviewer
LogPluginManager: Mounting plugin ActorLayerUtilities
LogPluginManager: Mounting plugin AnimationSharing
LogPluginManager: Mounting plugin CLionSourceCodeAccess
LogPluginManager: Mounting plugin CodeLiteSourceCodeAccess
LogPluginManager: Mounting plugin GitSourceControl
LogPluginManager: Mounting plugin KDevelopSourceCodeAccess
LogPluginManager: Mounting plugin NullSourceCodeAccess
LogPluginManager: Mounting plugin PerforceSourceControl
LogPluginManager: Mounting plugin PlasticSourceControl
LogPluginManager: Mounting plugin RiderSourceCodeAccess
LogPluginManager: Mounting plugin SubversionSourceControl
LogPluginManager: Mounting plugin UObjectPlugin
LogPluginManager: Mounting plugin VisualStudioCodeSourceCodeAccess
LogPluginManager: Mounting plugin VisualStudioSourceCodeAccess
LogPluginManager: Mounting plugin XCodeSourceCodeAccess
LogPluginManager: Mounting plugin AssetManagerEditor
LogPluginManager: Mounting plugin CryptoKeys
LogPluginManager: Mounting plugin CurveEditorTools
LogPluginManager: Mounting plugin DataValidation
LogPluginManager: Mounting plugin EditorScriptingUtilities
LogPluginManager: Mounting plugin FacialAnimation
LogPluginManager: Mounting plugin GameplayTagsEditor
LogPluginManager: Mounting plugin GeometryMode
LogPluginManager: Mounting plugin MacGraphicsSwitching
LogPluginManager: Mounting plugin MaterialAnalyzer
LogPluginManager: Mounting plugin MobileLauncherProfileWizard
LogPluginManager: Mounting plugin PluginBrowser
LogPluginManager: Mounting plugin SpeedTreeImporter
LogPluginManager: Mounting plugin DatasmithContent
LogPluginManager: Mounting plugin VariantManagerContent
LogPluginManager: Mounting plugin AlembicImporter
LogPluginManager: Mounting plugin AutomationUtils
LogPluginManager: Mounting plugin BackChannel
LogPluginManager: Mounting plugin ChaosCloth
LogPluginManager: Mounting plugin ChaosClothEditor
LogPluginManager: Mounting plugin ChaosEditor
LogPluginManager: Mounting plugin ChaosNiagara
LogPluginManager: Mounting plugin ChaosSolverPlugin
LogPluginManager: Mounting plugin CharacterAI
LogPluginManager: Mounting plugin GeometryCache
LogPluginManager: Mounting plugin GeometryCollectionPlugin
LogPluginManager: Mounting plugin GeometryProcessing
LogPluginManager: Mounting plugin PlanarCut
LogPluginManager: Mounting plugin PlatformCrypto
LogPluginManager: Mounting plugin ProxyLODPlugin
LogPluginManager: Mounting plugin SkeletalReduction
LogPluginManager: Mounting plugin Niagara
LogPluginManager: Mounting plugin MagicLeap
LogPluginManager: Mounting plugin MagicLeapLightEstimation
LogPluginManager: Mounting plugin MagicLeapMedia
LogPluginManager: Mounting plugin MagicLeapPassableWorld
LogPluginManager: Mounting plugin MLSDK
LogPluginManager: Mounting plugin AndroidMedia
LogPluginManager: Mounting plugin AvfMedia
LogPluginManager: Mounting plugin ImgMedia
LogPluginManager: Mounting plugin MediaCompositing
LogPluginManager: Mounting plugin MediaPlayerEditor
LogPluginManager: Mounting plugin WebMMedia
LogPluginManager: Mounting plugin WmfMedia
LogPluginManager: Mounting plugin MeshPainting
LogPluginManager: Mounting plugin TcpMessaging
LogPluginManager: Mounting plugin UdpMessaging
LogPluginManager: Mounting plugin ActorSequence
LogPluginManager: Mounting plugin LevelSequenceEditor
LogPluginManager: Mounting plugin MatineeToLevelSequence
LogPluginManager: Mounting plugin MovieRenderPipeline
LogPluginManager: Mounting plugin TemplateSequence
LogPluginManager: Mounting plugin NetcodeUnitTest
LogPluginManager: Mounting plugin NUTUnrealEngine4
LogPluginManager: Mounting plugin OnlineSubsystemGooglePlay
LogPluginManager: Mounting plugin OnlineSubsystemIOS
LogPluginManager: Mounting plugin OnlineSubsystem
LogPluginManager: Mounting plugin OnlineSubsystemNull
LogPluginManager: Mounting plugin OnlineSubsystemUtils
LogPluginManager: Mounting plugin LauncherChunkInstaller
LogPluginManager: Mounting plugin AndroidDeviceProfileSelector
LogPluginManager: Mounting plugin AndroidMoviePlayer
LogPluginManager: Mounting plugin AndroidPermission
LogPluginManager: Mounting plugin AppleImageUtils
LogPluginManager: Mounting plugin AppleMoviePlayer
LogPluginManager: Mounting plugin ArchVisCharacter
LogPluginManager: Mounting plugin AssetTags
LogPluginManager: Mounting plugin AudioCapture
LogPluginManager: Mounting plugin CableComponent
LogPluginManager: Mounting plugin CustomMeshComponent
LogPluginManager: Mounting plugin EditableMesh
LogPluginManager: Mounting plugin ExampleDeviceProfileSelector
LogPluginManager: Mounting plugin GoogleCloudMessaging
LogPluginManager: Mounting plugin GooglePAD
LogPluginManager: Mounting plugin IOSDeviceProfileSelector
LogPluginManager: Mounting plugin LinuxDeviceProfileSelector
LogPluginManager: Mounting plugin LocationServicesBPLibrary
LogPluginManager: Mounting plugin MobilePatchingUtils
LogPluginManager: Mounting plugin OculusVR
LogPluginManager: Mounting plugin PhysXVehicles
LogPluginManager: Mounting plugin PostSplashScreen
LogPluginManager: Mounting plugin ProceduralMeshComponent
LogPluginManager: Mounting plugin RuntimePhysXCooking
LogPluginManager: Mounting plugin SignificanceManager
LogPluginManager: Mounting plugin SoundFields
LogPluginManager: Mounting plugin SteamVR
LogPluginManager: Mounting plugin Synthesis
LogPluginManager: Mounting plugin WebMMoviePlayer
LogPluginManager: Mounting plugin WindowsMoviePlayer
LogPluginManager: Mounting plugin ScreenshotTools
LogInit: Using libcurl 7.55.1-DEV
LogInit:  - built for x86_64-pc-win32
LogInit:  - supports SSL with OpenSSL/1.1.1
LogInit:  - supports HTTP deflate (compression) using libz 1.2.8
LogInit:  - other features:
LogInit:      CURL_VERSION_SSL
LogInit:      CURL_VERSION_LIBZ
LogInit:      CURL_VERSION_IPV6
LogInit:      CURL_VERSION_ASYNCHDNS
LogInit:      CURL_VERSION_LARGEFILE
LogInit:      CURL_VERSION_IDN
LogInit:  CurlRequestOptions (configurable via config and command line):
LogInit:  - bVerifyPeer = true  - Libcurl will verify peer certificate
LogInit:  - bUseHttpProxy = false  - Libcurl will NOT use HTTP proxy
LogInit:  - bDontReuseConnections = false  - Libcurl will reuse connections
LogInit:  - MaxHostConnections = 16  - Libcurl will limit the number of connections to a host
LogInit:  - LocalHostAddr = Default
LogInit:  - BufferSize = 65536
LogOnline: OSS: Creating online subsystem instance for: NULL
LogInit: WinSock: version 1.1 (2.2), MaxSocks=32767, MaxUdp=65467
LogOnline: OSS: TryLoadSubsystemAndSetDefault: Loaded subsystem for module [NULL]
LogInit: Build: ++UE4+Release-4.25-CL-13594126
LogInit: Engine Version: 4.25.1-13594126+++UE4+Release-4.25
LogInit: Compatible Engine Version: 4.25.0-13144385+++UE4+Release-4.25
LogInit: Net CL: 13144385
LogInit: OS: Windows 10 (Release 1909) (), CPU: Intel(R) Core(TM) i5-7600K CPU @ 3.80GHz, GPU: NVIDIA GeForce GTX 1050 Ti
LogInit: Compiled (64-bit): Jun  2 2020 02:10:36
LogInit: Compiled with Visual C++: 19.24.28315.00
LogInit: Build Configuration: Development
LogInit: Branch Name: ++UE4+Release-4.25
LogInit: Command Line: 
LogInit: Base Directory: C:/Program Files/Epic Games/UE_4.25/Engine/Binaries/Win64/
LogInit: Allocator: TBB
LogInit: Installed Engine Build: 1
LogDevObjectVersion: Number of dev versions registered: 26
LogDevObjectVersion:   Dev-Blueprints (B0D832E4-1F89-4F0D-ACCF-7EB736FD4AA2): 10
LogDevObjectVersion:   Dev-Build (E1C64328-A22C-4D53-A36C-8E866417BD8C): 0
LogDevObjectVersion:   Dev-Core (375EC13C-06E4-48FB-B500-84F0262A717E): 4
LogDevObjectVersion:   Dev-Editor (E4B068ED-F494-42E9-A231-DA0B2E46BB41): 38
LogDevObjectVersion:   Dev-Framework (CFFC743F-43B0-4480-9391-14DF171D2073): 37
LogDevObjectVersion:   Dev-Mobile (B02B49B5-BB20-44E9-A304-32B752E40360): 2
LogDevObjectVersion:   Dev-Networking (A4E4105C-59A1-49B5-A7C5-40C4547EDFEE): 0
LogDevObjectVersion:   Dev-Online (39C831C9-5AE6-47DC-9A44-9C173E1C8E7C): 0
LogDevObjectVersion:   Dev-Physics (78F01B33-EBEA-4F98-B9B4-84EACCB95AA2): 4
LogDevObjectVersion:   Dev-Platform (6631380F-2D4D-43E0-8009-CF276956A95A): 0
LogDevObjectVersion:   Dev-Rendering (12F88B9F-8875-4AFC-A67C-D90C383ABD29): 43
LogDevObjectVersion:   Dev-Sequencer (7B5AE74C-D270-4C10-A958-57980B212A5A): 12
LogDevObjectVersion:   Dev-VR (D7296918-1DD6-4BDD-9DE2-64A83CC13884): 3
LogDevObjectVersion:   Dev-LoadTimes (C2A15278-BFE7-4AFE-6C17-90FF531DF755): 1
LogDevObjectVersion:   Private-Geometry (6EACA3D4-40EC-4CC1-B786-8BED09428FC5): 3
LogDevObjectVersion:   Dev-AnimPhys (29E575DD-E0A3-4627-9D10-D276232CDCEA): 17
LogDevObjectVersion:   Dev-Anim (AF43A65D-7FD3-4947-9873-3E8ED9C1BB05): 7
LogDevObjectVersion:   Dev-ReflectionCapture (6B266CEC-1EC7-4B8F-A30B-E4D90942FC07): 1
LogDevObjectVersion:   Dev-Automation (0DF73D61-A23F-47EA-B727-89E90C41499A): 1
LogDevObjectVersion:   FortniteMain (601D1886-AC64-4F84-AA16-D3DE0DEAC7D6): 31
LogDevObjectVersion:   Dev-Enterprise (9DFFBCD6-494F-0158-E221-12823C92A888): 10
LogDevObjectVersion:   Dev-Niagara (F2AED0AC-9AFE-416F-8664-AA7FFA26D6FC): 1
LogDevObjectVersion:   Dev-Destruction (174F1F0B-B4C6-45A5-B13F-2EE8D0FB917D): 10
LogDevObjectVersion:   Dev-Physics-Ext (35F94A83-E258-406C-A318-09F59610247C): 37
LogDevObjectVersion:   Dev-PhysicsMaterial-Chaos (B68FC16E-8B1B-42E2-B453-215C058844FE): 1
LogDevObjectVersion:   Dev-CineCamera (B2E18506-4273-CFC2-A54E-F4BB758BBA07): 1
LogInit: Presizing for max 25165824 objects, including 0 objects not considered by GC, pre-allocating 0 bytes for permanent pool.
LogConfig: Applying CVar settings from Section [/Script/Engine.StreamingSettings] File [C:/Users/juana/Documents/GitHub/hello/hello/pokemon-fan/pokemon-fan/outacontrolv1/OutOfControl/Saved/Config/Windows/Engine.ini]
LogConfig: Setting CVar [[s.MinBulkDataSizeForAsyncLoading:131072]]
LogConfig: Setting CVar [[s.AsyncLoadingThreadEnabled:0]]
LogConfig: Setting CVar [[s.EventDrivenLoaderEnabled:1]]
LogConfig: Setting CVar [[s.WarnIfTimeLimitExceeded:0]]
LogConfig: Setting CVar [[s.TimeLimitExceededMultiplier:1.5]]
LogConfig: Setting CVar [[s.TimeLimitExceededMinTime:0.005]]
LogConfig: Setting CVar [[s.UseBackgroundLevelStreaming:1]]
LogConfig: Setting CVar [[s.PriorityAsyncLoadingExtraTime:15.0]]
LogConfig: Setting CVar [[s.LevelStreamingActorsUpdateTimeLimit:5.0]]
LogConfig: Setting CVar [[s.PriorityLevelStreamingActorsUpdateExtraTime:5.0]]
LogConfig: Setting CVar [[s.LevelStreamingComponentsRegistrationGranularity:10]]
LogConfig: Setting CVar [[s.UnregisterComponentsTimeLimit:1.0]]
LogConfig: Setting CVar [[s.LevelStreamingComponentsUnregistrationGranularity:5]]
LogConfig: Setting CVar [[s.FlushStreamingOnExit:1]]
LogInit: Object subsystem initialized
LogConfig: Setting CVar [[con.DebugEarlyDefault:1]]
LogConfig: Setting CVar [[r.setres:1280x720]]
[2020.07.11-21.46.46:999][  0]LogConfig: Setting CVar [[r.VSync:0]]
[2020.07.11-21.46.46:999][  0]LogConfig: Setting CVar [[r.RHICmdBypass:0]]
[2020.07.11-21.46.46:999][  0]LogConfig: Applying CVar settings from Section [/Script/Engine.RendererSettings] File [C:/Users/juana/Documents/GitHub/hello/hello/pokemon-fan/pokemon-fan/outacontrolv1/OutOfControl/Saved/Config/Windows/Engine.ini]
[2020.07.11-21.46.46:999][  0]LogConfig: Setting CVar [[r.GPUCrashDebugging:0]]
[2020.07.11-21.46.46:999][  0]LogConfig: Applying CVar settings from Section [/Script/Engine.RendererOverrideSettings] File [C:/Users/juana/Documents/GitHub/hello/hello/pokemon-fan/pokemon-fan/outacontrolv1/OutOfControl/Saved/Config/Windows/Engine.ini]
[2020.07.11-21.46.46:999][  0]LogConfig: Applying CVar settings from Section [/Script/Engine.StreamingSettings] File [C:/Users/juana/Documents/GitHub/hello/hello/pokemon-fan/pokemon-fan/outacontrolv1/OutOfControl/Saved/Config/Windows/Engine.ini]
[2020.07.11-21.46.46:999][  0]LogConfig: Setting CVar [[s.MinBulkDataSizeForAsyncLoading:131072]]
[2020.07.11-21.46.46:999][  0]LogConfig: Setting CVar [[s.AsyncLoadingThreadEnabled:0]]
[2020.07.11-21.46.46:999][  0]LogConfig: Setting CVar [[s.EventDrivenLoaderEnabled:1]]
[2020.07.11-21.46.46:999][  0]LogConfig: Setting CVar [[s.WarnIfTimeLimitExceeded:0]]
[2020.07.11-21.46.46:999][  0]LogConfig: Setting CVar [[s.TimeLimitExceededMultiplier:1.5]]
[2020.07.11-21.46.46:999][  0]LogConfig: Setting CVar [[s.TimeLimitExceededMinTime:0.005]]
[2020.07.11-21.46.46:999][  0]LogConfig: Setting CVar [[s.UseBackgroundLevelStreaming:1]]
[2020.07.11-21.46.46:999][  0]LogConfig: Setting CVar [[s.PriorityAsyncLoadingExtraTime:15.0]]
[2020.07.11-21.46.46:999][  0]LogConfig: Setting CVar [[s.LevelStreamingActorsUpdateTimeLimit:5.0]]
[2020.07.11-21.46.46:999][  0]LogConfig: Setting CVar [[s.PriorityLevelStreamingActorsUpdateExtraTime:5.0]]
[2020.07.11-21.46.46:999][  0]LogConfig: Setting CVar [[s.LevelStreamingComponentsRegistrationGranularity:10]]
[2020.07.11-21.46.46:999][  0]LogConfig: Setting CVar [[s.UnregisterComponentsTimeLimit:1.0]]
[2020.07.11-21.46.46:999][  0]LogConfig: Setting CVar [[s.LevelStreamingComponentsUnregistrationGranularity:5]]
[2020.07.11-21.46.46:999][  0]LogConfig: Setting CVar [[s.FlushStreamingOnExit:1]]
[2020.07.11-21.46.46:999][  0]LogConfig: Applying CVar settings from Section [/Script/Engine.GarbageCollectionSettings] File [C:/Users/juana/Documents/GitHub/hello/hello/pokemon-fan/pokemon-fan/outacontrolv1/OutOfControl/Saved/Config/Windows/Engine.ini]
[2020.07.11-21.46.46:999][  0]LogConfig: Setting CVar [[gc.MaxObjectsNotConsideredByGC:1]]
[2020.07.11-21.46.46:999][  0]LogConfig: Setting CVar [[gc.SizeOfPermanentObjectPool:0]]
[2020.07.11-21.46.46:999][  0]LogConfig: Setting CVar [[gc.FlushStreamingOnGC:0]]
[2020.07.11-21.46.46:999][  0]LogConfig: Setting CVar [[gc.NumRetriesBeforeForcingGC:10]]
[2020.07.11-21.46.46:999][  0]LogConfig: Setting CVar [[gc.AllowParallelGC:1]]
[2020.07.11-21.46.46:999][  0]LogConfig: Setting CVar [[gc.TimeBetweenPurgingPendingKillObjects:61.1]]
[2020.07.11-21.46.46:999][  0]LogConfig: Setting CVar [[gc.MaxObjectsInEditor:25165824]]
[2020.07.11-21.46.46:999][  0]LogConfig: Setting CVar [[gc.IncrementalBeginDestroyEnabled:1]]
[2020.07.11-21.46.46:999][  0]LogConfig: Setting CVar [[gc.CreateGCClusters:1]]
[2020.07.11-21.46.46:999][  0]LogConfig: Setting CVar [[gc.MinGCClusterSize:5]]
[2020.07.11-21.46.46:999][  0]LogConfig: Setting CVar [[gc.ActorClusteringEnabled:0]]
[2020.07.11-21.46.46:999][  0]LogConfig: Setting CVar [[gc.BlueprintClusteringEnabled:0]]
[2020.07.11-21.46.46:999][  0]LogConfig: Setting CVar [[gc.UseDisregardForGCOnDedicatedServers:0]]
[2020.07.11-21.46.46:999][  0]LogConfig: Applying CVar settings from Section [/Script/Engine.NetworkSettings] File [C:/Users/juana/Documents/GitHub/hello/hello/pokemon-fan/pokemon-fan/outacontrolv1/OutOfControl/Saved/Config/Windows/Engine.ini]
[2020.07.11-21.46.46:999][  0]LogConfig: Applying CVar settings from Section [/Script/UnrealEd.CookerSettings] File [C:/Users/juana/Documents/GitHub/hello/hello/pokemon-fan/pokemon-fan/outacontrolv1/OutOfControl/Saved/Config/Windows/Engine.ini]
[2020.07.11-21.46.47:002][  0]LogConfig: Applying CVar settings from Section [ViewDistanceQuality@3] File [C:/Users/juana/Documents/GitHub/hello/hello/pokemon-fan/pokemon-fan/outacontrolv1/OutOfControl/Saved/Config/Windows/Scalability.ini]
[2020.07.11-21.46.47:002][  0]LogConfig: Setting CVar [[r.SkeletalMeshLODBias:0]]
[2020.07.11-21.46.47:002][  0]LogConfig: Setting CVar [[r.ViewDistanceScale:1.0]]
[2020.07.11-21.46.47:002][  0]LogConfig: Applying CVar settings from Section [AntiAliasingQuality@3] File [C:/Users/juana/Documents/GitHub/hello/hello/pokemon-fan/pokemon-fan/outacontrolv1/OutOfControl/Saved/Config/Windows/Scalability.ini]
[2020.07.11-21.46.47:002][  0]LogConfig: Setting CVar [[r.PostProcessAAQuality:4]]
[2020.07.11-21.46.47:002][  0]LogConfig: Applying CVar settings from Section [ShadowQuality@3] File [C:/Users/juana/Documents/GitHub/hello/hello/pokemon-fan/pokemon-fan/outacontrolv1/OutOfControl/Saved/Config/Windows/Scalability.ini]
[2020.07.11-21.46.47:002][  0]LogConfig: Setting CVar [[r.LightFunctionQuality:1]]
[2020.07.11-21.46.47:002][  0]LogConfig: Setting CVar [[r.ShadowQuality:5]]
[2020.07.11-21.46.47:002][  0]LogConfig: Setting CVar [[r.Shadow.CSM.MaxCascades:10]]
[2020.07.11-21.46.47:002][  0]LogConfig: Setting CVar [[r.Shadow.MaxResolution:2048]]
[2020.07.11-21.46.47:002][  0]LogConfig: Setting CVar [[r.Shadow.MaxCSMResolution:2048]]
[2020.07.11-21.46.47:002][  0]LogConfig: Setting CVar [[r.Shadow.RadiusThreshold:0.01]]
[2020.07.11-21.46.47:002][  0]LogConfig: Setting CVar [[r.Shadow.DistanceScale:1.0]]
[2020.07.11-21.46.47:002][  0]LogConfig: Setting CVar [[r.Shadow.CSM.TransitionScale:1.0]]
[2020.07.11-21.46.47:002][  0]LogConfig: Setting CVar [[r.Shadow.PreShadowResolutionFactor:1.0]]
[2020.07.11-21.46.47:002][  0]LogConfig: Setting CVar [[r.DistanceFieldShadowing:1]]
[2020.07.11-21.46.47:002][  0]LogConfig: Setting CVar [[r.DistanceFieldAO:1]]
[2020.07.11-21.46.47:002][  0]LogConfig: Setting CVar [[r.AOQuality:2]]
[2020.07.11-21.46.47:002][  0]LogConfig: Setting CVar [[r.VolumetricFog:1]]
[2020.07.11-21.46.47:002][  0]LogConfig: Setting CVar [[r.VolumetricFog.GridPixelSize:8]]
[2020.07.11-21.46.47:002][  0]LogConfig: Setting CVar [[r.VolumetricFog.GridSizeZ:128]]
[2020.07.11-21.46.47:002][  0]LogConfig: Setting CVar [[r.VolumetricFog.HistoryMissSupersampleCount:4]]
[2020.07.11-21.46.47:002][  0]LogConfig: Setting CVar [[r.LightMaxDrawDistanceScale:1]]
[2020.07.11-21.46.47:002][  0]LogConfig: Setting CVar [[r.CapsuleShadows:1]]
[2020.07.11-21.46.47:002][  0]LogConfig: Applying CVar settings from Section [PostProcessQuality@3] File [C:/Users/juana/Documents/GitHub/hello/hello/pokemon-fan/pokemon-fan/outacontrolv1/OutOfControl/Saved/Config/Windows/Scalability.ini]
[2020.07.11-21.46.47:002][  0]LogConfig: Setting CVar [[r.MotionBlurQuality:4]]
[2020.07.11-21.46.47:002][  0]LogConfig: Setting CVar [[r.AmbientOcclusionMipLevelFactor:0.4]]
[2020.07.11-21.46.47:002][  0]LogConfig: Setting CVar [[r.AmbientOcclusionMaxQuality:100]]
[2020.07.11-21.46.47:002][  0]LogConfig: Setting CVar [[r.AmbientOcclusionLevels:-1]]
[2020.07.11-21.46.47:002][  0]LogConfig: Setting CVar [[r.AmbientOcclusionRadiusScale:1.0]]
[2020.07.11-21.46.47:002][  0]LogConfig: Setting CVar [[r.DepthOfFieldQuality:2]]
[2020.07.11-21.46.47:002][  0]LogConfig: Setting CVar [[r.RenderTargetPoolMin:400]]
[2020.07.11-21.46.47:002][  0]LogConfig: Setting CVar [[r.LensFlareQuality:2]]
[2020.07.11-21.46.47:002][  0]LogConfig: Setting CVar [[r.SceneColorFringeQuality:1]]
[2020.07.11-21.46.47:002][  0]LogConfig: Setting CVar [[r.EyeAdaptationQuality:2]]
[2020.07.11-21.46.47:002][  0]LogConfig: Setting CVar [[r.BloomQuality:5]]
[2020.07.11-21.46.47:002][  0]LogConfig: Setting CVar [[r.FastBlurThreshold:100]]
[2020.07.11-21.46.47:002][  0]LogConfig: Setting CVar [[r.Upscale.Quality:3]]
[2020.07.11-21.46.47:002][  0]LogConfig: Setting CVar [[r.Tonemapper.GrainQuantization:1]]
[2020.07.11-21.46.47:002][  0]LogConfig: Setting CVar [[r.LightShaftQuality:1]]
[2020.07.11-21.46.47:002][  0]LogConfig: Setting CVar [[r.Filter.SizeScale:1]]
[2020.07.11-21.46.47:002][  0]LogConfig: Setting CVar [[r.Tonemapper.Quality:5]]
[2020.07.11-21.46.47:002][  0]LogConfig: Setting CVar [[r.DOF.Gather.AccumulatorQuality:1        ; higher gathering accumulator quality]]
[2020.07.11-21.46.47:002][  0]LogConfig: Setting CVar [[r.DOF.Gather.PostfilterMethod:1          ; Median3x3 postfilering method]]
[2020.07.11-21.46.47:002][  0]LogConfig: Setting CVar [[r.DOF.Gather.EnableBokehSettings:0       ; no bokeh simulation when gathering]]
[2020.07.11-21.46.47:002][  0]LogConfig: Setting CVar [[r.DOF.Gather.RingCount:4                 ; medium number of samples when gathering]]
[2020.07.11-21.46.47:002][  0]LogConfig: Setting CVar [[r.DOF.Scatter.ForegroundCompositing:1    ; additive foreground scattering]]
[2020.07.11-21.46.47:002][  0]LogConfig: Setting CVar [[r.DOF.Scatter.BackgroundCompositing:2    ; additive background scattering]]
[2020.07.11-21.46.47:002][  0]LogConfig: Setting CVar [[r.DOF.Scatter.EnableBokehSettings:1      ; bokeh simulation when scattering]]
[2020.07.11-21.46.47:002][  0]LogConfig: Setting CVar [[r.DOF.Scatter.MaxSpriteRatio:0.1         ; only a maximum of 10% of scattered bokeh]]
[2020.07.11-21.46.47:002][  0]LogConfig: Setting CVar [[r.DOF.Recombine.Quality:1                ; cheap slight out of focus]]
[2020.07.11-21.46.47:002][  0]LogConfig: Setting CVar [[r.DOF.Recombine.EnableBokehSettings:0    ; no bokeh simulation on slight out of focus]]
[2020.07.11-21.46.47:002][  0]LogConfig: Setting CVar [[r.DOF.TemporalAAQuality:1                ; more stable temporal accumulation]]
[2020.07.11-21.46.47:002][  0]LogConfig: Setting CVar [[r.DOF.Kernel.MaxForegroundRadius:0.025]]
[2020.07.11-21.46.47:002][  0]LogConfig: Setting CVar [[r.DOF.Kernel.MaxBackgroundRadius:0.025]]
[2020.07.11-21.46.47:002][  0]LogConfig: Applying CVar settings from Section [TextureQuality@3] File [C:/Users/juana/Documents/GitHub/hello/hello/pokemon-fan/pokemon-fan/outacontrolv1/OutOfControl/Saved/Config/Windows/Scalability.ini]
[2020.07.11-21.46.47:002][  0]LogConfig: Setting CVar [[r.Streaming.MipBias:0]]
[2020.07.11-21.46.47:002][  0]LogConfig: Setting CVar [[r.Streaming.AmortizeCPUToGPUCopy:0]]
[2020.07.11-21.46.47:002][  0]LogConfig: Setting CVar [[r.Streaming.MaxNumTexturesToStreamPerFrame:0]]
[2020.07.11-21.46.47:002][  0]LogConfig: Setting CVar [[r.Streaming.Boost:1]]
[2020.07.11-21.46.47:002][  0]LogConfig: Setting CVar [[r.MaxAnisotropy:8]]
[2020.07.11-21.46.47:002][  0]LogConfig: Setting CVar [[r.VT.MaxAnisotropy:8]]
[2020.07.11-21.46.47:002][  0]LogConfig: Setting CVar [[r.Streaming.LimitPoolSizeToVRAM:0]]
[2020.07.11-21.46.47:002][  0]LogConfig: Setting CVar [[r.Streaming.PoolSize:1000]]
[2020.07.11-21.46.47:002][  0]LogConfig: Setting CVar [[r.Streaming.MaxEffectiveScreenSize:0]]
[2020.07.11-21.46.47:002][  0]LogConfig: Applying CVar settings from Section [EffectsQuality@3] File [C:/Users/juana/Documents/GitHub/hello/hello/pokemon-fan/pokemon-fan/outacontrolv1/OutOfControl/Saved/Config/Windows/Scalability.ini]
[2020.07.11-21.46.47:002][  0]LogConfig: Setting CVar [[r.TranslucencyLightingVolumeDim:64]]
[2020.07.11-21.46.47:003][  0]LogConfig: Setting CVar [[r.RefractionQuality:2]]
[2020.07.11-21.46.47:003][  0]LogConfig: Setting CVar [[r.SSR.Quality:3]]
[2020.07.11-21.46.47:003][  0]LogConfig: Setting CVar [[r.SSR.HalfResSceneColor:0]]
[2020.07.11-21.46.47:003][  0]LogConfig: Setting CVar [[r.SceneColorFormat:4]]
[2020.07.11-21.46.47:003][  0]LogConfig: Setting CVar [[r.DetailMode:2]]
[2020.07.11-21.46.47:003][  0]LogConfig: Setting CVar [[r.TranslucencyVolumeBlur:1]]
[2020.07.11-21.46.47:003][  0]LogConfig: Setting CVar [[r.MaterialQualityLevel:1 ; High quality]]
[2020.07.11-21.46.47:003][  0]LogConfig: Setting CVar [[r.SSS.Scale:1]]
[2020.07.11-21.46.47:003][  0]LogConfig: Setting CVar [[r.SSS.SampleSet:2]]
[2020.07.11-21.46.47:003][  0]LogConfig: Setting CVar [[r.SSS.Quality:1]]
[2020.07.11-21.46.47:003][  0]LogConfig: Setting CVar [[r.SSS.HalfRes:0]]
[2020.07.11-21.46.47:003][  0]LogConfig: Setting CVar [[r.SSGI.Quality:3]]
[2020.07.11-21.46.47:003][  0]LogConfig: Setting CVar [[r.EmitterSpawnRateScale:1.0]]
[2020.07.11-21.46.47:003][  0]LogConfig: Setting CVar [[r.ParticleLightQuality:2]]
[2020.07.11-21.46.47:003][  0]LogConfig: Setting CVar [[r.SkyAtmosphere.AerialPerspectiveLUT.FastApplyOnOpaque:1 ; Always have FastSkyLUT 1 in this case to avoid wrong sky]]
[2020.07.11-21.46.47:003][  0]LogConfig: Setting CVar [[r.SkyAtmosphere.AerialPerspectiveLUT.SampleCountPerSlice:1]]
[2020.07.11-21.46.47:003][  0]LogConfig: Setting CVar [[r.SkyAtmosphere.AerialPerspectiveLUT.DepthResolution:16.0]]
[2020.07.11-21.46.47:003][  0]LogConfig: Setting CVar [[r.SkyAtmosphere.FastSkyLUT:1]]
[2020.07.11-21.46.47:003][  0]LogConfig: Setting CVar [[r.SkyAtmosphere.FastSkyLUT.SampleCountMin:4.0]]
[2020.07.11-21.46.47:003][  0]LogConfig: Setting CVar [[r.SkyAtmosphere.FastSkyLUT.SampleCountMax:32.0]]
[2020.07.11-21.46.47:003][  0]LogConfig: Setting CVar [[r.SkyAtmosphere.SampleCountMin:4.0]]
[2020.07.11-21.46.47:003][  0]LogConfig: Setting CVar [[r.SkyAtmosphere.SampleCountMax:32.0]]
[2020.07.11-21.46.47:003][  0]LogConfig: Setting CVar [[r.SkyAtmosphere.TransmittanceLUT.UseSmallFormat:0]]
[2020.07.11-21.46.47:003][  0]LogConfig: Setting CVar [[r.SkyAtmosphere.TransmittanceLUT.SampleCount:10.0]]
[2020.07.11-21.46.47:003][  0]LogConfig: Setting CVar [[r.SkyAtmosphere.MultiScatteringLUT.SampleCount:15.0]]
[2020.07.11-21.46.47:003][  0]LogConfig: Applying CVar settings from Section [FoliageQuality@3] File [C:/Users/juana/Documents/GitHub/hello/hello/pokemon-fan/pokemon-fan/outacontrolv1/OutOfControl/Saved/Config/Windows/Scalability.ini]
[2020.07.11-21.46.47:003][  0]LogConfig: Setting CVar [[foliage.DensityScale:1.0]]
[2020.07.11-21.46.47:003][  0]LogConfig: Setting CVar [[grass.DensityScale:1.0]]
[2020.07.11-21.46.47:003][  0]LogConfig: Applying CVar settings from Section [ShadingQuality@3] File [C:/Users/juana/Documents/GitHub/hello/hello/pokemon-fan/pokemon-fan/outacontrolv1/OutOfControl/Saved/Config/Windows/Scalability.ini]
[2020.07.11-21.46.47:003][  0]LogConfig: Setting CVar [[r.HairStrands.SkyLighting.SampleCount:16]]
[2020.07.11-21.46.47:003][  0]LogConfig: Setting CVar [[r.HairStrands.SkyLighting.JitterIntegration:0]]
[2020.07.11-21.46.47:003][  0]LogConfig: Setting CVar [[r.HairStrands.SkyAO.SampleCount:16]]
[2020.07.11-21.46.47:003][  0]LogConfig: Setting CVar [[r.HairStrands.DeepShadow.SuperSampling:0]]
[2020.07.11-21.46.47:003][  0]LogConfig: Setting CVar [[r.HairStrands.VisibilityPPLL:0]]
[2020.07.11-21.46.47:003][  0]LogConfig: Setting CVar [[r.HairStrands.RasterizationScale:0.5]]
[2020.07.11-21.46.47:003][  0]LogConfig: Setting CVar [[r.HairStrands.VelocityRasterizationScale:1]]
[2020.07.11-21.46.47:003][  0]LogInit: Selected Device Profile: [Windows]
[2020.07.11-21.46.47:003][  0]LogInit: Applying CVar settings loaded from the selected device profile: [Windows]
[2020.07.11-21.46.47:003][  0]LogHAL: Display: Platform has ~ 8 GB [8546631680 / 8589934592 / 8], which maps to Default [LargestMinGB=32, LargerMinGB=12, DefaultMinGB=8, SmallerMinGB=6, SmallestMinGB=0)
[2020.07.11-21.46.47:003][  0]LogInit: Going up to parent DeviceProfile []
[2020.07.11-21.46.47:003][  0]LogConfig: Applying CVar settings from Section [ViewDistanceQuality@3] File [C:/Users/juana/Documents/GitHub/hello/hello/pokemon-fan/pokemon-fan/outacontrolv1/OutOfControl/Saved/Config/Windows/Scalability.ini]
[2020.07.11-21.46.47:003][  0]LogConfig: Setting CVar [[r.SkeletalMeshLODBias:0]]
[2020.07.11-21.46.47:003][  0]LogConfig: Setting CVar [[r.ViewDistanceScale:1.0]]
[2020.07.11-21.46.47:003][  0]LogConfig: Applying CVar settings from Section [AntiAliasingQuality@3] File [C:/Users/juana/Documents/GitHub/hello/hello/pokemon-fan/pokemon-fan/outacontrolv1/OutOfControl/Saved/Config/Windows/Scalability.ini]
[2020.07.11-21.46.47:003][  0]LogConfig: Setting CVar [[r.PostProcessAAQuality:4]]
[2020.07.11-21.46.47:003][  0]LogConfig: Applying CVar settings from Section [ShadowQuality@3] File [C:/Users/juana/Documents/GitHub/hello/hello/pokemon-fan/pokemon-fan/outacontrolv1/OutOfControl/Saved/Config/Windows/Scalability.ini]
[2020.07.11-21.46.47:003][  0]LogConfig: Setting CVar [[r.LightFunctionQuality:1]]
[2020.07.11-21.46.47:003][  0]LogConfig: Setting CVar [[r.ShadowQuality:5]]
[2020.07.11-21.46.47:003][  0]LogConfig: Setting CVar [[r.Shadow.CSM.MaxCascades:10]]
[2020.07.11-21.46.47:003][  0]LogConfig: Setting CVar [[r.Shadow.MaxResolution:2048]]
[2020.07.11-21.46.47:003][  0]LogConfig: Setting CVar [[r.Shadow.MaxCSMResolution:2048]]
[2020.07.11-21.46.47:003][  0]LogConfig: Setting CVar [[r.Shadow.RadiusThreshold:0.01]]
[2020.07.11-21.46.47:003][  0]LogConfig: Setting CVar [[r.Shadow.DistanceScale:1.0]]
[2020.07.11-21.46.47:003][  0]LogConfig: Setting CVar [[r.Shadow.CSM.TransitionScale:1.0]]
[2020.07.11-21.46.47:003][  0]LogConfig: Setting CVar [[r.Shadow.PreShadowResolutionFactor:1.0]]
[2020.07.11-21.46.47:003][  0]LogConfig: Setting CVar [[r.DistanceFieldShadowing:1]]
[2020.07.11-21.46.47:003][  0]LogConfig: Setting CVar [[r.DistanceFieldAO:1]]
[2020.07.11-21.46.47:003][  0]LogConfig: Setting CVar [[r.AOQuality:2]]
[2020.07.11-21.46.47:003][  0]LogConfig: Setting CVar [[r.VolumetricFog:1]]
[2020.07.11-21.46.47:003][  0]LogConfig: Setting CVar [[r.VolumetricFog.GridPixelSize:8]]
[2020.07.11-21.46.47:003][  0]LogConfig: Setting CVar [[r.VolumetricFog.GridSizeZ:128]]
[2020.07.11-21.46.47:003][  0]LogConfig: Setting CVar [[r.VolumetricFog.HistoryMissSupersampleCount:4]]
[2020.07.11-21.46.47:004][  0]LogConfig: Setting CVar [[r.LightMaxDrawDistanceScale:1]]
[2020.07.11-21.46.47:004][  0]LogConfig: Setting CVar [[r.CapsuleShadows:1]]
[2020.07.11-21.46.47:004][  0]LogConfig: Applying CVar settings from Section [PostProcessQuality@3] File [C:/Users/juana/Documents/GitHub/hello/hello/pokemon-fan/pokemon-fan/outacontrolv1/OutOfControl/Saved/Config/Windows/Scalability.ini]
[2020.07.11-21.46.47:004][  0]LogConfig: Setting CVar [[r.MotionBlurQuality:4]]
[2020.07.11-21.46.47:004][  0]LogConfig: Setting CVar [[r.AmbientOcclusionMipLevelFactor:0.4]]
[2020.07.11-21.46.47:004][  0]LogConfig: Setting CVar [[r.AmbientOcclusionMaxQuality:100]]
[2020.07.11-21.46.47:004][  0]LogConfig: Setting CVar [[r.AmbientOcclusionLevels:-1]]
[2020.07.11-21.46.47:004][  0]LogConfig: Setting CVar [[r.AmbientOcclusionRadiusScale:1.0]]
[2020.07.11-21.46.47:004][  0]LogConfig: Setting CVar [[r.DepthOfFieldQuality:2]]
[2020.07.11-21.46.47:004][  0]LogConfig: Setting CVar [[r.RenderTargetPoolMin:400]]
[2020.07.11-21.46.47:004][  0]LogConfig: Setting CVar [[r.LensFlareQuality:2]]
[2020.07.11-21.46.47:004][  0]LogConfig: Setting CVar [[r.SceneColorFringeQuality:1]]
[2020.07.11-21.46.47:004][  0]LogConfig: Setting CVar [[r.EyeAdaptationQuality:2]]
[2020.07.11-21.46.47:004][  0]LogConfig: Setting CVar [[r.BloomQuality:5]]
[2020.07.11-21.46.47:004][  0]LogConfig: Setting CVar [[r.FastBlurThreshold:100]]
[2020.07.11-21.46.47:004][  0]LogConfig: Setting CVar [[r.Upscale.Quality:3]]
[2020.07.11-21.46.47:004][  0]LogConfig: Setting CVar [[r.Tonemapper.GrainQuantization:1]]
[2020.07.11-21.46.47:004][  0]LogConfig: Setting CVar [[r.LightShaftQuality:1]]
[2020.07.11-21.46.47:004][  0]LogConfig: Setting CVar [[r.Filter.SizeScale:1]]
[2020.07.11-21.46.47:004][  0]LogConfig: Setting CVar [[r.Tonemapper.Quality:5]]
[2020.07.11-21.46.47:004][  0]LogConfig: Setting CVar [[r.DOF.Gather.AccumulatorQuality:1        ; higher gathering accumulator quality]]
[2020.07.11-21.46.47:004][  0]LogConfig: Setting CVar [[r.DOF.Gather.PostfilterMethod:1          ; Median3x3 postfilering method]]
[2020.07.11-21.46.47:004][  0]LogConfig: Setting CVar [[r.DOF.Gather.EnableBokehSettings:0       ; no bokeh simulation when gathering]]
[2020.07.11-21.46.47:004][  0]LogConfig: Setting CVar [[r.DOF.Gather.RingCount:4                 ; medium number of samples when gathering]]
[2020.07.11-21.46.47:004][  0]LogConfig: Setting CVar [[r.DOF.Scatter.ForegroundCompositing:1    ; additive foreground scattering]]
[2020.07.11-21.46.47:004][  0]LogConfig: Setting CVar [[r.DOF.Scatter.BackgroundCompositing:2    ; additive background scattering]]
[2020.07.11-21.46.47:004][  0]LogConfig: Setting CVar [[r.DOF.Scatter.EnableBokehSettings:1      ; bokeh simulation when scattering]]
[2020.07.11-21.46.47:004][  0]LogConfig: Setting CVar [[r.DOF.Scatter.MaxSpriteRatio:0.1         ; only a maximum of 10% of scattered bokeh]]
[2020.07.11-21.46.47:004][  0]LogConfig: Setting CVar [[r.DOF.Recombine.Quality:1                ; cheap slight out of focus]]
[2020.07.11-21.46.47:004][  0]LogConfig: Setting CVar [[r.DOF.Recombine.EnableBokehSettings:0    ; no bokeh simulation on slight out of focus]]
[2020.07.11-21.46.47:004][  0]LogConfig: Setting CVar [[r.DOF.TemporalAAQuality:1                ; more stable temporal accumulation]]
[2020.07.11-21.46.47:004][  0]LogConfig: Setting CVar [[r.DOF.Kernel.MaxForegroundRadius:0.025]]
[2020.07.11-21.46.47:004][  0]LogConfig: Setting CVar [[r.DOF.Kernel.MaxBackgroundRadius:0.025]]
[2020.07.11-21.46.47:004][  0]LogConfig: Applying CVar settings from Section [TextureQuality@3] File [C:/Users/juana/Documents/GitHub/hello/hello/pokemon-fan/pokemon-fan/outacontrolv1/OutOfControl/Saved/Config/Windows/Scalability.ini]
[2020.07.11-21.46.47:004][  0]LogConfig: Setting CVar [[r.Streaming.MipBias:0]]
[2020.07.11-21.46.47:004][  0]LogConfig: Setting CVar [[r.Streaming.AmortizeCPUToGPUCopy:0]]
[2020.07.11-21.46.47:004][  0]LogConfig: Setting CVar [[r.Streaming.MaxNumTexturesToStreamPerFrame:0]]
[2020.07.11-21.46.47:004][  0]LogConfig: Setting CVar [[r.Streaming.Boost:1]]
[2020.07.11-21.46.47:004][  0]LogConfig: Setting CVar [[r.MaxAnisotropy:8]]
[2020.07.11-21.46.47:004][  0]LogConfig: Setting CVar [[r.VT.MaxAnisotropy:8]]
[2020.07.11-21.46.47:004][  0]LogConfig: Setting CVar [[r.Streaming.LimitPoolSizeToVRAM:0]]
[2020.07.11-21.46.47:004][  0]LogConfig: Setting CVar [[r.Streaming.PoolSize:1000]]
[2020.07.11-21.46.47:004][  0]LogConfig: Setting CVar [[r.Streaming.MaxEffectiveScreenSize:0]]
[2020.07.11-21.46.47:004][  0]LogConfig: Applying CVar settings from Section [EffectsQuality@3] File [C:/Users/juana/Documents/GitHub/hello/hello/pokemon-fan/pokemon-fan/outacontrolv1/OutOfControl/Saved/Config/Windows/Scalability.ini]
[2020.07.11-21.46.47:004][  0]LogConfig: Setting CVar [[r.TranslucencyLightingVolumeDim:64]]
[2020.07.11-21.46.47:004][  0]LogConfig: Setting CVar [[r.RefractionQuality:2]]
[2020.07.11-21.46.47:004][  0]LogConfig: Setting CVar [[r.SSR.Quality:3]]
[2020.07.11-21.46.47:004][  0]LogConfig: Setting CVar [[r.SSR.HalfResSceneColor:0]]
[2020.07.11-21.46.47:004][  0]LogConfig: Setting CVar [[r.SceneColorFormat:4]]
[2020.07.11-21.46.47:004][  0]LogConfig: Setting CVar [[r.DetailMode:2]]
[2020.07.11-21.46.47:004][  0]LogConfig: Setting CVar [[r.TranslucencyVolumeBlur:1]]
[2020.07.11-21.46.47:004][  0]LogConfig: Setting CVar [[r.MaterialQualityLevel:1 ; High quality]]
[2020.07.11-21.46.47:004][  0]LogConfig: Setting CVar [[r.SSS.Scale:1]]
[2020.07.11-21.46.47:004][  0]LogConfig: Setting CVar [[r.SSS.SampleSet:2]]
[2020.07.11-21.46.47:004][  0]LogConfig: Setting CVar [[r.SSS.Quality:1]]
[2020.07.11-21.46.47:004][  0]LogConfig: Setting CVar [[r.SSS.HalfRes:0]]
[2020.07.11-21.46.47:004][  0]LogConfig: Setting CVar [[r.SSGI.Quality:3]]
[2020.07.11-21.46.47:004][  0]LogConfig: Setting CVar [[r.EmitterSpawnRateScale:1.0]]
[2020.07.11-21.46.47:004][  0]LogConfig: Setting CVar [[r.ParticleLightQuality:2]]
[2020.07.11-21.46.47:004][  0]LogConfig: Setting CVar [[r.SkyAtmosphere.AerialPerspectiveLUT.FastApplyOnOpaque:1 ; Always have FastSkyLUT 1 in this case to avoid wrong sky]]
[2020.07.11-21.46.47:004][  0]LogConfig: Setting CVar [[r.SkyAtmosphere.AerialPerspectiveLUT.SampleCountPerSlice:1]]
[2020.07.11-21.46.47:004][  0]LogConfig: Setting CVar [[r.SkyAtmosphere.AerialPerspectiveLUT.DepthResolution:16.0]]
[2020.07.11-21.46.47:004][  0]LogConfig: Setting CVar [[r.SkyAtmosphere.FastSkyLUT:1]]
[2020.07.11-21.46.47:004][  0]LogConfig: Setting CVar [[r.SkyAtmosphere.FastSkyLUT.SampleCountMin:4.0]]
[2020.07.11-21.46.47:004][  0]LogConfig: Setting CVar [[r.SkyAtmosphere.FastSkyLUT.SampleCountMax:32.0]]
[2020.07.11-21.46.47:004][  0]LogConfig: Setting CVar [[r.SkyAtmosphere.SampleCountMin:4.0]]
[2020.07.11-21.46.47:004][  0]LogConfig: Setting CVar [[r.SkyAtmosphere.SampleCountMax:32.0]]
[2020.07.11-21.46.47:004][  0]LogConfig: Setting CVar [[r.SkyAtmosphere.TransmittanceLUT.UseSmallFormat:0]]
[2020.07.11-21.46.47:004][  0]LogConfig: Setting CVar [[r.SkyAtmosphere.TransmittanceLUT.SampleCount:10.0]]
[2020.07.11-21.46.47:004][  0]LogConfig: Setting CVar [[r.SkyAtmosphere.MultiScatteringLUT.SampleCount:15.0]]
[2020.07.11-21.46.47:004][  0]LogConfig: Applying CVar settings from Section [FoliageQuality@3] File [C:/Users/juana/Documents/GitHub/hello/hello/pokemon-fan/pokemon-fan/outacontrolv1/OutOfControl/Saved/Config/Windows/Scalability.ini]
[2020.07.11-21.46.47:004][  0]LogConfig: Setting CVar [[foliage.DensityScale:1.0]]
[2020.07.11-21.46.47:004][  0]LogConfig: Setting CVar [[grass.DensityScale:1.0]]
[2020.07.11-21.46.47:004][  0]LogConfig: Applying CVar settings from Section [ShadingQuality@3] File [C:/Users/juana/Documents/GitHub/hello/hello/pokemon-fan/pokemon-fan/outacontrolv1/OutOfControl/Saved/Config/Windows/Scalability.ini]
[2020.07.11-21.46.47:004][  0]LogConfig: Setting CVar [[r.HairStrands.SkyLighting.SampleCount:16]]
[2020.07.11-21.46.47:005][  0]LogConfig: Setting CVar [[r.HairStrands.SkyLighting.JitterIntegration:0]]
[2020.07.11-21.46.47:005][  0]LogConfig: Setting CVar [[r.HairStrands.SkyAO.SampleCount:16]]
[2020.07.11-21.46.47:005][  0]LogConfig: Setting CVar [[r.HairStrands.DeepShadow.SuperSampling:0]]
[2020.07.11-21.46.47:005][  0]LogConfig: Setting CVar [[r.HairStrands.VisibilityPPLL:0]]
[2020.07.11-21.46.47:005][  0]LogConfig: Setting CVar [[r.HairStrands.RasterizationScale:0.5]]
[2020.07.11-21.46.47:005][  0]LogConfig: Setting CVar [[r.HairStrands.VelocityRasterizationScale:1]]
[2020.07.11-21.46.47:005][  0]LogConfig: Applying CVar settings from Section [Startup] File [../../../Engine/Config/ConsoleVariables.ini]
[2020.07.11-21.46.47:022][  0]LogConfig: Setting CVar [[net.UseAdaptiveNetUpdateFrequency:0]]
[2020.07.11-21.46.47:022][  0]LogConfig: Setting CVar [[p.chaos.AllowCreatePhysxBodies:1]]
[2020.07.11-21.46.47:022][  0]LogConfig: Setting CVar [[fx.SkipVectorVMBackendOptimizations:1]]
[2020.07.11-21.46.47:022][  0]LogConfig: Applying CVar settings from Section [ConsoleVariables] File [C:/Users/juana/Documents/GitHub/hello/hello/pokemon-fan/pokemon-fan/outacontrolv1/OutOfControl/Saved/Config/Windows/Engine.ini]
[2020.07.11-21.46.47:022][  0]LogInit: Computer: DESKTOP-PLNC30A
[2020.07.11-21.46.47:022][  0]LogInit: User: juana
[2020.07.11-21.46.47:022][  0]LogInit: CPU Page size=4096, Cores=4
[2020.07.11-21.46.47:022][  0]LogInit: High frequency timer resolution =10.000000 MHz
[2020.07.11-21.46.47:022][  0]LogMemory: Memory total: Physical=8.0GB (8GB approx)
[2020.07.11-21.46.47:022][  0]LogMemory: Platform Memory Stats for Windows
[2020.07.11-21.46.47:022][  0]LogMemory: Process Physical Memory: 114.58 MB used, 114.59 MB peak
[2020.07.11-21.46.47:022][  0]LogMemory: Process Virtual Memory: 103.64 MB used, 103.64 MB peak
[2020.07.11-21.46.47:022][  0]LogMemory: Physical Memory: 4537.78 MB used,  3612.93 MB free, 8150.70 MB total
[2020.07.11-21.46.47:022][  0]LogMemory: Virtual Memory: 5136.59 MB used,  134212592.00 MB free, 134217728.00 MB total
[2020.07.11-21.46.47:027][  0]LogWindows: WindowsPlatformFeatures enabled
[2020.07.11-21.46.47:412][  0]LogInit: Physics initialised using underlying interface: PhysX
[2020.07.11-21.46.47:489][  0]LogInit: Using OS detected language (en-US).
[2020.07.11-21.46.47:489][  0]LogInit: Using OS detected locale (en-ZA).
[2020.07.11-21.46.47:533][  0]LogTextLocalizationManager: No specific localization for 'en-US' exists, so the 'en' localization will be used.
[2020.07.11-21.46.48:495][  0]LogInit: Setting process to per monitor DPI aware
[2020.07.11-21.46.48:899][  0]LogSlate: New Slate User Created.  User Index 0, Is Virtual User: 0
[2020.07.11-21.46.48:899][  0]LogSlate: Slate User Registered.  User Index 0, Is Virtual User: 0
[2020.07.11-21.46.52:204][  0]LogHMD: Failed to initialize OpenVR with code 110
[2020.07.11-21.46.52:204][  0]LogD3D11RHI: D3D11 min allowed feature level: 11_0
[2020.07.11-21.46.52:204][  0]LogD3D11RHI: D3D11 max allowed feature level: 11_0
[2020.07.11-21.46.52:204][  0]LogD3D11RHI: D3D11 adapters:
[2020.07.11-21.46.52:276][  0]LogD3D11RHI:    0. 'NVIDIA GeForce GTX 1050 Ti' (Feature Level 11_0)
[2020.07.11-21.46.52:276][  0]LogD3D11RHI:       4018/0/4075 MB DedicatedVideo/DedicatedSystem/SharedSystem, Outputs:1, VendorId:0x10de
[2020.07.11-21.46.52:278][  0]LogD3D11RHI:    1. 'Microsoft Basic Render Driver' (Feature Level 11_0)
[2020.07.11-21.46.52:278][  0]LogD3D11RHI:       0/0/4075 MB DedicatedVideo/DedicatedSystem/SharedSystem, Outputs:0, VendorId:0x1414
[2020.07.11-21.46.52:278][  0]LogD3D11RHI: Chosen D3D11 Adapter: 0
[2020.07.11-21.46.52:284][  0]LogD3D11RHI: Creating new Direct3DDevice
[2020.07.11-21.46.52:284][  0]LogD3D11RHI:     GPU DeviceId: 0x1c82 (for the marketing name, search the web for "GPU Device Id")
[2020.07.11-21.46.52:284][  0]LogWindows: EnumDisplayDevices:
[2020.07.11-21.46.52:284][  0]LogWindows:    0. 'NVIDIA GeForce GTX 1050 Ti' (P:1 D:1)
[2020.07.11-21.46.52:284][  0]LogWindows:    1. 'NVIDIA GeForce GTX 1050 Ti' (P:0 D:0)
[2020.07.11-21.46.52:285][  0]LogWindows:    2. 'NVIDIA GeForce GTX 1050 Ti' (P:0 D:0)
[2020.07.11-21.46.52:285][  0]LogWindows:    3. 'NVIDIA GeForce GTX 1050 Ti' (P:0 D:0)
[2020.07.11-21.46.52:285][  0]LogWindows: DebugString: FoundDriverCount:4 
[2020.07.11-21.46.52:285][  0]LogD3D11RHI:     Adapter Name: NVIDIA GeForce GTX 1050 Ti
[2020.07.11-21.46.52:285][  0]LogD3D11RHI:   Driver Version: 442.59 (internal:26.21.14.4259, unified:442.59)
[2020.07.11-21.46.52:285][  0]LogD3D11RHI:      Driver Date: 3-4-2020
[2020.07.11-21.46.52:285][  0]LogRHI: Texture pool is 2812 MB (70% of 4018 MB)
[2020.07.11-21.46.52:322][  0]LogD3D11RHI: RHI has support for 64 bit atomics
[2020.07.11-21.46.52:334][  0]LogD3D11RHI: [Aftermath] Enabled and primed
[2020.07.11-21.46.52:334][  0]LogD3D11RHI: Async texture creation enabled
[2020.07.11-21.46.52:335][  0]LogD3D11RHI: Array index from any shader is supported
[2020.07.11-21.46.52:362][  0]LogD3D11RHI: GPU Timing Frequency: 1000.000000 (Debug: 2 1)
[2020.07.11-21.46.53:023][  0]LogTargetPlatformManager: Display: Loaded TargetPlatform 'AllDesktop'
[2020.07.11-21.46.53:078][  0]LogTargetPlatformManager: Display: Loaded TargetPlatform 'Android'
[2020.07.11-21.46.53:079][  0]LogTargetPlatformManager: Display: Loaded TargetPlatform 'Android_ASTC'
[2020.07.11-21.46.53:079][  0]LogTargetPlatformManager: Display: Loaded TargetPlatform 'Android_DXT'
[2020.07.11-21.46.53:079][  0]LogTargetPlatformManager: Display: Loaded TargetPlatform 'Android_ETC2'
[2020.07.11-21.46.53:079][  0]LogTargetPlatformManager: Display: Loaded TargetPlatform 'AndroidClient'
[2020.07.11-21.46.53:079][  0]LogTargetPlatformManager: Display: Loaded TargetPlatform 'Android_ASTCClient'
[2020.07.11-21.46.53:079][  0]LogTargetPlatformManager: Display: Loaded TargetPlatform 'Android_DXTClient'
[2020.07.11-21.46.53:079][  0]LogTargetPlatformManager: Display: Loaded TargetPlatform 'Android_ETC2Client'
[2020.07.11-21.46.53:079][  0]LogTargetPlatformManager: Display: Loaded TargetPlatform 'Android_Multi'
[2020.07.11-21.46.53:079][  0]LogTargetPlatformManager: Display: Loaded TargetPlatform 'Android_MultiClient'
[2020.07.11-21.46.53:177][  0]LogTargetPlatformManager: Display: Loaded TargetPlatform 'IOSClient'
[2020.07.11-21.46.53:177][  0]LogTargetPlatformManager: Display: Loaded TargetPlatform 'IOS'
[2020.07.11-21.46.53:256][  0]LogTargetPlatformManager: Display: Loaded TargetPlatform 'Linux'
[2020.07.11-21.46.53:288][  0]LogTargetPlatformManager: Display: Loaded TargetPlatform 'LinuxNoEditor'
[2020.07.11-21.46.53:412][  0]LogTargetPlatformManager: Display: Loaded TargetPlatform 'LinuxClient'
[2020.07.11-21.46.53:452][  0]LogTargetPlatformManager: Display: Loaded TargetPlatform 'LinuxServer'
[2020.07.11-21.46.53:491][  0]LogTargetPlatformManager: Display: Loaded TargetPlatform 'LinuxAArch64NoEditor'
[2020.07.11-21.46.53:533][  0]LogTargetPlatformManager: Display: Loaded TargetPlatform 'LinuxAArch64Client'
[2020.07.11-21.46.53:556][  0]LogTargetPlatformManager: Display: Loaded TargetPlatform 'LinuxAArch64Server'
[2020.07.11-21.46.53:631][  0]LogTargetPlatformManager: Display: Loaded TargetPlatform 'Lumin'
[2020.07.11-21.46.53:631][  0]LogTargetPlatformManager: Display: Loaded TargetPlatform 'LuminClient'
[2020.07.11-21.46.53:699][  0]LogTargetPlatformManager: Display: Loaded TargetPlatform 'TVOSClient'
[2020.07.11-21.46.53:699][  0]LogTargetPlatformManager: Display: Loaded TargetPlatform 'TVOS'
[2020.07.11-21.46.53:729][  0]LogTargetPlatformManager: Display: Loaded TargetPlatform 'WindowsNoEditor'
[2020.07.11-21.46.53:753][  0]LogTargetPlatformManager: Display: Loaded TargetPlatform 'Windows'
[2020.07.11-21.46.53:773][  0]LogTargetPlatformManager: Display: Loaded TargetPlatform 'WindowsClient'
[2020.07.11-21.46.53:795][  0]LogTargetPlatformManager: Display: Loaded TargetPlatform 'WindowsServer'
[2020.07.11-21.46.53:795][  0]LogTargetPlatformManager: Display: Building Assets For Windows
[2020.07.11-21.46.53:950][  0]LogAudioDebug: Display: Lib vorbis DLL was dynamically loaded.
[2020.07.11-21.46.54:584][  0]LogShaderCompilers: Guid format shader working directory is -64 characters bigger than the processId version (../../../../../../Users/juana/Documents/GitHub/hello/hello/pokemon-fan/pokemon-fan/outacontrolv1/OutOfControl/Intermediate/Shaders/WorkingDirectory/12788/).
[2020.07.11-21.46.54:585][  0]LogShaderCompilers: Cleaned the shader compiler working directory 'C:/Users/juana/AppData/Local/Temp/UnrealShaderWorkingDir/384E87D640F1B2C61EEE8697B0209840/'.
[2020.07.11-21.46.54:604][  0]LogXGEController: Cleaning working directory: C:/Users/juana/AppData/Local/Temp/UnrealXGEWorkingDir/
[2020.07.11-21.46.54:605][  0]LogXGEController: Cannot use XGE Controller as Incredibuild is not installed on this machine.
[2020.07.11-21.46.54:605][  0]LogShaderCompilers: Cannot use XGE Shader Compiler as Incredibuild is not installed on this machine.
[2020.07.11-21.46.54:605][  0]LogShaderCompilers: Display: Using Local Shader Compiler.
[2020.07.11-21.47.06:181][  0]LogDerivedDataCache: Display: Max Cache Size: 512 MB
[2020.07.11-21.47.07:400][  0]LogDerivedDataCache: Loaded boot cache 1.22s 76MB C:/Users/juana/AppData/Local/UnrealEngine/4.25/DerivedDataCache/Boot.ddc.
[2020.07.11-21.47.07:400][  0]LogDerivedDataCache: Display: Loaded Boot cache: C:/Users/juana/AppData/Local/UnrealEngine/4.25/DerivedDataCache/Boot.ddc
[2020.07.11-21.47.07:400][  0]LogDerivedDataCache: FDerivedDataBackendGraph:  Pak pak cache file ../../../../../../Users/juana/Documents/GitHub/hello/hello/pokemon-fan/pokemon-fan/outacontrolv1/OutOfControl/DerivedDataCache/DDC.ddp not found, will not use a pak cache.
[2020.07.11-21.47.07:400][  0]LogDerivedDataCache: Unable to find inner node Pak for hierarchical cache Hierarchy.
[2020.07.11-21.47.07:400][  0]LogDerivedDataCache: FDerivedDataBackendGraph:  CompressedPak pak cache file ../../../../../../Users/juana/Documents/GitHub/hello/hello/pokemon-fan/pokemon-fan/outacontrolv1/OutOfControl/DerivedDataCache/Compressed.ddp not found, will not use a pak cache.
[2020.07.11-21.47.07:400][  0]LogDerivedDataCache: Unable to find inner node CompressedPak for hierarchical cache Hierarchy.
[2020.07.11-21.47.07:425][  0]LogDerivedDataCache: Display: Pak cache opened for reading ../../../Engine/DerivedDataCache/Compressed.ddp.
[2020.07.11-21.47.07:425][  0]LogDerivedDataCache: FDerivedDataBackendGraph:  EnterprisePak pak cache file ../../../Enterprise/DerivedDataCache/Compressed.ddp not found, will not use a pak cache.
[2020.07.11-21.47.07:425][  0]LogDerivedDataCache: Unable to find inner node EnterprisePak for hierarchical cache Hierarchy.
[2020.07.11-21.47.07:426][  0]LogDerivedDataCache: Using Local data cache path C:/Users/juana/AppData/Local/UnrealEngine/Common/DerivedDataCache: Writable
[2020.07.11-21.47.07:426][  0]LogDerivedDataCache: Shared data cache path not found in *engine.ini, will not use an Shared cache.
[2020.07.11-21.47.07:426][  0]LogDerivedDataCache: Unable to find inner node Shared for hierarchical cache Hierarchy.
[2020.07.11-21.47.07:482][  0]LogSlate: Using FreeType 2.10.0
[2020.07.11-21.47.07:928][  0]LogSlate: SlateFontServices - WITH_FREETYPE: 1, WITH_HARFBUZZ: 1
[2020.07.11-21.47.09:653][  0]LogAssetRegistry: FAssetRegistry took 0.0065 seconds to start up
[2020.07.11-21.47.09:954][  0]LogInit: Selected Device Profile: [Windows]
[2020.07.11-21.47.11:233][  0]LogMeshReduction: Using QuadricMeshReduction for automatic static mesh reduction
[2020.07.11-21.47.11:233][  0]LogMeshReduction: Using SimplygonMeshReduction for automatic skeletal mesh reduction
[2020.07.11-21.47.11:233][  0]LogMeshReduction: Using ProxyLODMeshReduction for automatic mesh merging
[2020.07.11-21.47.11:234][  0]LogMeshReduction: No distributed automatic mesh merging module available
[2020.07.11-21.47.11:234][  0]LogMeshMerging: No distributed automatic mesh merging module available
[2020.07.11-21.47.11:291][  0]LogNetVersion: OutOfControl 1.0.0, NetCL: 13144385, EngineNetVer: 14, GameNetVer: 0 (Checksum: 557548167)
[2020.07.11-21.47.36:200][  0]LogAISub: UAISubsystem::UAISubsystem AISubsystem (000001BC51AA83C0), frame # 0
[2020.07.11-21.47.36:200][  0]LogAISub: UAISubsystem::UAISubsystem AIPerceptionSystem (000001BC55BCC7C0), frame # 0
[2020.07.11-21.47.36:201][  0]LogAISub: UAISubsystem::UAISubsystem EnvQueryManager (000001BC54BF9C00), frame # 0
[2020.07.11-21.47.36:266][  0]LogPackageLocalizationCache: Processed 19 localized package path(s) for 1 prioritized culture(s) in 0.059065 seconds
[2020.07.11-21.47.36:270][  0]LogUObjectArray: 15917 objects as part of root set at end of initial load.
[2020.07.11-21.47.36:270][  0]LogUObjectAllocator: 3965568 out of 0 bytes used by permanent object pool.
[2020.07.11-21.47.36:270][  0]LogUObjectArray: CloseDisregardForGC: 0/0 objects in disregard for GC pool
[2020.07.11-21.47.41:087][  0]LogTcpMessaging: Initializing TcpMessaging bridge
[2020.07.11-21.47.41:132][  0]LogUdpMessaging: Initializing bridge on interface 0.0.0.0:0 to multicast group 230.0.0.1:6666.
[2020.07.11-21.47.42:180][  0]SourceControl: Source control is disabled
[2020.07.11-21.47.42:180][  0]SourceControl: Source control is disabled
[2020.07.11-21.47.42:340][  0]SourceControl: Source control is disabled
[2020.07.11-21.47.42:371][  0]SourceControl: Source control is disabled
[2020.07.11-21.47.42:465][  0]SourceControl: Source control is disabled
[2020.07.11-21.47.45:638][  0]LogAndroidPermission: UAndroidPermissionCallbackProxy::GetInstance
[2020.07.11-21.47.46:003][  0]LogAudioCaptureCore: Display: No Audio Capture implementations found. Audio input will be silent.
[2020.07.11-21.47.46:003][  0]LogAudioCaptureCore: Display: No Audio Capture implementations found. Audio input will be silent.
[2020.07.11-21.47.46:428][  0]LogOcInput: OculusInput pre-init called
[2020.07.11-21.47.46:614][  0]LogWindows: Failed to load 'OVRPlugin.dll' (GetLastError=126)
[2020.07.11-21.47.46:614][  0]LogWindows: File 'OVRPlugin.dll' does not exist
[2020.07.11-21.47.47:086][  0]LogEngine: Initializing Engine...
[2020.07.11-21.47.47:088][  0]LogHMD: Failed to initialize OpenVR with code 110
[2020.07.11-21.47.47:088][  0]LogMagicLeap: Warning: VR disabled because ZI is not enabled.  To enable, in the editor, Edit -> Project Settings -> Plugins -> Magic Leap Plugin -> Enable Zero Iteration
[2020.07.11-21.47.47:089][  0]LogStats: UGameplayTagsManager::InitializeManager -  0.000 s
[2020.07.11-21.47.47:219][  0]LogInit: Initializing FReadOnlyCVARCache
[2020.07.11-21.47.47:336][  0]LogAIModule: Creating AISystem for world Untitled
[2020.07.11-21.47.47:336][  0]LogAISub: UAISubsystem::UAISubsystem EnvQueryManager (000001BC571C7C00), frame # 0
[2020.07.11-21.47.47:336][  0]LogAISub: UAISubsystem::UAISubsystem AIPerceptionSystem (000001BC57228900), frame # 0
[2020.07.11-21.47.47:409][  0]LogAudioMixer: Display: Audio Mixer Platform Settings:
[2020.07.11-21.47.47:409][  0]LogAudioMixer: Display: 	Sample Rate:						  48000
[2020.07.11-21.47.47:409][  0]LogAudioMixer: Display: 	Callback Buffer Frame Size Requested: 1024
[2020.07.11-21.47.47:409][  0]LogAudioMixer: Display: 	Callback Buffer Frame Size To Use:	  1024
[2020.07.11-21.47.47:409][  0]LogAudioMixer: Display: 	Number of buffers to queue:			  2
[2020.07.11-21.47.47:409][  0]LogAudioMixer: Display: 	Max Channels (voices):				  32
[2020.07.11-21.47.47:409][  0]LogAudioMixer: Display: 	Number of Async Source Workers:		  0
[2020.07.11-21.47.47:409][  0]LogAudio: Display: AudioDevice MaxSources: 32
[2020.07.11-21.47.47:410][  0]LogAudio: Display: Using built-in audio occlusion.
[2020.07.11-21.47.47:410][  0]LogAudioMixer: Display: Initializing audio mixer.
[2020.07.11-21.47.47:573][  0]LogAudioMixer: Display: 0: FrontLeft
[2020.07.11-21.47.47:573][  0]LogAudioMixer: Display: 1: FrontRight
[2020.07.11-21.47.47:660][  0]LogAudioMixer: Display: Using Audio Device charlies headphones (2- Realtek(R) Audio)
[2020.07.11-21.47.47:664][  0]LogAudioMixer: Display: Initializing Sound Submixes...
[2020.07.11-21.47.47:665][  0]LogAudioMixer: Display: Creating Master Submix 'MasterSubmixDefault'
[2020.07.11-21.47.47:665][  0]LogAudioMixer: Display: Creating Master Submix 'MasterReverbSubmixDefault'
[2020.07.11-21.47.47:666][  0]LogAudioMixer: Display: Creating Master Submix 'MasterEQSubmixDefault'
[2020.07.11-21.47.47:667][  0]LogInit: FAudioDevice initialized.
[2020.07.11-21.47.47:667][  0]LogNetVersion: Set ProjectVersion to 1.0.0.0. Version Checksum will be recalculated on next use.
[2020.07.11-21.47.48:167][  0]LogDerivedDataCache: Saved boot cache 0.50s 76MB C:/Users/juana/AppData/Local/UnrealEngine/4.25/DerivedDataCache/Boot.ddc.
[2020.07.11-21.47.48:182][  0]LogInit: Texture streaming: Enabled
[2020.07.11-21.47.48:418][  0]LogEngineSessionManager: EngineSessionManager initialized
[2020.07.11-21.47.48:418][  0]LogEditorSessionSummary: Verbose: Initializing EditorSessionSummaryWriter for editor session tracking
[2020.07.11-21.47.48:433][  0]LogEditorSessionSummary: EditorSessionSummaryWriter initialized
[2020.07.11-21.47.48:861][  0]LogInit: Transaction tracking system initialized
[2020.07.11-21.47.49:502][  0]BlueprintLog: New page: Editor Load
[2020.07.11-21.47.50:828][  0]LocalizationService: Localization service is disabled
[2020.07.11-21.47.52:683][  0]LogCook: Display: Max memory allowance for cook 16384mb min free memory 0mb
[2020.07.11-21.47.52:683][  0]LogCook: Display: Mobile HDR setting 1
[2020.07.11-21.47.53:335][  0]LogFileCache: Scanning file cache for directory 'C:/Users/juana/Documents/GitHub/hello/hello/pokemon-fan/pokemon-fan/outacontrolv1/OutOfControl/Content/' took 0.02s
[2020.07.11-21.47.57:035][  0]SourceControl: Source control is disabled
[2020.07.11-21.47.57:035][  0]LogUnrealEdMisc: Loading editor; pre map load, took 104.898
[2020.07.11-21.47.57:036][  0]Cmd: MAP LOAD FILE="../../../Engine/Content/Maps/Templates/Template_Default.umap" TEMPLATE=1 SHOWPROGRESS=1 FEATURELEVEL=3
[2020.07.11-21.47.57:102][  0]LightingResults: New page: Lighting Build
[2020.07.11-21.47.57:378][  0]LogWorld: UWorld::CleanupWorld for Untitled, bSessionEnded=true, bCleanupResources=true
[2020.07.11-21.47.57:379][  0]LogSlate: InvalidateAllWidgets triggered.  All widgets were invalidated
[2020.07.11-21.47.57:379][  0]MapCheck: New page: Map Check
[2020.07.11-21.47.57:379][  0]LightingResults: New page: Lighting Build
[2020.07.11-21.47.57:408][  0]LogAISub: UAISubsystem::~UAISubsystem EnvQueryManager (000001BC571C7C00), frame # 0
[2020.07.11-21.47.57:408][  0]LogAISub: UAISubsystem::~UAISubsystem AIPerceptionSystem (000001BC57228900), frame # 0
[2020.07.11-21.47.57:409][  0]LogUObjectHash: Compacting FUObjectHashTables data took   0.98ms
[2020.07.11-21.47.57:838][  0]LogAIModule: Creating AISystem for world Untitled_1
[2020.07.11-21.47.57:838][  0]LogAISub: UAISubsystem::UAISubsystem EnvQueryManager (000001BC46A17E00), frame # 0
[2020.07.11-21.47.57:838][  0]LogAISub: UAISubsystem::UAISubsystem AIPerceptionSystem (000001BC46B32340), frame # 0
[2020.07.11-21.47.57:855][  0]LogEditorServer: Finished looking for orphan Actors (0.000 secs)
[2020.07.11-21.47.57:869][  0]LogUObjectHash: Compacting FUObjectHashTables data took   1.09ms
[2020.07.11-21.47.57:870][  0]Cmd: MAP CHECKDEP NOCLEARLOG
[2020.07.11-21.47.57:870][  0]MapCheck: Map check complete: 0 Error(s), 0 Warning(s), took 0,209ms to complete.
[2020.07.11-21.47.57:870][  0]LogFileHelpers: Loading map 'Template_Default' took 0.835
[2020.07.11-21.47.57:872][  0]LogUnrealEdMisc: Total Editor Startup Time, took 105.735
[2020.07.11-21.47.58:294][  0]LogSlate: Updating window title bar state: overlay mode, drag disabled, window buttons hidden, title bar hidden
[2020.07.11-21.47.58:303][  0]LogSlate: Updating window title bar state: overlay mode, drag disabled, window buttons hidden, title bar hidden
[2020.07.11-21.47.58:311][  0]LogSlate: Updating window title bar state: overlay mode, drag disabled, window buttons hidden, title bar hidden
[2020.07.11-21.47.58:319][  0]LogSlate: Updating window title bar state: overlay mode, drag disabled, window buttons hidden, title bar hidden
[2020.07.11-21.47.58:374][  0]LogCollectionManager: Loaded 0 collections in 0.002281 seconds
[2020.07.11-21.47.58:531][  0]LogFileCache: Scanning file cache for directory 'C:/Users/juana/Documents/GitHub/hello/hello/pokemon-fan/pokemon-fan/outacontrolv1/OutOfControl/Saved/Collections/' took 0.00s
[2020.07.11-21.47.58:531][  0]LogFileCache: Scanning file cache for directory 'C:/Users/juana/Documents/GitHub/hello/hello/pokemon-fan/pokemon-fan/outacontrolv1/OutOfControl/Content/Developers/juana/Collections/' took 0.00s
[2020.07.11-21.47.58:532][  0]LogFileCache: Scanning file cache for directory 'C:/Users/juana/Documents/GitHub/hello/hello/pokemon-fan/pokemon-fan/outacontrolv1/OutOfControl/Content/Collections/' took 0.00s
[2020.07.11-21.47.58:532][  0]LogContentBrowser: Native class hierarchy populated in 0.0192 seconds. Added 3427 classes and 821 folders.
[2020.07.11-21.47.58:674][  0]LogContentBrowser: Native class hierarchy updated for 'WidgetCarousel' in 0.0011 seconds. Added 0 classes and 0 folders.
[2020.07.11-21.48.03:203][  0]LogContentBrowser: Native class hierarchy updated for 'AddContentDialog' in 0.0005 seconds. Added 0 classes and 0 folders.
[2020.07.11-21.48.03:206][  0]LogContentBrowser: Native class hierarchy updated for 'SceneOutliner' in 0.0005 seconds. Added 2 classes and 0 folders.
[2020.07.11-21.48.03:371][  0]LogSlate: Took 0.040609 seconds to synchronously load lazily loaded font '../../../Engine/Content/Slate/Fonts/Roboto-Regular.ttf' (155K)
[2020.07.11-21.48.03:402][  0]LogSlate: Took 0.029691 seconds to synchronously load lazily loaded font '../../../Engine/Content/Slate/Fonts/Roboto-Bold.ttf' (160K)
[2020.07.11-21.48.03:518][  0]LogSlate: Took 0.111727 seconds to synchronously load lazily loaded font '../../../Engine/Content/Editor/Slate/Fonts/FontAwesome.ttf' (139K)
[2020.07.11-21.48.03:699][  0]LogRenderer: Reallocating scene render targets to support 716x548 Format 10 NumSamples 1 (Frame:1).
[2020.07.11-21.48.03:846][  0]LogContentBrowser: Native class hierarchy updated for 'HierarchicalLODOutliner' in 0.0002 seconds. Added 0 classes and 0 folders.
[2020.07.11-21.48.03:846][  0]LogLoad: (Engine Initialization) Total time: 111.71 seconds
[2020.07.11-21.48.03:846][  0]LogLoad: (Engine Initialization) Total Blueprint compile time: 0.00 seconds
[2020.07.11-21.48.03:874][  0]LogContentStreaming: Texture pool size now 1000 MB
[2020.07.11-21.48.05:080][ 28]LogSlate: Took 0.044025 seconds to synchronously load lazily loaded font '../../../Engine/Content/Slate/Fonts/Roboto-Light.ttf' (167K)
[2020.07.11-21.48.07:975][ 81]LogSlate: Took 0.000090 seconds to synchronously load lazily loaded font '../../../Engine/Content/Slate/Fonts/Roboto-Light.ttf' (167K)
[2020.07.11-21.48.19:745][244]LogAssetEditorSubsystem: Opening Asset editor for World /Game/Maps/Level_01.Level_01
[2020.07.11-21.48.19:783][244]LogUObjectHash: Compacting FUObjectHashTables data took   0.70ms
[2020.07.11-21.48.19:787][244]Cmd: MAP LOAD FILE="../../../../../../Users/juana/Documents/GitHub/hello/hello/pokemon-fan/pokemon-fan/outacontrolv1/OutOfControl/Content/Maps/Level_01.umap" TEMPLATE=0 SHOWPROGRESS=1 FEATURELEVEL=3
[2020.07.11-21.48.19:787][244]LightingResults: New page: Lighting Build
[2020.07.11-21.48.19:787][244]LoadErrors: New page: Loading map: Level_01.umap
[2020.07.11-21.48.19:787][244]LogWorld: UWorld::CleanupWorld for Untitled_1, bSessionEnded=true, bCleanupResources=true
[2020.07.11-21.48.19:787][244]LogSlate: InvalidateAllWidgets triggered.  All widgets were invalidated
[2020.07.11-21.48.19:788][244]MapCheck: New page: Map Check
[2020.07.11-21.48.19:788][244]LightingResults: New page: Lighting Build
[2020.07.11-21.48.19:796][244]LogAISub: UAISubsystem::~UAISubsystem EnvQueryManager (000001BC46A17E00), frame # 244
[2020.07.11-21.48.19:796][244]LogAISub: UAISubsystem::~UAISubsystem AIPerceptionSystem (000001BC46B32340), frame # 244
[2020.07.11-21.48.19:796][244]LogUObjectHash: Compacting FUObjectHashTables data took   0.51ms
[2020.07.11-21.48.19:868][244]LogEditorServer: Finished looking for orphan Actors (0.000 secs)
[2020.07.11-21.48.19:868][244]LogAIModule: Creating AISystem for world Level_01
[2020.07.11-21.48.19:868][244]LogAISub: UAISubsystem::UAISubsystem EnvQueryManager (000001BC75E88A00), frame # 244
[2020.07.11-21.48.19:868][244]LogAISub: UAISubsystem::UAISubsystem AIPerceptionSystem (000001BC6A40A5C0), frame # 244
[2020.07.11-21.48.19:877][244]LogUObjectHash: Compacting FUObjectHashTables data took   0.45ms
[2020.07.11-21.48.19:905][244]Cmd: MAP CHECKDEP NOCLEARLOG
[2020.07.11-21.48.19:905][244]MapCheck: Map check complete: 0 Error(s), 0 Warning(s), took 0,109ms to complete.
[2020.07.11-21.48.19:905][244]LogFileHelpers: Loading map 'Level_01' took 0.118
[2020.07.11-21.48.46:485][730]LogAssetRegistry: Asset discovery search completed in 96.8339 seconds
[2020.07.11-21.48.46:489][730]LogCollectionManager: Fixed up redirectors for 0 collections in 0.000001 seconds (updated 0 objects)
[2020.07.11-21.49.18:336][297]LogTemp: Repeating last play command: Selected Viewport
[2020.07.11-21.49.18:384][297]LogPlayLevel: PlayLevel: No blueprints needed recompiling
[2020.07.11-21.49.18:384][297]PIE: New page: PIE session: Level_01 (12 Jul 2020, 01:49:18)
[2020.07.11-21.49.18:386][297]LogOnline: OSS: Creating online subsystem instance for: NULL
[2020.07.11-21.49.18:387][297]LogOnline: OSS: TryLoadSubsystemAndSetDefault: Loaded subsystem for module [NULL]
[2020.07.11-21.49.18:388][297]LogPlayLevel: Creating play world package: /Game/Maps/UEDPIE_0_Level_01
[2020.07.11-21.49.18:390][297]LogPlayLevel: PIE: StaticDuplicateObject took: (0.001994s)
[2020.07.11-21.49.18:391][297]LogAIModule: Creating AISystem for world Level_01
[2020.07.11-21.49.18:391][297]LogAISub: UAISubsystem::UAISubsystem EnvQueryManager (000001BC6AA48600), frame # 1297
[2020.07.11-21.49.18:391][297]LogAISub: UAISubsystem::UAISubsystem AIPerceptionSystem (000001BC17600A40), frame # 1297
[2020.07.11-21.49.18:392][297]LogPlayLevel: PIE: World Init took: (0.001790s)
[2020.07.11-21.49.18:392][297]LogPlayLevel: PIE: Created PIE world by copying editor world from /Game/Maps/Level_01.Level_01 to /Game/Maps/UEDPIE_0_Level_01.Level_01 (0.003980s)
[2020.07.11-21.49.18:405][297]LogUObjectHash: Compacting FUObjectHashTables data took   0.96ms
[2020.07.11-21.49.18:406][297]LogAudioMixer: Display: Audio Mixer Platform Settings:
[2020.07.11-21.49.18:406][297]LogAudioMixer: Display: 	Sample Rate:						  48000
[2020.07.11-21.49.18:406][297]LogAudioMixer: Display: 	Callback Buffer Frame Size Requested: 1024
[2020.07.11-21.49.18:406][297]LogAudioMixer: Display: 	Callback Buffer Frame Size To Use:	  1024
[2020.07.11-21.49.18:406][297]LogAudioMixer: Display: 	Number of buffers to queue:			  2
[2020.07.11-21.49.18:406][297]LogAudioMixer: Display: 	Max Channels (voices):				  32
[2020.07.11-21.49.18:406][297]LogAudioMixer: Display: 	Number of Async Source Workers:		  0
[2020.07.11-21.49.18:406][297]LogAudio: Display: AudioDevice MaxSources: 32
[2020.07.11-21.49.18:406][297]LogAudio: Display: Using built-in audio occlusion.
[2020.07.11-21.49.18:406][297]LogAudioMixer: Display: Initializing audio mixer.
[2020.07.11-21.49.18:411][297]LogAudioMixer: Display: 0: FrontLeft
[2020.07.11-21.49.18:411][297]LogAudioMixer: Display: 1: FrontRight
[2020.07.11-21.49.18:433][297]LogAudioMixer: Display: Using Audio Device charlies headphones (2- Realtek(R) Audio)
[2020.07.11-21.49.18:433][297]LogAudioMixer: Display: Initializing Sound Submixes...
[2020.07.11-21.49.18:433][297]LogAudioMixer: Display: Creating Master Submix 'MasterSubmixDefault'
[2020.07.11-21.49.18:433][297]LogAudioMixer: Display: Creating Master Submix 'MasterReverbSubmixDefault'
[2020.07.11-21.49.18:434][297]LogAudioMixer: Display: Creating Master Submix 'MasterEQSubmixDefault'
[2020.07.11-21.49.18:447][297]LogInit: FAudioDevice initialized.
[2020.07.11-21.49.18:452][297]LogLoad: Game class is 'ooc_gm_C'
[2020.07.11-21.49.18:453][297]LogWorld: Bringing World /Game/Maps/UEDPIE_0_Level_01.Level_01 up for play (max tick rate 0) at 2020.07.11-23.49.18
[2020.07.11-21.49.18:453][297]LogWorld: Bringing up level for play took: 0.000665
[2020.07.11-21.49.18:454][297]LogOnline: OSS: Creating online subsystem instance for: :Context_1
[2020.07.11-21.49.18:471][297]LogContentBrowser: Native class hierarchy updated for 'MovieSceneCapture' in 0.0004 seconds. Added 20 classes and 0 folders.
[2020.07.11-21.49.18:471][297]LogGameMode: Display: Match State Changed from EnteringMap to WaitingToStart
[2020.07.11-21.49.18:471][297]LogGameState: Match State Changed from EnteringMap to WaitingToStart
[2020.07.11-21.49.18:471][297]LogGameMode: Display: Match State Changed from WaitingToStart to InProgress
[2020.07.11-21.49.18:474][297]LogGameState: Match State Changed from WaitingToStart to InProgress
[2020.07.11-21.49.18:474][297]PIE: Server logged in
[2020.07.11-21.49.18:475][297]PIE: Play in editor total start time 0,092 seconds.
[2020.07.11-21.49.26:563][446]LogGameMode: Display: Match State Changed from InProgress to LeavingMap
[2020.07.11-21.49.26:563][446]LogGameState: Match State Changed from InProgress to LeavingMap
[2020.07.11-21.49.26:571][446]LogNet: Browse: /Game/Maps/Level_02
[2020.07.11-21.49.26:574][446]LogLoad: LoadMap: /Game/Maps/Level_02
[2020.07.11-21.49.26:574][446]LogWorld: BeginTearingDown for /Game/Maps/UEDPIE_0_Level_01
[2020.07.11-21.49.26:575][446]LogWorld: UWorld::CleanupWorld for Level_01, bSessionEnded=true, bCleanupResources=true
[2020.07.11-21.49.26:575][446]LogSlate: InvalidateAllWidgets triggered.  All widgets were invalidated
[2020.07.11-21.49.26:606][446]LogAISub: UAISubsystem::~UAISubsystem AIPerceptionSystem (000001BC17600A40), frame # 1446
[2020.07.11-21.49.26:606][446]LogAISub: UAISubsystem::~UAISubsystem EnvQueryManager (000001BC6AA48600), frame # 1446
[2020.07.11-21.49.26:607][446]LogUObjectHash: Compacting FUObjectHashTables data took   0.55ms
[2020.07.11-21.49.26:653][446]LogAIModule: Creating AISystem for world Level_02
[2020.07.11-21.49.26:653][446]LogAISub: UAISubsystem::UAISubsystem EnvQueryManager (000001BC6AA4B800), frame # 1446
[2020.07.11-21.49.26:653][446]LogAISub: UAISubsystem::UAISubsystem AIPerceptionSystem (000001BC5BFCEC00), frame # 1446
[2020.07.11-21.49.26:653][446]LogLoad: Game class is 'ooc_gm_C'
[2020.07.11-21.49.26:664][446]LogWorld: Bringing World /Game/Maps/UEDPIE_0_Level_02.Level_02 up for play (max tick rate 0) at 2020.07.11-23.49.26
[2020.07.11-21.49.26:664][446]LogWorld: Bringing up level for play took: 0.011140
[2020.07.11-21.49.26:665][446]LogGameMode: Display: Match State Changed from EnteringMap to WaitingToStart
[2020.07.11-21.49.26:665][446]LogGameState: Match State Changed from EnteringMap to WaitingToStart
[2020.07.11-21.49.26:665][446]LogGameMode: Display: Match State Changed from WaitingToStart to InProgress
[2020.07.11-21.49.26:667][446]LogGameState: Match State Changed from WaitingToStart to InProgress
[2020.07.11-21.49.26:706][446]LogLoad: Took 0.110896 seconds to LoadMap(/Game/Maps/Level_02)
[2020.07.11-21.49.31:465][533]LogSlate: Updating window title bar state: overlay mode, drag disabled, window buttons hidden, title bar hidden
[2020.07.11-21.49.31:465][533]LogWorld: BeginTearingDown for /Game/Maps/UEDPIE_0_Level_02
[2020.07.11-21.49.31:465][533]LogWorld: UWorld::CleanupWorld for Level_02, bSessionEnded=true, bCleanupResources=true
[2020.07.11-21.49.31:465][533]LogSlate: InvalidateAllWidgets triggered.  All widgets were invalidated
[2020.07.11-21.49.31:487][533]LogPlayLevel: Display: Shutting down PIE online subsystems
[2020.07.11-21.49.31:488][533]LogSlate: InvalidateAllWidgets triggered.  All widgets were invalidated
[2020.07.11-21.49.31:499][533]LogSlate: Updating window title bar state: overlay mode, drag disabled, window buttons hidden, title bar hidden
[2020.07.11-21.49.31:525][533]LogAISub: UAISubsystem::~UAISubsystem AIPerceptionSystem (000001BC5BFCEC00), frame # 1533
[2020.07.11-21.49.31:525][533]LogAISub: UAISubsystem::~UAISubsystem EnvQueryManager (000001BC6AA4B800), frame # 1533
[2020.07.11-21.49.31:526][533]LogUObjectHash: Compacting FUObjectHashTables data took   0.83ms
[2020.07.11-21.49.31:556][534]LogPlayLevel: Display: Destroying online subsystem :Context_1
[2020.07.11-21.49.35:598][599]LogAssetEditorSubsystem: Opening Asset editor for World /Game/Maps/Level_02.Level_02
[2020.07.11-21.49.35:614][599]LogUObjectHash: Compacting FUObjectHashTables data took   1.02ms
[2020.07.11-21.49.35:616][599]Cmd: MAP LOAD FILE="../../../../../../Users/juana/Documents/GitHub/hello/hello/pokemon-fan/pokemon-fan/outacontrolv1/OutOfControl/Content/Maps/Level_02.umap" TEMPLATE=0 SHOWPROGRESS=1 FEATURELEVEL=3
[2020.07.11-21.49.35:616][599]LightingResults: New page: Lighting Build
[2020.07.11-21.49.35:616][599]LoadErrors: New page: Loading map: Level_02.umap
[2020.07.11-21.49.35:616][599]LogWorld: UWorld::CleanupWorld for Level_01, bSessionEnded=true, bCleanupResources=true
[2020.07.11-21.49.35:616][599]LogSlate: InvalidateAllWidgets triggered.  All widgets were invalidated
[2020.07.11-21.49.35:617][599]MapCheck: New page: Map Check
[2020.07.11-21.49.35:617][599]LightingResults: New page: Lighting Build
[2020.07.11-21.49.35:628][599]LogAISub: UAISubsystem::~UAISubsystem AIPerceptionSystem (000001BC6A40A5C0), frame # 1599
[2020.07.11-21.49.35:629][599]LogAISub: UAISubsystem::~UAISubsystem EnvQueryManager (000001BC75E88A00), frame # 1599
[2020.07.11-21.49.35:629][599]LogUObjectHash: Compacting FUObjectHashTables data took   0.81ms
[2020.07.11-21.49.35:701][599]LogEditorServer: Finished looking for orphan Actors (0.000 secs)
[2020.07.11-21.49.35:701][599]LogAIModule: Creating AISystem for world Level_02
[2020.07.11-21.49.35:701][599]LogAISub: UAISubsystem::UAISubsystem EnvQueryManager (000001BC05D40E00), frame # 1599
[2020.07.11-21.49.35:701][599]LogAISub: UAISubsystem::UAISubsystem AIPerceptionSystem (000001BC5BFE7100), frame # 1599
[2020.07.11-21.49.35:710][599]LogUObjectHash: Compacting FUObjectHashTables data took   0.49ms
[2020.07.11-21.49.35:740][599]Cmd: MAP CHECKDEP NOCLEARLOG
[2020.07.11-21.49.35:740][599]MapCheck: Map check complete: 0 Error(s), 0 Warning(s), took 0,11ms to complete.
[2020.07.11-21.49.35:740][599]LogFileHelpers: Loading map 'Level_02' took 0.124
[2020.07.11-21.49.40:370][652]LogAssetEditorSubsystem: Opening Asset editor for LevelScriptBlueprint /Game/Maps/Level_02.Level_02:PersistentLevel.Level_02
[2020.07.11-21.49.40:675][652]LogContentBrowser: Native class hierarchy updated for 'BlueprintGraph' in 0.0005 seconds. Added 125 classes and 0 folders.
[2020.07.11-21.49.41:671][652]LogSlate: Took 0.058245 seconds to synchronously load lazily loaded font '../../../Engine/Content/Slate/Fonts/Roboto-BoldCondensed.ttf' (158K)
[2020.07.11-21.50.04:318][905]BlueprintLog: New page: Compile Level_02
[2020.07.11-21.50.04:340][905]LogUObjectHash: Compacting FUObjectHashTables data took   1.64ms
[2020.07.11-21.50.04:424][905]LogSlate: Took 0.049008 seconds to synchronously load lazily loaded font '../../../Engine/Content/Slate/Fonts/DroidSansMono.ttf' (77K)
[2020.07.11-21.50.07:395][947]LogAssetEditorSubsystem: Opening Asset editor for World /Game/Maps/Level_01.Level_01
[2020.07.11-21.50.07:427][947]LogUObjectHash: Compacting FUObjectHashTables data took   1.35ms
[2020.07.11-21.50.09:052][947]LogSlate: Window 'Save Content' being destroyed
[2020.07.11-21.50.09:133][947]LogUObjectHash: Compacting FUObjectHashTables data took   0.58ms
[2020.07.11-21.50.09:158][947]LogSavePackage: Moving '../../../../../../Users/juana/Documents/GitHub/hello/hello/pokemon-fan/pokemon-fan/outacontrolv1/OutOfControl/Saved/Level_02418BD60E4366110DE29F5FB749BA0C10.tmp' to '../../../../../../Users/juana/Documents/GitHub/hello/hello/pokemon-fan/pokemon-fan/outacontrolv1/OutOfControl/Content/Maps/Level_02.umap'
[2020.07.11-21.50.09:196][947]LogFileHelpers: Saving map 'Level_02' took 0.080
[2020.07.11-21.50.09:196][947]Cmd: MAP LOAD FILE="../../../../../../Users/juana/Documents/GitHub/hello/hello/pokemon-fan/pokemon-fan/outacontrolv1/OutOfControl/Content/Maps/Level_01.umap" TEMPLATE=0 SHOWPROGRESS=1 FEATURELEVEL=3
[2020.07.11-21.50.09:196][947]LightingResults: New page: Lighting Build
[2020.07.11-21.50.09:196][947]LoadErrors: New page: Loading map: Level_01.umap
[2020.07.11-21.50.09:197][947]LogSlate: Window 'Level_02' being destroyed
[2020.07.11-21.50.09:215][947]LogWorld: UWorld::CleanupWorld for World_1, bSessionEnded=true, bCleanupResources=true
[2020.07.11-21.50.09:215][947]LogSlate: InvalidateAllWidgets triggered.  All widgets were invalidated
[2020.07.11-21.50.09:255][947]LogWorld: UWorld::CleanupWorld for Level_02, bSessionEnded=true, bCleanupResources=true
[2020.07.11-21.50.09:255][947]LogSlate: InvalidateAllWidgets triggered.  All widgets were invalidated
[2020.07.11-21.50.09:255][947]MapCheck: New page: Map Check
[2020.07.11-21.50.09:255][947]LightingResults: New page: Lighting Build
[2020.07.11-21.50.09:270][947]LogAISub: UAISubsystem::~UAISubsystem AIPerceptionSystem (000001BC5BFE7100), frame # 1947
[2020.07.11-21.50.09:270][947]LogAISub: UAISubsystem::~UAISubsystem EnvQueryManager (000001BC05D40E00), frame # 1947
[2020.07.11-21.50.09:272][947]LogUObjectHash: Compacting FUObjectHashTables data took   1.59ms
[2020.07.11-21.50.09:368][947]LogEditorServer: Finished looking for orphan Actors (0.000 secs)
[2020.07.11-21.50.09:368][947]LogAIModule: Creating AISystem for world Level_01
[2020.07.11-21.50.09:368][947]LogAISub: UAISubsystem::UAISubsystem EnvQueryManager (000001BC13432200), frame # 1947
[2020.07.11-21.50.09:368][947]LogAISub: UAISubsystem::UAISubsystem AIPerceptionSystem (000001BC1325B880), frame # 1947
[2020.07.11-21.50.09:407][947]LogUObjectHash: Compacting FUObjectHashTables data took   1.32ms
[2020.07.11-21.50.09:437][947]Cmd: MAP CHECKDEP NOCLEARLOG
[2020.07.11-21.50.09:437][947]MapCheck: Map check complete: 0 Error(s), 0 Warning(s), took 0,155ms to complete.
[2020.07.11-21.50.09:437][947]LogFileHelpers: Loading map 'Level_01' took 0.241
[2020.07.11-21.50.09:573][947]AssetCheck: New page: Asset Save: Level_02
[2020.07.11-21.50.09:573][947]LogContentValidation: Display: Validating World /Game/Maps/Level_02.Level_02
[2020.07.11-21.50.10:824][962]LogTemp: Repeating last play command: Selected Viewport
[2020.07.11-21.50.10:843][962]LogPlayLevel: PlayLevel: No blueprints needed recompiling
[2020.07.11-21.50.10:844][962]PIE: New page: PIE session: Level_01 (12 Jul 2020, 01:50:10)
[2020.07.11-21.50.10:883][962]LogPlayLevel: Creating play world package: /Game/Maps/UEDPIE_0_Level_01
[2020.07.11-21.50.10:884][962]LogPlayLevel: PIE: StaticDuplicateObject took: (0.001108s)
[2020.07.11-21.50.10:885][962]LogAIModule: Creating AISystem for world Level_01
[2020.07.11-21.50.10:885][962]LogAISub: UAISubsystem::UAISubsystem EnvQueryManager (000001BC7747AE00), frame # 1962
[2020.07.11-21.50.10:885][962]LogAISub: UAISubsystem::UAISubsystem AIPerceptionSystem (000001BC46ABB4C0), frame # 1962
[2020.07.11-21.50.10:885][962]LogPlayLevel: PIE: World Init took: (0.000874s)
[2020.07.11-21.50.10:885][962]LogPlayLevel: PIE: Created PIE world by copying editor world from /Game/Maps/Level_01.Level_01 to /Game/Maps/UEDPIE_0_Level_01.Level_01 (0.002104s)
[2020.07.11-21.50.10:901][962]LogUObjectHash: Compacting FUObjectHashTables data took   1.59ms
[2020.07.11-21.50.10:902][962]LogAudioMixer: Display: Audio Mixer Platform Settings:
[2020.07.11-21.50.10:902][962]LogAudioMixer: Display: 	Sample Rate:						  48000
[2020.07.11-21.50.10:902][962]LogAudioMixer: Display: 	Callback Buffer Frame Size Requested: 1024
[2020.07.11-21.50.10:902][962]LogAudioMixer: Display: 	Callback Buffer Frame Size To Use:	  1024
[2020.07.11-21.50.10:902][962]LogAudioMixer: Display: 	Number of buffers to queue:			  2
[2020.07.11-21.50.10:902][962]LogAudioMixer: Display: 	Max Channels (voices):				  32
[2020.07.11-21.50.10:902][962]LogAudioMixer: Display: 	Number of Async Source Workers:		  0
[2020.07.11-21.50.10:902][962]LogAudio: Display: AudioDevice MaxSources: 32
[2020.07.11-21.50.10:902][962]LogAudio: Display: Using built-in audio occlusion.
[2020.07.11-21.50.10:902][962]LogAudioMixer: Display: Initializing audio mixer.
[2020.07.11-21.50.10:907][962]LogAudioMixer: Display: 0: FrontLeft
[2020.07.11-21.50.10:907][962]LogAudioMixer: Display: 1: FrontRight
[2020.07.11-21.50.10:930][962]LogAudioMixer: Display: Using Audio Device charlies headphones (2- Realtek(R) Audio)
[2020.07.11-21.50.10:930][962]LogAudioMixer: Display: Initializing Sound Submixes...
[2020.07.11-21.50.10:930][962]LogAudioMixer: Display: Creating Master Submix 'MasterSubmixDefault'
[2020.07.11-21.50.10:930][962]LogAudioMixer: Display: Creating Master Submix 'MasterReverbSubmixDefault'
[2020.07.11-21.50.10:930][962]LogAudioMixer: Display: Creating Master Submix 'MasterEQSubmixDefault'
[2020.07.11-21.50.10:947][962]LogInit: FAudioDevice initialized.
[2020.07.11-21.50.10:957][962]LogLoad: Game class is 'ooc_gm_C'
[2020.07.11-21.50.10:959][962]LogWorld: Bringing World /Game/Maps/UEDPIE_0_Level_01.Level_01 up for play (max tick rate 0) at 2020.07.11-23.50.10
[2020.07.11-21.50.10:959][962]LogWorld: Bringing up level for play took: 0.000701
[2020.07.11-21.50.10:959][962]LogOnline: OSS: Creating online subsystem instance for: :Context_4
[2020.07.11-21.50.10:961][962]LogGameMode: Display: Match State Changed from EnteringMap to WaitingToStart
[2020.07.11-21.50.10:961][962]LogGameState: Match State Changed from EnteringMap to WaitingToStart
[2020.07.11-21.50.10:961][962]LogGameMode: Display: Match State Changed from WaitingToStart to InProgress
[2020.07.11-21.50.10:962][962]LogGameState: Match State Changed from WaitingToStart to InProgress
[2020.07.11-21.50.10:962][962]PIE: Server logged in
[2020.07.11-21.50.10:963][962]PIE: Play in editor total start time 0,122 seconds.
[2020.07.11-21.50.15:812][ 52]LogGameMode: Display: Match State Changed from InProgress to LeavingMap
[2020.07.11-21.50.15:812][ 52]LogGameState: Match State Changed from InProgress to LeavingMap
[2020.07.11-21.50.15:812][ 52]LogNet: Browse: /Game/Maps/Level_02
[2020.07.11-21.50.15:812][ 52]LogLoad: LoadMap: /Game/Maps/Level_02
[2020.07.11-21.50.15:812][ 52]LogWorld: BeginTearingDown for /Game/Maps/UEDPIE_0_Level_01
[2020.07.11-21.50.15:813][ 52]LogWorld: UWorld::CleanupWorld for Level_01, bSessionEnded=true, bCleanupResources=true
[2020.07.11-21.50.15:813][ 52]LogSlate: InvalidateAllWidgets triggered.  All widgets were invalidated
[2020.07.11-21.50.15:866][ 52]LogAISub: UAISubsystem::~UAISubsystem AIPerceptionSystem (000001BC46ABB4C0), frame # 2052
[2020.07.11-21.50.15:866][ 52]LogAISub: UAISubsystem::~UAISubsystem EnvQueryManager (000001BC7747AE00), frame # 2052
[2020.07.11-21.50.15:867][ 52]LogUObjectHash: Compacting FUObjectHashTables data took   1.26ms
[2020.07.11-21.50.15:868][ 52]LogPlayLevel: Creating play world package: /Game/Maps/UEDPIE_0_Level_02
[2020.07.11-21.50.15:870][ 52]LogPlayLevel: PIE: StaticDuplicateObject took: (0.001491s)
[2020.07.11-21.50.15:870][ 52]LogAIModule: Creating AISystem for world Level_02
[2020.07.11-21.50.15:870][ 52]LogAISub: UAISubsystem::UAISubsystem EnvQueryManager (000001BC05D48600), frame # 2052
[2020.07.11-21.50.15:870][ 52]LogAISub: UAISubsystem::UAISubsystem AIPerceptionSystem (000001BC12696840), frame # 2052
[2020.07.11-21.50.15:871][ 52]LogPlayLevel: PIE: World Init took: (0.000850s)
[2020.07.11-21.50.15:871][ 52]LogPlayLevel: PIE: Created PIE world by copying editor world from /Game/Maps/Level_02.Level_02 to /Game/Maps/UEDPIE_0_Level_02.Level_02 (0.002447s)
[2020.07.11-21.50.15:871][ 52]LogLoad: Game class is 'ooc_gm_C'
[2020.07.11-21.50.15:872][ 52]LogWorld: Bringing World /Game/Maps/UEDPIE_0_Level_02.Level_02 up for play (max tick rate 0) at 2020.07.11-23.50.15
[2020.07.11-21.50.15:872][ 52]LogWorld: Bringing up level for play took: 0.000561
[2020.07.11-21.50.15:873][ 52]LogGameMode: Display: Match State Changed from EnteringMap to WaitingToStart
[2020.07.11-21.50.15:873][ 52]LogGameState: Match State Changed from EnteringMap to WaitingToStart
[2020.07.11-21.50.15:873][ 52]LogGameMode: Display: Match State Changed from WaitingToStart to InProgress
[2020.07.11-21.50.15:874][ 52]LogGameState: Match State Changed from WaitingToStart to InProgress
[2020.07.11-21.50.15:874][ 52]LogLoad: Took 0.062045 seconds to LoadMap(/Game/Maps/UEDPIE_0_Level_02)
[2020.07.11-21.50.18:524][101]LogSlate: Updating window title bar state: overlay mode, drag disabled, window buttons hidden, title bar hidden
[2020.07.11-21.50.18:525][101]LogWorld: BeginTearingDown for /Game/Maps/UEDPIE_0_Level_02
[2020.07.11-21.50.18:525][101]LogWorld: UWorld::CleanupWorld for Level_02, bSessionEnded=true, bCleanupResources=true
[2020.07.11-21.50.18:525][101]LogSlate: InvalidateAllWidgets triggered.  All widgets were invalidated
[2020.07.11-21.50.18:550][101]LogPlayLevel: Display: Shutting down PIE online subsystems
[2020.07.11-21.50.18:554][101]LogSlate: InvalidateAllWidgets triggered.  All widgets were invalidated
[2020.07.11-21.50.18:599][101]LogSlate: Updating window title bar state: overlay mode, drag disabled, window buttons hidden, title bar hidden
[2020.07.11-21.50.18:600][101]LogAISub: UAISubsystem::~UAISubsystem AIPerceptionSystem (000001BC12696840), frame # 2101
[2020.07.11-21.50.18:600][101]LogAISub: UAISubsystem::~UAISubsystem EnvQueryManager (000001BC05D48600), frame # 2101
[2020.07.11-21.50.18:601][101]LogUObjectHash: Compacting FUObjectHashTables data took   1.36ms
[2020.07.11-21.50.18:631][102]LogPlayLevel: Display: Destroying online subsystem :Context_4
[2020.07.11-21.50.19:759][117]LogAssetEditorSubsystem: Opening Asset editor for World /Game/Maps/Level_02.Level_02
[2020.07.11-21.50.19:774][117]LogUObjectHash: Compacting FUObjectHashTables data took   1.32ms
[2020.07.11-21.50.19:774][117]Cmd: MAP LOAD FILE="../../../../../../Users/juana/Documents/GitHub/hello/hello/pokemon-fan/pokemon-fan/outacontrolv1/OutOfControl/Content/Maps/Level_02.umap" TEMPLATE=0 SHOWPROGRESS=1 FEATURELEVEL=3
[2020.07.11-21.50.19:775][117]LightingResults: New page: Lighting Build
[2020.07.11-21.50.19:775][117]LoadErrors: New page: Loading map: Level_02.umap
[2020.07.11-21.50.19:775][117]LogWorld: UWorld::CleanupWorld for Level_01, bSessionEnded=true, bCleanupResources=true
[2020.07.11-21.50.19:775][117]LogSlate: InvalidateAllWidgets triggered.  All widgets were invalidated
[2020.07.11-21.50.19:775][117]MapCheck: New page: Map Check
[2020.07.11-21.50.19:775][117]LightingResults: New page: Lighting Build
[2020.07.11-21.50.19:813][117]LogAISub: UAISubsystem::~UAISubsystem AIPerceptionSystem (000001BC1325B880), frame # 2117
[2020.07.11-21.50.19:813][117]LogAISub: UAISubsystem::~UAISubsystem EnvQueryManager (000001BC13432200), frame # 2117
[2020.07.11-21.50.19:815][117]LogUObjectHash: Compacting FUObjectHashTables data took   1.44ms
[2020.07.11-21.50.19:895][117]LogEditorServer: Finished looking for orphan Actors (0.000 secs)
[2020.07.11-21.50.19:895][117]LogAIModule: Creating AISystem for world Level_02
[2020.07.11-21.50.19:895][117]LogAISub: UAISubsystem::UAISubsystem EnvQueryManager (000001BC00EFE800), frame # 2117
[2020.07.11-21.50.19:895][117]LogAISub: UAISubsystem::UAISubsystem AIPerceptionSystem (000001BC1349E5C0), frame # 2117
[2020.07.11-21.50.19:911][117]LogUObjectHash: Compacting FUObjectHashTables data took   1.24ms
[2020.07.11-21.50.19:943][117]Cmd: MAP CHECKDEP NOCLEARLOG
[2020.07.11-21.50.19:943][117]MapCheck: Map check complete: 0 Error(s), 0 Warning(s), took 0,149ms to complete.
[2020.07.11-21.50.19:943][117]LogFileHelpers: Loading map 'Level_02' took 0.169
[2020.07.11-21.50.22:116][144]LogAssetEditorSubsystem: Opening Asset editor for LevelScriptBlueprint /Game/Maps/Level_02.Level_02:PersistentLevel.Level_02
[2020.07.11-21.50.36:070][317]LogAssetEditorSubsystem: Opening Asset editor for World /Game/Maps/Level_03.Level_03
[2020.07.11-21.50.36:092][317]LogUObjectHash: Compacting FUObjectHashTables data took   1.71ms
[2020.07.11-21.50.37:343][317]LogSlate: Window 'Save Content' being destroyed
[2020.07.11-21.50.37:447][317]LogUObjectHash: Compacting FUObjectHashTables data took   0.48ms
[2020.07.11-21.50.37:482][317]LogSavePackage: Moving '../../../../../../Users/juana/Documents/GitHub/hello/hello/pokemon-fan/pokemon-fan/outacontrolv1/OutOfControl/Saved/Level_02188910E247818F51B82929BAC567FCDB.tmp' to '../../../../../../Users/juana/Documents/GitHub/hello/hello/pokemon-fan/pokemon-fan/outacontrolv1/OutOfControl/Content/Maps/Level_02.umap'
[2020.07.11-21.50.37:514][317]LogFileHelpers: Saving map 'Level_02' took 0.091
[2020.07.11-21.50.37:515][317]Cmd: MAP LOAD FILE="../../../../../../Users/juana/Documents/GitHub/hello/hello/pokemon-fan/pokemon-fan/outacontrolv1/OutOfControl/Content/Maps/Level_03.umap" TEMPLATE=0 SHOWPROGRESS=1 FEATURELEVEL=3
[2020.07.11-21.50.37:515][317]LightingResults: New page: Lighting Build
[2020.07.11-21.50.37:515][317]LoadErrors: New page: Loading map: Level_03.umap
[2020.07.11-21.50.37:515][317]LogSlate: Window 'Level_02' being destroyed
[2020.07.11-21.50.37:533][317]LogWorld: UWorld::CleanupWorld for World_2, bSessionEnded=true, bCleanupResources=true
[2020.07.11-21.50.37:534][317]LogSlate: InvalidateAllWidgets triggered.  All widgets were invalidated
[2020.07.11-21.50.37:575][317]LogWorld: UWorld::CleanupWorld for Level_02, bSessionEnded=true, bCleanupResources=true
[2020.07.11-21.50.37:575][317]LogSlate: InvalidateAllWidgets triggered.  All widgets were invalidated
[2020.07.11-21.50.37:575][317]MapCheck: New page: Map Check
[2020.07.11-21.50.37:575][317]LightingResults: New page: Lighting Build
[2020.07.11-21.50.37:590][317]LogAISub: UAISubsystem::~UAISubsystem AIPerceptionSystem (000001BC1349E5C0), frame # 2317
[2020.07.11-21.50.37:590][317]LogAISub: UAISubsystem::~UAISubsystem EnvQueryManager (000001BC00EFE800), frame # 2317
[2020.07.11-21.50.37:592][317]LogUObjectHash: Compacting FUObjectHashTables data took   1.61ms
[2020.07.11-21.50.37:738][317]LogEditorServer: Finished looking for orphan Actors (0.000 secs)
[2020.07.11-21.50.37:738][317]LogAIModule: Creating AISystem for world Level_03
[2020.07.11-21.50.37:738][317]LogAISub: UAISubsystem::UAISubsystem EnvQueryManager (000001BC8B7CB600), frame # 2317
[2020.07.11-21.50.37:738][317]LogAISub: UAISubsystem::UAISubsystem AIPerceptionSystem (000001BC0B745440), frame # 2317
[2020.07.11-21.50.37:755][317]LogUObjectHash: Compacting FUObjectHashTables data took   1.38ms
[2020.07.11-21.50.37:782][317]Cmd: MAP CHECKDEP NOCLEARLOG
[2020.07.11-21.50.37:782][317]MapCheck: Map check complete: 0 Error(s), 0 Warning(s), took 0,113ms to complete.
[2020.07.11-21.50.37:782][317]LogFileHelpers: Loading map 'Level_03' took 0.268
[2020.07.11-21.50.37:917][317]AssetCheck: New page: Asset Save: Level_02
[2020.07.11-21.50.37:917][317]LogContentValidation: Display: Validating World /Game/Maps/Level_02.Level_02
[2020.07.11-21.50.39:509][335]LogAssetEditorSubsystem: Opening Asset editor for LevelScriptBlueprint /Game/Maps/Level_03.Level_03:PersistentLevel.Level_03
[2020.07.11-21.51.23:371][641]BlueprintLog: New page: Compile Level_03
[2020.07.11-21.51.23:464][641]LogUObjectHash: Compacting FUObjectHashTables data took   1.78ms
[2020.07.11-21.51.26:030][677]LogAssetEditorSubsystem: Opening Asset editor for World /Game/Maps/Level_04.Level_04
[2020.07.11-21.51.26:061][677]LogUObjectHash: Compacting FUObjectHashTables data took   1.47ms
[2020.07.11-21.51.27:362][677]LogSlate: Window 'Save Content' being destroyed
[2020.07.11-21.51.27:456][677]LogUObjectHash: Compacting FUObjectHashTables data took   0.35ms
[2020.07.11-21.51.27:502][677]LogSavePackage: Moving '../../../../../../Users/juana/Documents/GitHub/hello/hello/pokemon-fan/pokemon-fan/outacontrolv1/OutOfControl/Saved/Level_033C01D17E49D652D0F2D7B9BDEA2938A4.tmp' to '../../../../../../Users/juana/Documents/GitHub/hello/hello/pokemon-fan/pokemon-fan/outacontrolv1/OutOfControl/Content/Maps/Level_03.umap'
[2020.07.11-21.51.27:533][677]LogFileHelpers: Saving map 'Level_03' took 0.095
[2020.07.11-21.51.27:533][677]Cmd: MAP LOAD FILE="../../../../../../Users/juana/Documents/GitHub/hello/hello/pokemon-fan/pokemon-fan/outacontrolv1/OutOfControl/Content/Maps/Level_04.umap" TEMPLATE=0 SHOWPROGRESS=1 FEATURELEVEL=3
[2020.07.11-21.51.27:533][677]LightingResults: New page: Lighting Build
[2020.07.11-21.51.27:533][677]LoadErrors: New page: Loading map: Level_04.umap
[2020.07.11-21.51.27:535][677]LogSlate: Window 'Level_03' being destroyed
[2020.07.11-21.51.27:551][677]LogWorld: UWorld::CleanupWorld for World_4, bSessionEnded=true, bCleanupResources=true
[2020.07.11-21.51.27:551][677]LogSlate: InvalidateAllWidgets triggered.  All widgets were invalidated
[2020.07.11-21.51.27:595][677]LogWorld: UWorld::CleanupWorld for Level_03, bSessionEnded=true, bCleanupResources=true
[2020.07.11-21.51.27:595][677]LogSlate: InvalidateAllWidgets triggered.  All widgets were invalidated
[2020.07.11-21.51.27:595][677]MapCheck: New page: Map Check
[2020.07.11-21.51.27:595][677]LightingResults: New page: Lighting Build
[2020.07.11-21.51.27:611][677]LogAISub: UAISubsystem::~UAISubsystem AIPerceptionSystem (000001BC0B745440), frame # 2677
[2020.07.11-21.51.27:611][677]LogAISub: UAISubsystem::~UAISubsystem EnvQueryManager (000001BC8B7CB600), frame # 2677
[2020.07.11-21.51.27:613][677]LogUObjectHash: Compacting FUObjectHashTables data took   1.53ms
[2020.07.11-21.51.27:629][677]LogUObjectHash: Compacting FUObjectHashTables data took   1.39ms
[2020.07.11-21.51.27:655][677]LogUObjectHash: Compacting FUObjectHashTables data took   1.66ms
[2020.07.11-21.51.27:732][677]LogEditorServer: Finished looking for orphan Actors (0.000 secs)
[2020.07.11-21.51.27:732][677]LogAIModule: Creating AISystem for world Level_04
[2020.07.11-21.51.27:732][677]LogAISub: UAISubsystem::UAISubsystem EnvQueryManager (000001BC105F3200), frame # 2677
[2020.07.11-21.51.27:732][677]LogAISub: UAISubsystem::UAISubsystem AIPerceptionSystem (000001BC05DF07C0), frame # 2677
[2020.07.11-21.51.27:748][677]LogUObjectHash: Compacting FUObjectHashTables data took   1.27ms
[2020.07.11-21.51.27:778][677]Cmd: MAP CHECKDEP NOCLEARLOG
[2020.07.11-21.51.27:778][677]MapCheck: Map check complete: 0 Error(s), 0 Warning(s), took 0,113ms to complete.
[2020.07.11-21.51.27:778][677]LogFileHelpers: Loading map 'Level_04' took 0.246
[2020.07.11-21.51.27:907][677]AssetCheck: New page: Asset Save: Level_03
[2020.07.11-21.51.27:907][677]LogContentValidation: Display: Validating World /Game/Maps/Level_03.Level_03
[2020.07.11-21.51.29:957][703]LogAssetEditorSubsystem: Opening Asset editor for LevelScriptBlueprint /Game/Maps/Level_04.Level_04:PersistentLevel.Level_04
[2020.07.11-21.51.35:807][769]BlueprintLog: New page: Compile Level_04
[2020.07.11-21.51.35:899][769]LogUObjectHash: Compacting FUObjectHashTables data took   1.52ms
[2020.07.11-21.51.39:152][816]LogAssetEditorSubsystem: Opening Asset editor for World /Game/Maps/Level_01.Level_01
[2020.07.11-21.51.39:184][816]LogUObjectHash: Compacting FUObjectHashTables data took   2.31ms
[2020.07.11-21.51.40:293][816]LogSlate: Window 'Save Content' being destroyed
[2020.07.11-21.51.40:415][816]LogUObjectHash: Compacting FUObjectHashTables data took   0.61ms
[2020.07.11-21.51.40:441][816]LogSavePackage: Moving '../../../../../../Users/juana/Documents/GitHub/hello/hello/pokemon-fan/pokemon-fan/outacontrolv1/OutOfControl/Saved/Level_04361240C04B4D3C848FA459A9E71B0FAA.tmp' to '../../../../../../Users/juana/Documents/GitHub/hello/hello/pokemon-fan/pokemon-fan/outacontrolv1/OutOfControl/Content/Maps/Level_04.umap'
[2020.07.11-21.51.40:473][816]LogFileHelpers: Saving map 'Level_04' took 0.088
[2020.07.11-21.51.40:473][816]Cmd: MAP LOAD FILE="../../../../../../Users/juana/Documents/GitHub/hello/hello/pokemon-fan/pokemon-fan/outacontrolv1/OutOfControl/Content/Maps/Level_01.umap" TEMPLATE=0 SHOWPROGRESS=1 FEATURELEVEL=3
[2020.07.11-21.51.40:473][816]LightingResults: New page: Lighting Build
[2020.07.11-21.51.40:473][816]LoadErrors: New page: Loading map: Level_01.umap
[2020.07.11-21.51.40:474][816]LogSlate: Window 'Level_04' being destroyed
[2020.07.11-21.51.40:492][816]LogWorld: UWorld::CleanupWorld for World_5, bSessionEnded=true, bCleanupResources=true
[2020.07.11-21.51.40:492][816]LogSlate: InvalidateAllWidgets triggered.  All widgets were invalidated
[2020.07.11-21.51.40:531][816]LogWorld: UWorld::CleanupWorld for Level_04, bSessionEnded=true, bCleanupResources=true
[2020.07.11-21.51.40:531][816]LogSlate: InvalidateAllWidgets triggered.  All widgets were invalidated
[2020.07.11-21.51.40:531][816]MapCheck: New page: Map Check
[2020.07.11-21.51.40:531][816]LightingResults: New page: Lighting Build
[2020.07.11-21.51.40:547][816]LogAISub: UAISubsystem::~UAISubsystem AIPerceptionSystem (000001BC05DF07C0), frame # 2816
[2020.07.11-21.51.40:547][816]LogAISub: UAISubsystem::~UAISubsystem EnvQueryManager (000001BC105F3200), frame # 2816
[2020.07.11-21.51.40:548][816]LogUObjectHash: Compacting FUObjectHashTables data took   1.58ms
[2020.07.11-21.51.40:566][816]LogUObjectHash: Compacting FUObjectHashTables data took   1.84ms
[2020.07.11-21.51.40:600][816]LogUObjectHash: Compacting FUObjectHashTables data took   2.27ms
[2020.07.11-21.51.40:679][816]LogEditorServer: Finished looking for orphan Actors (0.000 secs)
[2020.07.11-21.51.40:679][816]LogAIModule: Creating AISystem for world Level_01
[2020.07.11-21.51.40:679][816]LogAISub: UAISubsystem::UAISubsystem EnvQueryManager (000001BC8CC5B600), frame # 2816
[2020.07.11-21.51.40:680][816]LogAISub: UAISubsystem::UAISubsystem AIPerceptionSystem (000001BC0B6E39C0), frame # 2816
[2020.07.11-21.51.40:696][816]LogUObjectHash: Compacting FUObjectHashTables data took   1.42ms
[2020.07.11-21.51.40:725][816]Cmd: MAP CHECKDEP NOCLEARLOG
[2020.07.11-21.51.40:725][816]MapCheck: Map check complete: 0 Error(s), 0 Warning(s), took 0,111ms to complete.
[2020.07.11-21.51.40:725][816]LogFileHelpers: Loading map 'Level_01' took 0.252
[2020.07.11-21.51.40:863][816]AssetCheck: New page: Asset Save: Level_04
[2020.07.11-21.51.40:863][816]LogContentValidation: Display: Validating World /Game/Maps/Level_04.Level_04
[2020.07.11-21.51.46:374][877]LogUObjectHash: Compacting FUObjectHashTables data took   1.57ms
[2020.07.11-21.51.47:535][892]LogUObjectHash: Compacting FUObjectHashTables data took   0.87ms
[2020.07.11-21.51.47:557][892]LogSavePackage: Moving '../../../../../../Users/juana/Documents/GitHub/hello/hello/pokemon-fan/pokemon-fan/outacontrolv1/OutOfControl/Saved/Level_01188B384643905F4C4DAA18BD1D4E57A4.tmp' to '../../../../../../Users/juana/Documents/GitHub/hello/hello/pokemon-fan/pokemon-fan/outacontrolv1/OutOfControl/Content/Maps/Level_01.umap'
[2020.07.11-21.51.47:692][892]AssetCheck: New page: Asset Save: Level_01
[2020.07.11-21.51.47:692][892]LogContentValidation: Display: Validating World /Game/Maps/Level_01.Level_01
[2020.07.11-21.52.05:939][964]LogUObjectHash: Compacting FUObjectHashTables data took   0.38ms
[2020.07.11-21.52.07:018][977]LogUObjectHash: Compacting FUObjectHashTables data took   0.57ms
[2020.07.11-21.52.07:039][977]LogSavePackage: Moving '../../../../../../Users/juana/Documents/GitHub/hello/hello/pokemon-fan/pokemon-fan/outacontrolv1/OutOfControl/Saved/Level_011C48B75148B457CE2A9BCAB2592150D8.tmp' to '../../../../../../Users/juana/Documents/GitHub/hello/hello/pokemon-fan/pokemon-fan/outacontrolv1/OutOfControl/Content/Maps/Level_01.umap'
[2020.07.11-21.52.07:169][977]AssetCheck: New page: Asset Save: Level_01
[2020.07.11-21.52.07:169][977]LogContentValidation: Display: Validating World /Game/Maps/Level_01.Level_01
